info: ::1 - - [15/Dec/2023:04:40:56 +0000] "POST /api/v1/users/ HTTP/1.1" 201 45 "-" "PostmanRuntime/7.36.0"

info: ::1 - - [15/Dec/2023:04:41:33 +0000] "POST /api/v1/users/ HTTP/1.1" 201 284 "-" "PostmanRuntime/7.36.0"

info: ::1 - - [15/Dec/2023:04:46:56 +0000] "POST /api/v1/users/login HTTP/1.1" 200 48 "-" "PostmanRuntime/7.36.0"

info: ::1 - - [15/Dec/2023:04:48:24 +0000] "POST /api/v1/users/login HTTP/1.1" 200 48 "-" "PostmanRuntime/7.36.0"

info: ::1 - - [15/Dec/2023:04:49:49 +0000] "POST /api/v1/users/login HTTP/1.1" 201 277 "-" "PostmanRuntime/7.36.0"

info: ::1 - - [15/Dec/2023:04:50:04 +0000] "POST /api/v1/users/login HTTP/1.1" 406 49 "-" "PostmanRuntime/7.36.0"

info: ::1 - - [15/Dec/2023:04:55:06 +0000] "POST /api/v1/users/ HTTP/1.1" 201 283 "-" "PostmanRuntime/7.36.0"

info: ::1 - - [15/Dec/2023:04:55:09 +0000] "POST /api/v1/users/ HTTP/1.1" 201 45 "-" "PostmanRuntime/7.36.0"

info: ::1 - - [15/Dec/2023:04:55:31 +0000] "POST /api/v1/users/ HTTP/1.1" 201 285 "-" "PostmanRuntime/7.36.0"

info: ::1 - - [15/Dec/2023:04:55:34 +0000] "POST /api/v1/users/ HTTP/1.1" 201 45 "-" "PostmanRuntime/7.36.0"

info: ::1 - - [15/Dec/2023:04:55:42 +0000] "POST /api/v1/users/ HTTP/1.1" 201 285 "-" "PostmanRuntime/7.36.0"

info: ::1 - - [15/Dec/2023:04:55:50 +0000] "POST /api/v1/users/login HTTP/1.1" 201 280 "-" "PostmanRuntime/7.36.0"

info: ::1 - - [15/Dec/2023:04:56:02 +0000] "POST /api/v1/users/login HTTP/1.1" 406 67 "-" "PostmanRuntime/7.36.0"

info: ::1 - - [15/Dec/2023:04:56:16 +0000] "POST /api/v1/users/login HTTP/1.1" 406 67 "-" "PostmanRuntime/7.36.0"

info: ::1 - - [15/Dec/2023:04:58:48 +0000] "POST /api/v1/users/login HTTP/1.1" 406 46 "-" "PostmanRuntime/7.36.0"

info: ::1 - - [15/Dec/2023:04:58:56 +0000] "POST /api/v1/users/ HTTP/1.1" 201 286 "-" "PostmanRuntime/7.36.0"

info: ::1 - - [15/Dec/2023:04:58:58 +0000] "POST /api/v1/users/ HTTP/1.1" 201 45 "-" "PostmanRuntime/7.36.0"

info: ::1 - - [15/Dec/2023:04:59:04 +0000] "POST /api/v1/users/login HTTP/1.1" 201 283 "-" "PostmanRuntime/7.36.0"

info: ::1 - - [15/Dec/2023:04:59:13 +0000] "POST /api/v1/users/login HTTP/1.1" 201 283 "-" "PostmanRuntime/7.36.0"

info: ::1 - - [15/Dec/2023:04:59:27 +0000] "POST /api/v1/users/login HTTP/1.1" 201 283 "-" "PostmanRuntime/7.36.0"

info: ::1 - - [15/Dec/2023:04:59:39 +0000] "POST /api/v1/users/login HTTP/1.1" 201 58 "-" "PostmanRuntime/7.36.0"

info: ::1 - - [15/Dec/2023:05:00:16 +0000] "POST /api/v1/users/login HTTP/1.1" 406 46 "-" "PostmanRuntime/7.36.0"

info: ::1 - - [15/Dec/2023:05:00:26 +0000] "POST /api/v1/users/ HTTP/1.1" 201 285 "-" "PostmanRuntime/7.36.0"

info: ::1 - - [15/Dec/2023:05:00:31 +0000] "POST /api/v1/users/ HTTP/1.1" 201 45 "-" "PostmanRuntime/7.36.0"

info: ::1 - - [15/Dec/2023:05:00:41 +0000] "POST /api/v1/users/login HTTP/1.1" 201 282 "-" "PostmanRuntime/7.36.0"

info: ::1 - - [15/Dec/2023:05:00:49 +0000] "POST /api/v1/users/login HTTP/1.1" 406 67 "-" "PostmanRuntime/7.36.0"

info: ::1 - - [15/Dec/2023:05:01:01 +0000] "POST /api/v1/users/login HTTP/1.1" 201 282 "-" "PostmanRuntime/7.36.0"

info: ::1 - - [15/Dec/2023:05:02:14 +0000] "POST /api/v1/users/login HTTP/1.1" 406 46 "-" "PostmanRuntime/7.36.0"

info: ::1 - - [15/Dec/2023:05:02:22 +0000] "POST /api/v1/users/ HTTP/1.1" 201 285 "-" "PostmanRuntime/7.36.0"

info: ::1 - - [15/Dec/2023:05:02:25 +0000] "POST /api/v1/users/ HTTP/1.1" 201 45 "-" "PostmanRuntime/7.36.0"

info: ::1 - - [15/Dec/2023:05:02:32 +0000] "POST /api/v1/users/login HTTP/1.1" 201 282 "-" "PostmanRuntime/7.36.0"

info: ::1 - - [15/Dec/2023:05:02:36 +0000] "POST /api/v1/users/login HTTP/1.1" 406 67 "-" "PostmanRuntime/7.36.0"

info: ::1 - - [15/Dec/2023:05:02:46 +0000] "POST /api/v1/users/login HTTP/1.1" 201 282 "-" "PostmanRuntime/7.36.0"

info: ::1 - - [15/Dec/2023:05:02:59 +0000] "POST /api/v1/users/login HTTP/1.1" 201 282 "-" "PostmanRuntime/7.36.0"

info: ::1 - - [15/Dec/2023:05:04:21 +0000] "POST /api/v1/users/login HTTP/1.1" 201 46 "-" "PostmanRuntime/7.36.0"

info: ::1 - - [15/Dec/2023:05:04:27 +0000] "POST /api/v1/users/ HTTP/1.1" 201 285 "-" "PostmanRuntime/7.36.0"

info: ::1 - - [15/Dec/2023:05:04:28 +0000] "POST /api/v1/users/ HTTP/1.1" 201 45 "-" "PostmanRuntime/7.36.0"

info: ::1 - - [15/Dec/2023:05:04:35 +0000] "POST /api/v1/users/login HTTP/1.1" 201 282 "-" "PostmanRuntime/7.36.0"

info: ::1 - - [15/Dec/2023:05:04:42 +0000] "POST /api/v1/users/login HTTP/1.1" 201 282 "-" "PostmanRuntime/7.36.0"

info: ::1 - - [15/Dec/2023:05:04:47 +0000] "POST /api/v1/users/login HTTP/1.1" 406 67 "-" "PostmanRuntime/7.36.0"

info: ::1 - - [15/Dec/2023:05:05:02 +0000] "POST /api/v1/users/login HTTP/1.1" 406 67 "-" "PostmanRuntime/7.36.0"

info: ::1 - - [15/Dec/2023:05:05:57 +0000] "POST /api/v1/users/login HTTP/1.1" 201 46 "-" "PostmanRuntime/7.36.0"

info: ::1 - - [15/Dec/2023:05:06:02 +0000] "POST /api/v1/users/ HTTP/1.1" 201 286 "-" "PostmanRuntime/7.36.0"

info: ::1 - - [15/Dec/2023:05:06:03 +0000] "POST /api/v1/users/ HTTP/1.1" 201 45 "-" "PostmanRuntime/7.36.0"

info: ::1 - - [15/Dec/2023:05:06:09 +0000] "POST /api/v1/users/login HTTP/1.1" 201 283 "-" "PostmanRuntime/7.36.0"

info: ::1 - - [15/Dec/2023:05:06:15 +0000] "POST /api/v1/users/login HTTP/1.1" 201 283 "-" "PostmanRuntime/7.36.0"

info: ::1 - - [15/Dec/2023:05:06:28 +0000] "POST /api/v1/users/login HTTP/1.1" 406 67 "-" "PostmanRuntime/7.36.0"

info: ::1 - - [15/Dec/2023:05:07:37 +0000] "POST /api/v1/users/login HTTP/1.1" 201 46 "-" "PostmanRuntime/7.36.0"

info: ::1 - - [15/Dec/2023:05:07:41 +0000] "POST /api/v1/users/ HTTP/1.1" 201 284 "-" "PostmanRuntime/7.36.0"

info: ::1 - - [15/Dec/2023:05:07:46 +0000] "POST /api/v1/users/ HTTP/1.1" 201 45 "-" "PostmanRuntime/7.36.0"

info: ::1 - - [15/Dec/2023:05:07:51 +0000] "POST /api/v1/users/login HTTP/1.1" 201 281 "-" "PostmanRuntime/7.36.0"

info: ::1 - - [15/Dec/2023:05:08:07 +0000] "POST /api/v1/users/login HTTP/1.1" 201 281 "-" "PostmanRuntime/7.36.0"

info: ::1 - - [15/Dec/2023:05:08:13 +0000] "POST /api/v1/users/login HTTP/1.1" 201 46 "-" "PostmanRuntime/7.36.0"

info: ::1 - - [15/Dec/2023:05:09:38 +0000] "POST /api/v1/users/login HTTP/1.1" 406 46 "-" "PostmanRuntime/7.36.0"

info: ::1 - - [15/Dec/2023:05:09:43 +0000] "POST /api/v1/users/ HTTP/1.1" 201 282 "-" "PostmanRuntime/7.36.0"

info: ::1 - - [15/Dec/2023:05:09:47 +0000] "POST /api/v1/users/ HTTP/1.1" 201 45 "-" "PostmanRuntime/7.36.0"

info: ::1 - - [15/Dec/2023:05:09:53 +0000] "POST /api/v1/users/login HTTP/1.1" 201 279 "-" "PostmanRuntime/7.36.0"

info: ::1 - - [15/Dec/2023:05:10:04 +0000] "POST /api/v1/users/login HTTP/1.1" 201 279 "-" "PostmanRuntime/7.36.0"

info: ::1 - - [15/Dec/2023:05:10:10 +0000] "POST /api/v1/users/login HTTP/1.1" 406 46 "-" "PostmanRuntime/7.36.0"

info: ::1 - - [15/Dec/2023:05:11:59 +0000] "POST /api/v1/users/ HTTP/1.1" 201 286 "-" "PostmanRuntime/7.36.0"

info: ::1 - - [15/Dec/2023:05:12:06 +0000] "POST /api/v1/users/ HTTP/1.1" 201 45 "-" "PostmanRuntime/7.36.0"

info: ::1 - - [15/Dec/2023:05:12:13 +0000] "POST /api/v1/users/login HTTP/1.1" 406 67 "-" "PostmanRuntime/7.36.0"

info: ::1 - - [15/Dec/2023:05:13:23 +0000] "POST /api/v1/users/login HTTP/1.1" 201 283 "-" "PostmanRuntime/7.36.0"

info: ::1 - - [15/Dec/2023:05:13:29 +0000] "POST /api/v1/users/login HTTP/1.1" 406 46 "-" "PostmanRuntime/7.36.0"

info: ::1 - - [15/Dec/2023:05:14:05 +0000] "POST /api/v1/users/login HTTP/1.1" 406 46 "-" "PostmanRuntime/7.36.0"

info: ::1 - - [15/Dec/2023:05:14:10 +0000] "POST /api/v1/users/ HTTP/1.1" 201 286 "-" "PostmanRuntime/7.36.0"

info: ::1 - - [15/Dec/2023:05:14:12 +0000] "POST /api/v1/users/ HTTP/1.1" 201 45 "-" "PostmanRuntime/7.36.0"

info: ::1 - - [15/Dec/2023:05:14:19 +0000] "POST /api/v1/users/login HTTP/1.1" 201 283 "-" "PostmanRuntime/7.36.0"

info: ::1 - - [15/Dec/2023:05:14:24 +0000] "POST /api/v1/users/login HTTP/1.1" 406 67 "-" "PostmanRuntime/7.36.0"

info: ::1 - - [15/Dec/2023:05:14:30 +0000] "POST /api/v1/users/login HTTP/1.1" 201 283 "-" "PostmanRuntime/7.36.0"

info: ::1 - - [15/Dec/2023:05:14:36 +0000] "POST /api/v1/users/login HTTP/1.1" 201 283 "-" "PostmanRuntime/7.36.0"

info: ::1 - - [15/Dec/2023:05:14:42 +0000] "POST /api/v1/users/login HTTP/1.1" 201 283 "-" "PostmanRuntime/7.36.0"

info: ::1 - - [15/Dec/2023:05:16:45 +0000] "POST /api/v1/users/login HTTP/1.1" 406 46 "-" "PostmanRuntime/7.36.0"

info: ::1 - - [15/Dec/2023:05:16:49 +0000] "POST /api/v1/users/ HTTP/1.1" 201 286 "-" "PostmanRuntime/7.36.0"

info: ::1 - - [15/Dec/2023:05:16:52 +0000] "POST /api/v1/users/ HTTP/1.1" 201 45 "-" "PostmanRuntime/7.36.0"

info: ::1 - - [15/Dec/2023:05:16:56 +0000] "POST /api/v1/users/login HTTP/1.1" 201 283 "-" "PostmanRuntime/7.36.0"

info: ::1 - - [15/Dec/2023:05:17:04 +0000] "POST /api/v1/users/login HTTP/1.1" 406 46 "-" "PostmanRuntime/7.36.0"

info: ::1 - - [15/Dec/2023:05:17:13 +0000] "POST /api/v1/users/login HTTP/1.1" 406 67 "-" "PostmanRuntime/7.36.0"

info: ::1 - - [15/Dec/2023:05:17:21 +0000] "POST /api/v1/users/login HTTP/1.1" 201 283 "-" "PostmanRuntime/7.36.0"

info: ::1 - - [15/Dec/2023:05:29:42 +0000] "POST /api/v1/users/login HTTP/1.1" 406 46 "-" "PostmanRuntime/7.36.0"

info: ::1 - - [15/Dec/2023:05:29:47 +0000] "POST /api/v1/users/ HTTP/1.1" 201 286 "-" "PostmanRuntime/7.36.0"

info: ::1 - - [15/Dec/2023:05:29:49 +0000] "POST /api/v1/users/ HTTP/1.1" 201 45 "-" "PostmanRuntime/7.36.0"

info: ::1 - - [15/Dec/2023:05:29:55 +0000] "POST /api/v1/users/login HTTP/1.1" 201 283 "-" "PostmanRuntime/7.36.0"

info: ::1 - - [15/Dec/2023:05:29:57 +0000] "POST /api/v1/users/login HTTP/1.1" 201 283 "-" "PostmanRuntime/7.36.0"

info: ::1 - - [15/Dec/2023:05:30:02 +0000] "POST /api/v1/users/login HTTP/1.1" 406 46 "-" "PostmanRuntime/7.36.0"

info: ::1 - - [15/Dec/2023:05:30:09 +0000] "POST /api/v1/users/login HTTP/1.1" 406 67 "-" "PostmanRuntime/7.36.0"

info: ::1 - - [15/Dec/2023:05:30:17 +0000] "POST /api/v1/users/login HTTP/1.1" 201 283 "-" "PostmanRuntime/7.36.0"

info: ::1 - - [15/Dec/2023:05:37:57 +0000] "POST /api/v1/users/login HTTP/1.1" 406 46 "-" "PostmanRuntime/7.36.0"

info: ::1 - - [15/Dec/2023:05:38:02 +0000] "POST /api/v1/users/ HTTP/1.1" 500 54 "-" "PostmanRuntime/7.36.0"

info: ::1 - - [15/Dec/2023:05:38:46 +0000] "POST /api/v1/users/ HTTP/1.1" 201 286 "-" "PostmanRuntime/7.36.0"

info: ::1 - - [15/Dec/2023:05:38:51 +0000] "POST /api/v1/users/ HTTP/1.1" 201 286 "-" "PostmanRuntime/7.36.0"

info: ::1 - - [15/Dec/2023:05:39:57 +0000] "POST /api/v1/users/ HTTP/1.1" 201 45 "-" "PostmanRuntime/7.36.0"

info: ::1 - - [15/Dec/2023:05:40:26 +0000] "POST /api/v1/users/ HTTP/1.1" 201 286 "-" "PostmanRuntime/7.36.0"

info: ::1 - - [15/Dec/2023:05:40:27 +0000] "POST /api/v1/users/ HTTP/1.1" 201 45 "-" "PostmanRuntime/7.36.0"

info: ::1 - - [15/Dec/2023:05:40:31 +0000] "POST /api/v1/users/ HTTP/1.1" 201 45 "-" "PostmanRuntime/7.36.0"

info: ::1 - - [15/Dec/2023:05:40:41 +0000] "POST /api/v1/users/ HTTP/1.1" 201 285 "-" "PostmanRuntime/7.36.0"

info: ::1 - - [15/Dec/2023:05:40:45 +0000] "POST /api/v1/users/ HTTP/1.1" 201 45 "-" "PostmanRuntime/7.36.0"

info: ::1 - - [15/Dec/2023:05:44:41 +0000] "POST /api/v1/users/ HTTP/1.1" 201 285 "-" "PostmanRuntime/7.36.0"

info: ::1 - - [15/Dec/2023:05:44:49 +0000] "POST /api/v1/users/ HTTP/1.1" 201 45 "-" "PostmanRuntime/7.36.0"

info: ::1 - - [15/Dec/2023:05:44:55 +0000] "POST /api/v1/users/ HTTP/1.1" 201 286 "-" "PostmanRuntime/7.36.0"

info: ::1 - - [15/Dec/2023:05:44:57 +0000] "POST /api/v1/users/ HTTP/1.1" 201 45 "-" "PostmanRuntime/7.36.0"

info: ::1 - - [15/Dec/2023:05:45:18 +0000] "POST /api/v1/users/login HTTP/1.1" 406 46 "-" "PostmanRuntime/7.36.0"

info: ::1 - - [15/Dec/2023:05:45:36 +0000] "POST /api/v1/users/login HTTP/1.1" 201 283 "-" "PostmanRuntime/7.36.0"

info: ::1 - - [15/Dec/2023:05:45:43 +0000] "POST /api/v1/users/login HTTP/1.1" 201 282 "-" "PostmanRuntime/7.36.0"

info: ::1 - - [15/Dec/2023:05:45:49 +0000] "POST /api/v1/users/login HTTP/1.1" 406 67 "-" "PostmanRuntime/7.36.0"

info: ::1 - - [15/Dec/2023:05:45:58 +0000] "POST /api/v1/users/login HTTP/1.1" 406 46 "-" "PostmanRuntime/7.36.0"

info: ::1 - - [15/Dec/2023:05:46:04 +0000] "POST /api/v1/users/login HTTP/1.1" 201 283 "-" "PostmanRuntime/7.36.0"

info: ::1 - - [15/Dec/2023:05:59:56 +0000] "POST /api/v1/users/ HTTP/1.1" 201 286 "-" "PostmanRuntime/7.36.0"

info: ::1 - - [15/Dec/2023:05:59:59 +0000] "POST /api/v1/users/ HTTP/1.1" 201 61 "-" "PostmanRuntime/7.36.0"

info: ::1 - - [15/Dec/2023:06:00:06 +0000] "POST /api/v1/users/ HTTP/1.1" 201 287 "-" "PostmanRuntime/7.36.0"

info: ::1 - - [15/Dec/2023:06:00:08 +0000] "POST /api/v1/users/ HTTP/1.1" 201 61 "-" "PostmanRuntime/7.36.0"

info: ::1 - - [15/Dec/2023:06:00:13 +0000] "POST /api/v1/users/ HTTP/1.1" 201 61 "-" "PostmanRuntime/7.36.0"

info: ::1 - - [15/Dec/2023:06:00:15 +0000] "POST /api/v1/users/ HTTP/1.1" 201 61 "-" "PostmanRuntime/7.36.0"

info: ::1 - - [15/Dec/2023:06:01:25 +0000] "POST /api/v1/users/login HTTP/1.1" 201 283 "-" "PostmanRuntime/7.36.0"

info: ::1 - - [15/Dec/2023:06:01:31 +0000] "POST /api/v1/users/login HTTP/1.1" 406 67 "-" "PostmanRuntime/7.36.0"

info: ::1 - - [15/Dec/2023:06:01:40 +0000] "POST /api/v1/users/login HTTP/1.1" 201 284 "-" "PostmanRuntime/7.36.0"

info: ::1 - - [15/Dec/2023:06:01:59 +0000] "POST /api/v1/users/login HTTP/1.1" 406 46 "-" "PostmanRuntime/7.36.0"

info: ::1 - - [15/Dec/2023:06:02:05 +0000] "POST /api/v1/users/login HTTP/1.1" 201 284 "-" "PostmanRuntime/7.36.0"

info: ::1 - - [15/Dec/2023:06:02:09 +0000] "POST /api/v1/users/login HTTP/1.1" 406 67 "-" "PostmanRuntime/7.36.0"

info: ::1 - - [15/Dec/2023:06:02:15 +0000] "POST /api/v1/users/login HTTP/1.1" 201 284 "-" "PostmanRuntime/7.36.0"

info: ::1 - - [15/Dec/2023:06:02:22 +0000] "POST /api/v1/users/login HTTP/1.1" 201 284 "-" "PostmanRuntime/7.36.0"

info: ::1 - - [15/Dec/2023:06:02:29 +0000] "POST /api/v1/users/login HTTP/1.1" 201 284 "-" "PostmanRuntime/7.36.0"

info: ::1 - - [15/Dec/2023:06:33:18 +0000] "POST /api/v1/users/login HTTP/1.1" 406 46 "-" "PostmanRuntime/7.36.0"

info: ::1 - - [15/Dec/2023:06:33:26 +0000] "POST /api/v1/users/ HTTP/1.1" 201 287 "-" "PostmanRuntime/7.36.0"

info: ::1 - - [15/Dec/2023:06:33:39 +0000] "POST /api/v1/users/ HTTP/1.1" 201 61 "-" "PostmanRuntime/7.36.0"

info: ::1 - - [15/Dec/2023:06:34:13 +0000] "POST /api/v1/users/ HTTP/1.1" 201 287 "-" "PostmanRuntime/7.36.0"

info: ::1 - - [15/Dec/2023:06:34:15 +0000] "POST /api/v1/users/ HTTP/1.1" 201 45 "-" "PostmanRuntime/7.36.0"

info: ::1 - - [15/Dec/2023:06:35:15 +0000] "POST /api/v1/users/ HTTP/1.1" 201 286 "-" "PostmanRuntime/7.36.0"

info: ::1 - - [15/Dec/2023:06:35:20 +0000] "POST /api/v1/users/ HTTP/1.1" 201 45 "-" "PostmanRuntime/7.36.0"

info: ::1 - - [15/Dec/2023:06:35:24 +0000] "POST /api/v1/users/ HTTP/1.1" 201 45 "-" "PostmanRuntime/7.36.0"

info: ::1 - - [15/Dec/2023:06:35:32 +0000] "POST /api/v1/users/ HTTP/1.1" 201 288 "-" "PostmanRuntime/7.36.0"

info: ::1 - - [15/Dec/2023:06:35:37 +0000] "POST /api/v1/users/ HTTP/1.1" 201 45 "-" "PostmanRuntime/7.36.0"

info: ::1 - - [15/Dec/2023:06:35:42 +0000] "POST /api/v1/users/ HTTP/1.1" 201 45 "-" "PostmanRuntime/7.36.0"

info: ::1 - - [15/Dec/2023:06:35:47 +0000] "POST /api/v1/users/ HTTP/1.1" 201 45 "-" "PostmanRuntime/7.36.0"

info: ::1 - - [15/Dec/2023:06:35:52 +0000] "POST /api/v1/users/login HTTP/1.1" 201 284 "-" "PostmanRuntime/7.36.0"

info: ::1 - - [15/Dec/2023:06:37:26 +0000] "POST /api/v1/users/login HTTP/1.1" 406 72 "-" "PostmanRuntime/7.36.0"

info: ::1 - - [15/Dec/2023:06:37:33 +0000] "POST /api/v1/users/ HTTP/1.1" 201 290 "-" "PostmanRuntime/7.36.0"

info: ::1 - - [15/Dec/2023:06:37:41 +0000] "POST /api/v1/users/ HTTP/1.1" 201 45 "-" "PostmanRuntime/7.36.0"

info: ::1 - - [15/Dec/2023:06:37:49 +0000] "POST /api/v1/users/ HTTP/1.1" 201 289 "-" "PostmanRuntime/7.36.0"

info: ::1 - - [15/Dec/2023:06:37:52 +0000] "POST /api/v1/users/ HTTP/1.1" 201 45 "-" "PostmanRuntime/7.36.0"

info: ::1 - - [15/Dec/2023:06:38:01 +0000] "POST /api/v1/users/login HTTP/1.1" 201 284 "-" "PostmanRuntime/7.36.0"

info: ::1 - - [15/Dec/2023:06:38:15 +0000] "POST /api/v1/users/login HTTP/1.1" 406 72 "-" "PostmanRuntime/7.36.0"

info: ::1 - - [15/Dec/2023:06:38:22 +0000] "POST /api/v1/users/login HTTP/1.1" 201 284 "-" "PostmanRuntime/7.36.0"

info: ::1 - - [15/Dec/2023:06:39:36 +0000] "POST /api/v1/users/login HTTP/1.1" 406 71 "-" "PostmanRuntime/7.36.0"

info: ::1 - - [15/Dec/2023:06:39:41 +0000] "POST /api/v1/users/login HTTP/1.1" 201 284 "-" "PostmanRuntime/7.36.0"

info: ::1 - - [15/Dec/2023:08:34:31 +0000] "POST /api/v1/users/ HTTP/1.1" 500 56 "-" "PostmanRuntime/7.36.0"

info: ::1 - - [15/Dec/2023:08:35:58 +0000] "POST /api/v1/users/ HTTP/1.1" 500 112 "-" "PostmanRuntime/7.36.0"

info: ::1 - - [15/Dec/2023:08:37:44 +0000] "POST /api/v1/users/ HTTP/1.1" 201 342 "-" "PostmanRuntime/7.36.0"

info: ::1 - - [15/Dec/2023:08:37:48 +0000] "POST /api/v1/users/ HTTP/1.1" 201 342 "-" "PostmanRuntime/7.36.0"

info: ::1 - - [15/Dec/2023:08:38:22 +0000] "POST /api/v1/users/ HTTP/1.1" 201 45 "-" "PostmanRuntime/7.36.0"

info: ::1 - - [15/Dec/2023:08:38:35 +0000] "POST /api/v1/users/ HTTP/1.1" 201 45 "-" "PostmanRuntime/7.36.0"

info: ::1 - - [15/Dec/2023:08:40:57 +0000] "POST /api/v1/users/ HTTP/1.1" 201 342 "-" "PostmanRuntime/7.36.0"

info: ::1 - - [15/Dec/2023:08:41:00 +0000] "POST /api/v1/users/ HTTP/1.1" 201 342 "-" "PostmanRuntime/7.36.0"

info: ::1 - - [15/Dec/2023:08:43:01 +0000] "POST /api/v1/users/ HTTP/1.1" 201 342 "-" "PostmanRuntime/7.36.0"

info: ::1 - - [15/Dec/2023:08:47:18 +0000] "POST /api/v1/users/ HTTP/1.1" 201 342 "-" "PostmanRuntime/7.36.0"

info: ::1 - - [15/Dec/2023:08:47:21 +0000] "POST /api/v1/users/ HTTP/1.1" 201 342 "-" "PostmanRuntime/7.36.0"

info: ::1 - - [15/Dec/2023:08:50:58 +0000] "POST /api/v1/users/ HTTP/1.1" 201 332 "-" "PostmanRuntime/7.36.0"

info: ::1 - - [15/Dec/2023:08:51:00 +0000] "POST /api/v1/users/ HTTP/1.1" 201 332 "-" "PostmanRuntime/7.36.0"

info: ::1 - - [15/Dec/2023:08:51:02 +0000] "POST /api/v1/users/ HTTP/1.1" 201 332 "-" "PostmanRuntime/7.36.0"

info: ::1 - - [15/Dec/2023:08:55:22 +0000] "POST /api/v1/users/ HTTP/1.1" 201 332 "-" "PostmanRuntime/7.36.0"

info: ::1 - - [15/Dec/2023:08:55:24 +0000] "POST /api/v1/users/ HTTP/1.1" 201 332 "-" "PostmanRuntime/7.36.0"

info: ::1 - - [15/Dec/2023:08:56:48 +0000] "POST /api/v1/users/ HTTP/1.1" 201 332 "-" "PostmanRuntime/7.36.0"

info: ::1 - - [15/Dec/2023:08:56:49 +0000] "POST /api/v1/users/ HTTP/1.1" 201 332 "-" "PostmanRuntime/7.36.0"

info: ::1 - - [15/Dec/2023:08:56:50 +0000] "POST /api/v1/users/ HTTP/1.1" 201 332 "-" "PostmanRuntime/7.36.0"

info: ::1 - - [15/Dec/2023:08:59:17 +0000] "POST /api/v1/users/ HTTP/1.1" 201 344 "-" "PostmanRuntime/7.36.0"

info: ::1 - - [15/Dec/2023:08:59:25 +0000] "POST /api/v1/users/ HTTP/1.1" 201 344 "-" "PostmanRuntime/7.36.0"

info: ::1 - - [15/Dec/2023:09:00:05 +0000] "POST /api/v1/users/ HTTP/1.1" 201 344 "-" "PostmanRuntime/7.36.0"

info: ::1 - - [15/Dec/2023:09:00:06 +0000] "POST /api/v1/users/ HTTP/1.1" 201 344 "-" "PostmanRuntime/7.36.0"

info: ::1 - - [15/Dec/2023:09:02:30 +0000] "POST /api/v1/users/ HTTP/1.1" 201 344 "-" "PostmanRuntime/7.36.0"

info: ::1 - - [15/Dec/2023:09:02:32 +0000] "POST /api/v1/users/ HTTP/1.1" 400 57 "-" "PostmanRuntime/7.36.0"

info: ::1 - - [15/Dec/2023:09:02:34 +0000] "POST /api/v1/users/ HTTP/1.1" 400 57 "-" "PostmanRuntime/7.36.0"

info: ::1 - - [15/Dec/2023:09:02:36 +0000] "POST /api/v1/users/ HTTP/1.1" 400 57 "-" "PostmanRuntime/7.36.0"

info: ::1 - - [15/Dec/2023:09:03:14 +0000] "POST /api/v1/users/ HTTP/1.1" 400 57 "-" "PostmanRuntime/7.36.0"

info: ::1 - - [15/Dec/2023:09:03:24 +0000] "POST /api/v1/users/ HTTP/1.1" 201 344 "-" "PostmanRuntime/7.36.0"

info: ::1 - - [15/Dec/2023:09:03:26 +0000] "POST /api/v1/users/ HTTP/1.1" 400 57 "-" "PostmanRuntime/7.36.0"

info: ::1 - - [15/Dec/2023:09:03:35 +0000] "POST /api/v1/users/login HTTP/1.1" 406 71 "-" "PostmanRuntime/7.36.0"

info: ::1 - - [15/Dec/2023:09:10:47 +0000] "POST /api/v1/users/ HTTP/1.1" 201 344 "-" "PostmanRuntime/7.36.0"

info: ::1 - - [15/Dec/2023:09:10:51 +0000] "POST /api/v1/users HTTP/1.1" 400 57 "-" "PostmanRuntime/7.36.0"

info: ::1 - - [15/Dec/2023:09:11:01 +0000] "POST /api/v1/users HTTP/1.1" 201 343 "-" "PostmanRuntime/7.36.0"

info: ::1 - - [15/Dec/2023:09:11:03 +0000] "POST /api/v1/users HTTP/1.1" 400 57 "-" "PostmanRuntime/7.36.0"

info: ::1 - - [15/Dec/2023:09:11:11 +0000] "POST /api/v1/users/login HTTP/1.1" 201 335 "-" "PostmanRuntime/7.36.0"

info: ::1 - - [15/Dec/2023:09:11:20 +0000] "POST /api/v1/users/login HTTP/1.1" 406 71 "-" "PostmanRuntime/7.36.0"

info: ::1 - - [15/Dec/2023:09:11:28 +0000] "POST /api/v1/users/login HTTP/1.1" 201 335 "-" "PostmanRuntime/7.36.0"

info: ::1 - - [15/Dec/2023:09:11:34 +0000] "POST /api/v1/users/login HTTP/1.1" 201 336 "-" "PostmanRuntime/7.36.0"

info: ::1 - - [15/Dec/2023:09:11:39 +0000] "POST /api/v1/users/login HTTP/1.1" 406 71 "-" "PostmanRuntime/7.36.0"

info: ::1 - - [15/Dec/2023:09:11:46 +0000] "POST /api/v1/users/login HTTP/1.1" 201 336 "-" "PostmanRuntime/7.36.0"

info: ::1 - - [15/Dec/2023:09:11:51 +0000] "POST /api/v1/users/login HTTP/1.1" 201 335 "-" "PostmanRuntime/7.36.0"

info: ::1 - - [15/Dec/2023:09:12:05 +0000] "POST /api/v1/users/login HTTP/1.1" 406 51 "-" "PostmanRuntime/7.36.0"

info: ::1 - - [15/Dec/2023:09:12:11 +0000] "POST /api/v1/users/login HTTP/1.1" 201 336 "-" "PostmanRuntime/7.36.0"

info: ::1 - - [15/Dec/2023:09:15:30 +0000] "POST /api/v1/users/login HTTP/1.1" 201 336 "-" "PostmanRuntime/7.36.0"

info: ::1 - - [15/Dec/2023:09:15:36 +0000] "POST /api/v1/users/login HTTP/1.1" 400 81 "-" "PostmanRuntime/7.36.0"

info: ::1 - - [15/Dec/2023:09:15:44 +0000] "POST /api/v1/users/login HTTP/1.1" 201 336 "-" "PostmanRuntime/7.36.0"

info: ::1 - - [15/Dec/2023:09:15:49 +0000] "POST /api/v1/users/login HTTP/1.1" 201 49 "-" "PostmanRuntime/7.36.0"

info: ::1 - - [15/Dec/2023:09:18:14 +0000] "POST /api/v1/users/login HTTP/1.1" 400 50 "-" "PostmanRuntime/7.36.0"

info: ::1 - - [15/Dec/2023:09:18:20 +0000] "POST /api/v1/users/login HTTP/1.1" 201 336 "-" "PostmanRuntime/7.36.0"

info: ::1 - - [15/Dec/2023:09:34:55 +0000] "GET /api/v1/users/note HTTP/1.1" 404 47 "-" "PostmanRuntime/7.36.0"

info: ::1 - - [15/Dec/2023:09:35:11 +0000] "GET /api/v1/note HTTP/1.1" 404 47 "-" "PostmanRuntime/7.36.0"

info: ::1 - - [15/Dec/2023:09:35:18 +0000] "GET /api/v1/users HTTP/1.1" 404 47 "-" "PostmanRuntime/7.36.0"

info: ::1 - - [15/Dec/2023:09:35:38 +0000] "GET /api/v1/note HTTP/1.1" 404 47 "-" "PostmanRuntime/7.36.0"

info: ::1 - - [15/Dec/2023:09:35:47 +0000] "GET /api/v1/users/note HTTP/1.1" 404 47 "-" "PostmanRuntime/7.36.0"

info: ::1 - - [15/Dec/2023:09:36:08 +0000] "GET /api/v1/users/note HTTP/1.1" 404 47 "-" "PostmanRuntime/7.36.0"

info: ::1 - - [15/Dec/2023:09:37:58 +0000] "GET /api/v1/users/notes HTTP/1.1" 404 47 "-" "PostmanRuntime/7.36.0"

info: ::1 - - [15/Dec/2023:09:38:42 +0000] "GET /api/v1/users/note HTTP/1.1" 404 47 "-" "PostmanRuntime/7.36.0"

info: ::1 - - [15/Dec/2023:09:38:44 +0000] "GET /api/v1/users/note HTTP/1.1" 404 47 "-" "PostmanRuntime/7.36.0"

info: ::1 - - [15/Dec/2023:09:38:52 +0000] "GET /api/v1/users/notes HTTP/1.1" 404 47 "-" "PostmanRuntime/7.36.0"

info: ::1 - - [15/Dec/2023:09:38:58 +0000] "GET /api/v1/notes HTTP/1.1" 404 47 "-" "PostmanRuntime/7.36.0"

info: ::1 - - [15/Dec/2023:09:38:59 +0000] "GET /api/v1/notes HTTP/1.1" 404 47 "-" "PostmanRuntime/7.36.0"

info: ::1 - - [15/Dec/2023:09:40:17 +0000] "GET /api/v1/notes HTTP/1.1" 404 47 "-" "PostmanRuntime/7.36.0"

info: ::1 - - [15/Dec/2023:09:40:18 +0000] "GET /api/v1/notes HTTP/1.1" 404 47 "-" "PostmanRuntime/7.36.0"

info: ::1 - - [15/Dec/2023:09:40:33 +0000] "GET /api/v1/users HTTP/1.1" 404 47 "-" "PostmanRuntime/7.36.0"

info: ::1 - - [15/Dec/2023:09:40:35 +0000] "GET /api/v1/users HTTP/1.1" 404 47 "-" "PostmanRuntime/7.36.0"

info: ::1 - - [15/Dec/2023:09:40:44 +0000] "GET /api/v1/users/ HTTP/1.1" 404 47 "-" "PostmanRuntime/7.36.0"

info: ::1 - - [15/Dec/2023:09:41:05 +0000] "GET /api/v1/users/ HTTP/1.1" 404 47 "-" "PostmanRuntime/7.36.0"

info: ::1 - - [15/Dec/2023:09:41:06 +0000] "GET /api/v1/users/ HTTP/1.1" 404 47 "-" "PostmanRuntime/7.36.0"

info: ::1 - - [15/Dec/2023:09:43:03 +0000] "GET /api/v1/users/ HTTP/1.1" 404 47 "-" "PostmanRuntime/7.36.0"

info: ::1 - - [15/Dec/2023:09:43:32 +0000] "POST /api/v1/notes HTTP/1.1" 404 47 "-" "PostmanRuntime/7.36.0"

info: ::1 - - [15/Dec/2023:09:43:34 +0000] "POST /api/v1/notes HTTP/1.1" 404 47 "-" "PostmanRuntime/7.36.0"

info: ::1 - - [15/Dec/2023:09:43:35 +0000] "POST /api/v1/notes HTTP/1.1" 404 47 "-" "PostmanRuntime/7.36.0"

info: ::1 - - [15/Dec/2023:09:44:13 +0000] "POST /api/v1/notes HTTP/1.1" 201 344 "-" "PostmanRuntime/7.36.0"

info: ::1 - - [15/Dec/2023:09:44:21 +0000] "POST /api/v1/notes HTTP/1.1" 400 57 "-" "PostmanRuntime/7.36.0"

info: ::1 - - [15/Dec/2023:09:50:51 +0000] "POST /api/v1/notes HTTP/1.1" 400 57 "-" "PostmanRuntime/7.36.0"

info: ::1 - - [15/Dec/2023:09:56:19 +0000] "POST /api/v1/notes HTTP/1.1" 400 57 "-" "PostmanRuntime/7.36.0"

info: ::1 - - [15/Dec/2023:10:02:26 +0000] "POST /api/v1/notes HTTP/1.1" 400 57 "-" "PostmanRuntime/7.36.0"

info: ::1 - - [15/Dec/2023:10:09:14 +0000] "POST /api/v1/notes HTTP/1.1" 201 344 "-" "PostmanRuntime/7.36.0"

info: ::1 - - [15/Dec/2023:10:12:04 +0000] "POST /api/v1/notes HTTP/1.1" 400 64 "-" "PostmanRuntime/7.36.0"

info: ::1 - - [15/Dec/2023:10:13:53 +0000] "POST /api/v1/notes HTTP/1.1" 400 60 "-" "PostmanRuntime/7.36.0"

info: ::1 - - [15/Dec/2023:10:14:45 +0000] "POST /api/v1/notes HTTP/1.1" 201 180 "-" "PostmanRuntime/7.36.0"

info: ::1 - - [15/Dec/2023:10:15:10 +0000] "POST /api/v1/notes HTTP/1.1" 400 54 "-" "PostmanRuntime/7.36.0"

info: ::1 - - [15/Dec/2023:10:18:02 +0000] "POST /api/v1/notes HTTP/1.1" 400 54 "-" "PostmanRuntime/7.36.0"

info: ::1 - - [15/Dec/2023:10:18:14 +0000] "POST /api/v1/notes HTTP/1.1" 400 54 "-" "PostmanRuntime/7.36.0"

info: ::1 - - [15/Dec/2023:10:20:48 +0000] "POST /api/v1/notes HTTP/1.1" 400 54 "-" "PostmanRuntime/7.36.0"

info: ::1 - - [15/Dec/2023:10:20:49 +0000] "POST /api/v1/notes HTTP/1.1" 400 54 "-" "PostmanRuntime/7.36.0"

info: ::1 - - [15/Dec/2023:10:23:04 +0000] "POST /api/v1/notes HTTP/1.1" 400 54 "-" "PostmanRuntime/7.36.0"

info: ::1 - - [15/Dec/2023:10:23:48 +0000] "POST /api/v1/notes HTTP/1.1" 400 54 "-" "PostmanRuntime/7.36.0"

info: ::1 - - [15/Dec/2023:10:24:58 +0000] "POST /api/v1/notes HTTP/1.1" 400 120 "-" "PostmanRuntime/7.36.0"

info: ::1 - - [15/Dec/2023:10:26:17 +0000] "POST /api/v1/notes HTTP/1.1" 201 236 "-" "PostmanRuntime/7.36.0"

info: ::1 - - [15/Dec/2023:10:26:24 +0000] "POST /api/v1/notes HTTP/1.1" 201 236 "-" "PostmanRuntime/7.36.0"

info: ::1 - - [15/Dec/2023:10:29:05 +0000] "POST /api/v1/notes HTTP/1.1" 201 236 "-" "PostmanRuntime/7.36.0"

info: ::1 - - [15/Dec/2023:10:31:50 +0000] "GET /api/v1/notes HTTP/1.1" 201 236 "-" "PostmanRuntime/7.36.0"

info: ::1 - - [15/Dec/2023:10:32:16 +0000] "POST /api/v1/notes HTTP/1.1" 201 236 "-" "PostmanRuntime/7.36.0"

info: ::1 - - [15/Dec/2023:10:32:17 +0000] "POST /api/v1/notes HTTP/1.1" 201 236 "-" "PostmanRuntime/7.36.0"

info: ::1 - - [15/Dec/2023:10:32:22 +0000] "GET /api/v1/notes HTTP/1.1" 201 236 "-" "PostmanRuntime/7.36.0"

info: ::1 - - [15/Dec/2023:10:34:03 +0000] "GET /api/v1/notes HTTP/1.1" 201 236 "-" "PostmanRuntime/7.36.0"

info: ::1 - - [15/Dec/2023:10:35:23 +0000] "GET /api/v1/notes HTTP/1.1" 201 1122 "-" "PostmanRuntime/7.36.0"

info: ::1 - - [15/Dec/2023:10:39:00 +0000] "POST /api/v1/notes HTTP/1.1" 400 60 "-" "PostmanRuntime/7.36.0"

info: ::1 - - [15/Dec/2023:10:39:25 +0000] "POST /api/v1/notes HTTP/1.1" 201 236 "-" "PostmanRuntime/7.36.0"

info: ::1 - - [15/Dec/2023:10:39:27 +0000] "POST /api/v1/notes HTTP/1.1" 400 57 "-" "PostmanRuntime/7.36.0"

info: ::1 - - [15/Dec/2023:10:40:09 +0000] "POST /api/v1/notes HTTP/1.1" 201 236 "-" "PostmanRuntime/7.36.0"

info: ::1 - - [15/Dec/2023:10:40:11 +0000] "POST /api/v1/notes HTTP/1.1" 400 59 "-" "PostmanRuntime/7.36.0"

info: ::1 - - [15/Dec/2023:10:40:22 +0000] "POST /api/v1/notes HTTP/1.1" 201 237 "-" "PostmanRuntime/7.36.0"

info: ::1 - - [15/Dec/2023:10:40:36 +0000] "GET /api/v1/notes HTTP/1.1" 201 415 "-" "PostmanRuntime/7.36.0"

info: ::1 - - [15/Dec/2023:10:41:16 +0000] "POST /api/v1/notes HTTP/1.1" 201 237 "-" "PostmanRuntime/7.36.0"

info: ::1 - - [15/Dec/2023:10:41:21 +0000] "POST /api/v1/notes HTTP/1.1" 400 59 "-" "PostmanRuntime/7.36.0"

info: ::1 - - [15/Dec/2023:10:41:35 +0000] "POST /api/v1/notes HTTP/1.1" 201 236 "-" "PostmanRuntime/7.36.0"

info: ::1 - - [15/Dec/2023:10:41:41 +0000] "GET /api/v1/notes HTTP/1.1" 201 415 "-" "PostmanRuntime/7.36.0"

info: ::1 - - [15/Dec/2023:10:42:53 +0000] "POST /api/v1/notes HTTP/1.1" 400 111 "-" "PostmanRuntime/7.36.0"

info: ::1 - - [15/Dec/2023:10:43:43 +0000] "POST /api/v1/notes HTTP/1.1" 400 111 "-" "PostmanRuntime/7.36.0"

info: ::1 - - [15/Dec/2023:10:44:05 +0000] "POST /api/v1/notes HTTP/1.1" 201 236 "-" "PostmanRuntime/7.36.0"

info: ::1 - - [15/Dec/2023:10:44:06 +0000] "POST /api/v1/notes HTTP/1.1" 400 59 "-" "PostmanRuntime/7.36.0"

info: ::1 - - [15/Dec/2023:10:44:18 +0000] "POST /api/v1/notes HTTP/1.1" 400 59 "-" "PostmanRuntime/7.36.0"

info: ::1 - - [15/Dec/2023:10:44:48 +0000] "POST /api/v1/notes HTTP/1.1" 400 71 "-" "PostmanRuntime/7.36.0"

info: ::1 - - [15/Dec/2023:10:45:03 +0000] "POST /api/v1/notes HTTP/1.1" 201 237 "-" "PostmanRuntime/7.36.0"

info: ::1 - - [15/Dec/2023:10:45:09 +0000] "GET /api/v1/notes HTTP/1.1" 201 415 "-" "PostmanRuntime/7.36.0"

