info: ::1 - - [14/Dec/2023:07:09:38 +0000] "GET /api/v1/ HTTP/1.1" 304 - "-" "Mozilla/5.0 (Windows NT 10.0; Win64; x64) AppleWebKit/537.36 (KHTML, like Gecko) Chrome/120.0.0.0 Safari/537.36 Edg/120.0.0.0"

info: ::1 - - [14/Dec/2023:07:09:59 +0000] "GET /api/v1/ HTTP/1.1" 200 9 "-" "PostmanRuntime/7.36.0"

info: ::1 - - [14/Dec/2023:07:10:09 +0000] "GET /api/v1/userd HTTP/1.1" 404 47 "-" "PostmanRuntime/7.36.0"

info: ::1 - - [14/Dec/2023:07:10:13 +0000] "GET /api/v1/users HTTP/1.1" 200 36365 "-" "PostmanRuntime/7.36.0"

info: ::1 - - [14/Dec/2023:07:11:48 +0000] "GET /api/v1/users HTTP/1.1" 200 65 "-" "PostmanRuntime/7.36.0"

info: ::1 - - [14/Dec/2023:07:17:06 +0000] "POST /api/v1/users/ HTTP/1.1" 404 47 "-" "PostmanRuntime/7.36.0"

info: ::1 - - [14/Dec/2023:07:35:58 +0000] "POST /api/v1/users/ HTTP/1.1" 500 58 "-" "PostmanRuntime/7.36.0"

info: ::1 - - [14/Dec/2023:07:37:44 +0000] "POST /api/v1/users/ HTTP/1.1" 500 58 "-" "PostmanRuntime/7.36.0"

info: ::1 - - [14/Dec/2023:07:39:14 +0000] "POST /api/v1/users/ HTTP/1.1" 200 65 "-" "PostmanRuntime/7.36.0"

info: ::1 - - [14/Dec/2023:07:39:30 +0000] "POST /api/v1/users/ HTTP/1.1" 200 65 "-" "PostmanRuntime/7.36.0"

info: ::1 - - [14/Dec/2023:07:41:32 +0000] "POST /api/v1/users/ HTTP/1.1" 200 65 "-" "PostmanRuntime/7.36.0"

info: ::1 - - [14/Dec/2023:07:41:37 +0000] "GET /api/v1/users/ HTTP/1.1" 404 47 "-" "PostmanRuntime/7.36.0"

info: ::1 - - [14/Dec/2023:07:47:48 +0000] "POST /api/v1/users/ HTTP/1.1" 201 60 "-" "PostmanRuntime/7.36.0"

info: ::1 - - [14/Dec/2023:07:49:30 +0000] "POST /api/v1/users/ HTTP/1.1" 201 262 "-" "PostmanRuntime/7.36.0"

info: ::1 - - [14/Dec/2023:07:50:34 +0000] "GET /api/v1/users/ HTTP/1.1" 404 47 "-" "PostmanRuntime/7.36.0"

info: ::1 - - [14/Dec/2023:08:39:09 +0000] "POST /api/v1/users/ HTTP/1.1" 201 262 "-" "PostmanRuntime/7.36.0"

info: ::1 - - [14/Dec/2023:08:47:27 +0000] "POST /api/v1/users/ HTTP/1.1" 201 261 "-" "PostmanRuntime/7.36.0"

info: ::1 - - [14/Dec/2023:08:54:04 +0000] "POST /api/v1/users/ HTTP/1.1" 201 257 "-" "PostmanRuntime/7.36.0"

info: ::1 - - [14/Dec/2023:08:55:10 +0000] "POST /api/v1/users HTTP/1.1" 201 257 "-" "PostmanRuntime/7.36.0"

info: ::1 - - [14/Dec/2023:08:56:14 +0000] "POST /api/v1/users HTTP/1.1" 201 257 "-" "PostmanRuntime/7.36.0"

info: ::1 - - [14/Dec/2023:08:59:01 +0000] "POST /api/v1/users HTTP/1.1" 201 261 "-" "PostmanRuntime/7.36.0"

info: ::1 - - [14/Dec/2023:08:59:46 +0000] "POST /api/v1/users HTTP/1.1" 201 261 "-" "PostmanRuntime/7.36.0"

info: ::1 - - [14/Dec/2023:09:05:43 +0000] "POST /api/v1/users HTTP/1.1" 201 261 "-" "PostmanRuntime/7.36.0"

info: ::1 - - [14/Dec/2023:09:09:09 +0000] "POST /api/v1/users HTTP/1.1" 404 261 "-" "PostmanRuntime/7.36.0"

info: ::1 - - [14/Dec/2023:09:10:25 +0000] "POST /api/v1/users HTTP/1.1" 201 261 "-" "PostmanRuntime/7.36.0"

info: ::1 - - [14/Dec/2023:09:19:44 +0000] "POST /api/v1/users HTTP/1.1" 201 50 "-" "PostmanRuntime/7.36.0"

info: ::1 - - [14/Dec/2023:09:20:07 +0000] "POST /api/v1/users HTTP/1.1" 201 50 "-" "PostmanRuntime/7.36.0"

info: ::1 - - [14/Dec/2023:09:20:54 +0000] "POST /api/v1/users HTTP/1.1" 201 50 "-" "PostmanRuntime/7.36.0"

info: ::1 - - [14/Dec/2023:09:21:23 +0000] "POST /api/v1/users HTTP/1.1" 201 50 "-" "PostmanRuntime/7.36.0"

info: ::1 - - [14/Dec/2023:09:21:53 +0000] "POST /api/v1/users HTTP/1.1" 201 50 "-" "PostmanRuntime/7.36.0"

info: ::1 - - [14/Dec/2023:09:22:11 +0000] "POST /api/v1/users HTTP/1.1" 201 50 "-" "PostmanRuntime/7.36.0"

info: ::1 - - [14/Dec/2023:09:23:49 +0000] "POST /api/v1/users HTTP/1.1" 201 283 "-" "PostmanRuntime/7.36.0"

info: ::1 - - [14/Dec/2023:09:24:04 +0000] "POST /api/v1/users HTTP/1.1" 201 283 "-" "PostmanRuntime/7.36.0"

info: ::1 - - [14/Dec/2023:09:24:46 +0000] "POST /api/v1/users HTTP/1.1" 201 283 "-" "PostmanRuntime/7.36.0"

info: ::1 - - [14/Dec/2023:09:25:13 +0000] "POST /api/v1/users HTTP/1.1" 201 50 "-" "PostmanRuntime/7.36.0"

info: ::1 - - [14/Dec/2023:09:25:45 +0000] "POST /api/v1/users HTTP/1.1" 201 50 "-" "PostmanRuntime/7.36.0"

info: ::1 - - [14/Dec/2023:09:26:29 +0000] "POST /api/v1/users HTTP/1.1" 201 283 "-" "PostmanRuntime/7.36.0"

info: ::1 - - [14/Dec/2023:09:26:34 +0000] "POST /api/v1/users HTTP/1.1" 201 283 "-" "PostmanRuntime/7.36.0"

info: ::1 - - [14/Dec/2023:09:27:26 +0000] "POST /api/v1/users HTTP/1.1" 201 50 "-" "PostmanRuntime/7.36.0"

info: ::1 - - [14/Dec/2023:09:28:37 +0000] "POST /api/v1/users HTTP/1.1" 201 50 "-" "PostmanRuntime/7.36.0"

info: ::1 - - [14/Dec/2023:09:29:03 +0000] "POST /api/v1/users HTTP/1.1" 201 50 "-" "PostmanRuntime/7.36.0"

info: ::1 - - [14/Dec/2023:09:30:03 +0000] "POST /api/v1/users HTTP/1.1" 201 283 "-" "PostmanRuntime/7.36.0"

info: ::1 - - [14/Dec/2023:09:30:10 +0000] "POST /api/v1/users HTTP/1.1" 201 283 "-" "PostmanRuntime/7.36.0"

info: ::1 - - [14/Dec/2023:09:30:47 +0000] "POST /api/v1/users HTTP/1.1" 201 50 "-" "PostmanRuntime/7.36.0"

info: ::1 - - [14/Dec/2023:09:31:32 +0000] "POST /api/v1/users HTTP/1.1" 201 50 "-" "PostmanRuntime/7.36.0"

info: ::1 - - [14/Dec/2023:09:31:35 +0000] "POST /api/v1/users HTTP/1.1" 201 50 "-" "PostmanRuntime/7.36.0"

info: ::1 - - [14/Dec/2023:09:32:23 +0000] "POST /api/v1/users HTTP/1.1" 201 50 "-" "PostmanRuntime/7.36.0"

info: ::1 - - [14/Dec/2023:09:35:48 +0000] "POST /api/v1/users HTTP/1.1" 201 283 "-" "PostmanRuntime/7.36.0"

info: ::1 - - [14/Dec/2023:09:35:58 +0000] "POST /api/v1/users HTTP/1.1" 201 283 "-" "PostmanRuntime/7.36.0"

info: ::1 - - [14/Dec/2023:09:36:54 +0000] "POST /api/v1/users HTTP/1.1" 201 50 "-" "PostmanRuntime/7.36.0"

info: ::1 - - [14/Dec/2023:09:37:44 +0000] "POST /api/v1/users HTTP/1.1" 201 50 "-" "PostmanRuntime/7.36.0"

info: ::1 - - [14/Dec/2023:09:38:14 +0000] "POST /api/v1/users HTTP/1.1" 201 283 "-" "PostmanRuntime/7.36.0"

info: ::1 - - [14/Dec/2023:09:38:18 +0000] "POST /api/v1/users HTTP/1.1" 201 283 "-" "PostmanRuntime/7.36.0"

info: ::1 - - [14/Dec/2023:09:38:46 +0000] "POST /api/v1/users HTTP/1.1" 201 283 "-" "PostmanRuntime/7.36.0"

info: ::1 - - [14/Dec/2023:09:38:51 +0000] "POST /api/v1/users HTTP/1.1" 201 283 "-" "PostmanRuntime/7.36.0"

info: ::1 - - [14/Dec/2023:09:38:54 +0000] "POST /api/v1/users HTTP/1.1" 201 283 "-" "PostmanRuntime/7.36.0"

info: ::1 - - [14/Dec/2023:09:39:57 +0000] "POST /api/v1/users HTTP/1.1" 201 283 "-" "PostmanRuntime/7.36.0"

info: ::1 - - [14/Dec/2023:09:39:59 +0000] "POST /api/v1/users HTTP/1.1" 201 283 "-" "PostmanRuntime/7.36.0"

info: ::1 - - [14/Dec/2023:09:40:36 +0000] "POST /api/v1/users HTTP/1.1" 201 50 "-" "PostmanRuntime/7.36.0"

info: ::1 - - [14/Dec/2023:09:41:13 +0000] "POST /api/v1/users HTTP/1.1" 201 50 "-" "PostmanRuntime/7.36.0"

info: ::1 - - [14/Dec/2023:09:41:31 +0000] "POST /api/v1/users HTTP/1.1" 201 50 "-" "PostmanRuntime/7.36.0"

info: ::1 - - [14/Dec/2023:09:41:44 +0000] "POST /api/v1/users HTTP/1.1" 201 283 "-" "PostmanRuntime/7.36.0"

info: ::1 - - [14/Dec/2023:09:41:46 +0000] "POST /api/v1/users HTTP/1.1" 201 283 "-" "PostmanRuntime/7.36.0"

info: ::1 - - [14/Dec/2023:09:42:01 +0000] "POST /api/v1/users HTTP/1.1" 201 283 "-" "PostmanRuntime/7.36.0"

info: ::1 - - [14/Dec/2023:09:42:03 +0000] "POST /api/v1/users HTTP/1.1" 201 283 "-" "PostmanRuntime/7.36.0"

info: ::1 - - [14/Dec/2023:09:45:30 +0000] "POST /api/v1/users HTTP/1.1" 201 50 "-" "PostmanRuntime/7.36.0"

info: ::1 - - [14/Dec/2023:09:46:48 +0000] "POST /api/v1/users HTTP/1.1" 201 50 "-" "PostmanRuntime/7.36.0"

info: ::1 - - [14/Dec/2023:09:46:54 +0000] "POST /api/v1/users HTTP/1.1" 201 50 "-" "PostmanRuntime/7.36.0"

info: ::1 - - [14/Dec/2023:09:48:41 +0000] "POST /api/v1/users HTTP/1.1" 201 283 "-" "PostmanRuntime/7.36.0"

info: ::1 - - [14/Dec/2023:09:48:47 +0000] "POST /api/v1/users HTTP/1.1" 201 283 "-" "PostmanRuntime/7.36.0"

info: ::1 - - [14/Dec/2023:09:49:09 +0000] "POST /api/v1/users HTTP/1.1" 201 50 "-" "PostmanRuntime/7.36.0"

info: ::1 - - [14/Dec/2023:09:49:21 +0000] "POST /api/v1/users HTTP/1.1" 201 50 "-" "PostmanRuntime/7.36.0"

info: ::1 - - [14/Dec/2023:09:49:50 +0000] "POST /api/v1/users HTTP/1.1" 201 50 "-" "PostmanRuntime/7.36.0"

info: ::1 - - [14/Dec/2023:09:53:52 +0000] "POST /api/v1/users HTTP/1.1" 500 59 "-" "PostmanRuntime/7.36.0"

info: ::1 - - [14/Dec/2023:09:54:24 +0000] "POST /api/v1/users HTTP/1.1" 201 50 "-" "PostmanRuntime/7.36.0"

info: ::1 - - [14/Dec/2023:09:54:47 +0000] "POST /api/v1/users HTTP/1.1" 201 283 "-" "PostmanRuntime/7.36.0"

info: ::1 - - [14/Dec/2023:09:54:52 +0000] "POST /api/v1/users HTTP/1.1" 201 283 "-" "PostmanRuntime/7.36.0"

info: ::1 - - [14/Dec/2023:09:56:07 +0000] "POST /api/v1/users HTTP/1.1" 201 50 "-" "PostmanRuntime/7.36.0"

info: ::1 - - [14/Dec/2023:09:56:22 +0000] "POST /api/v1/users HTTP/1.1" 201 50 "-" "PostmanRuntime/7.36.0"

info: ::1 - - [14/Dec/2023:09:57:03 +0000] "POST /api/v1/users HTTP/1.1" 201 283 "-" "PostmanRuntime/7.36.0"

info: ::1 - - [14/Dec/2023:09:57:09 +0000] "POST /api/v1/users HTTP/1.1" 201 283 "-" "PostmanRuntime/7.36.0"

info: ::1 - - [14/Dec/2023:09:58:36 +0000] "POST /api/v1/users HTTP/1.1" 201 50 "-" "PostmanRuntime/7.36.0"

info: ::1 - - [14/Dec/2023:09:58:47 +0000] "POST /api/v1/users HTTP/1.1" 201 50 "-" "PostmanRuntime/7.36.0"

info: ::1 - - [14/Dec/2023:09:59:17 +0000] "POST /api/v1/users HTTP/1.1" 201 50 "-" "PostmanRuntime/7.36.0"

info: ::1 - - [14/Dec/2023:10:00:13 +0000] "POST /api/v1/users HTTP/1.1" 201 283 "-" "PostmanRuntime/7.36.0"

info: ::1 - - [14/Dec/2023:10:00:16 +0000] "POST /api/v1/users HTTP/1.1" 201 50 "-" "PostmanRuntime/7.36.0"

info: ::1 - - [14/Dec/2023:10:00:28 +0000] "POST /api/v1/users HTTP/1.1" 201 50 "-" "PostmanRuntime/7.36.0"

info: ::1 - - [14/Dec/2023:10:00:37 +0000] "POST /api/v1/users HTTP/1.1" 201 283 "-" "PostmanRuntime/7.36.0"

info: ::1 - - [14/Dec/2023:10:04:30 +0000] "POST /api/v1/users HTTP/1.1" 201 282 "-" "PostmanRuntime/7.36.0"

info: ::1 - - [14/Dec/2023:10:04:35 +0000] "POST /api/v1/users HTTP/1.1" 201 49 "-" "PostmanRuntime/7.36.0"

info: ::1 - - [14/Dec/2023:10:05:17 +0000] "POST /api/v1/users HTTP/1.1" 201 49 "-" "PostmanRuntime/7.36.0"

info: ::1 - - [14/Dec/2023:10:05:18 +0000] "POST /api/v1/users HTTP/1.1" 201 49 "-" "PostmanRuntime/7.36.0"

info: ::1 - - [14/Dec/2023:10:05:48 +0000] "POST /api/v1/users HTTP/1.1" 201 44 "-" "PostmanRuntime/7.36.0"

info: ::1 - - [14/Dec/2023:10:06:58 +0000] "POST /api/v1/users HTTP/1.1" 201 282 "-" "PostmanRuntime/7.36.0"

info: ::1 - - [14/Dec/2023:10:07:06 +0000] "POST /api/v1/users HTTP/1.1" 201 44 "-" "PostmanRuntime/7.36.0"

info: ::1 - - [14/Dec/2023:10:07:35 +0000] "POST /api/v1/users HTTP/1.1" 201 284 "-" "PostmanRuntime/7.36.0"

info: ::1 - - [14/Dec/2023:10:08:48 +0000] "POST /api/v1/users HTTP/1.1" 201 44 "-" "PostmanRuntime/7.36.0"

info: ::1 - - [14/Dec/2023:10:09:03 +0000] "POST /api/v1/users HTTP/1.1" 201 284 "-" "PostmanRuntime/7.36.0"

info: ::1 - - [14/Dec/2023:10:09:06 +0000] "POST /api/v1/users HTTP/1.1" 201 44 "-" "PostmanRuntime/7.36.0"

info: ::1 - - [14/Dec/2023:10:10:39 +0000] "POST /api/v1/users HTTP/1.1" 500 54 "-" "PostmanRuntime/7.36.0"

info: ::1 - - [14/Dec/2023:10:11:34 +0000] "POST /api/v1/users HTTP/1.1" 201 284 "-" "PostmanRuntime/7.36.0"

info: ::1 - - [14/Dec/2023:10:11:35 +0000] "POST /api/v1/users HTTP/1.1" 201 44 "-" "PostmanRuntime/7.36.0"

info: ::1 - - [14/Dec/2023:10:26:10 +0000] "POST /api/v1/users HTTP/1.1" 201 278 "-" "PostmanRuntime/7.36.0"

info: ::1 - - [14/Dec/2023:10:26:38 +0000] "POST /api/v1/users HTTP/1.1" 201 284 "-" "PostmanRuntime/7.36.0"

info: ::1 - - [14/Dec/2023:10:26:46 +0000] "POST /api/v1/users HTTP/1.1" 201 43 "-" "PostmanRuntime/7.36.0"

info: ::1 - - [14/Dec/2023:10:27:16 +0000] "POST /api/v1/users HTTP/1.1" 201 282 "-" "PostmanRuntime/7.36.0"

info: ::1 - - [14/Dec/2023:10:29:11 +0000] "POST /api/v1/users HTTP/1.1" 201 276 "-" "PostmanRuntime/7.36.0"

info: ::1 - - [14/Dec/2023:10:30:10 +0000] "POST /api/v1/users HTTP/1.1" 201 278 "-" "PostmanRuntime/7.36.0"

info: ::1 - - [14/Dec/2023:10:30:44 +0000] "POST /api/v1/users HTTP/1.1" 201 285 "-" "PostmanRuntime/7.36.0"

info: ::1 - - [14/Dec/2023:10:30:54 +0000] "POST /api/v1/users HTTP/1.1" 201 45 "-" "PostmanRuntime/7.36.0"

info: ::1 - - [14/Dec/2023:10:56:08 +0000] "POST /api/v1/users HTTP/1.1" 201 45 "-" "PostmanRuntime/7.36.0"

info: ::1 - - [14/Dec/2023:10:56:19 +0000] "POST /api/v1/users HTTP/1.1" 201 285 "-" "PostmanRuntime/7.36.0"

info: ::1 - - [14/Dec/2023:10:56:23 +0000] "POST /api/v1/users HTTP/1.1" 201 45 "-" "PostmanRuntime/7.36.0"

info: ::1 - - [14/Dec/2023:11:05:49 +0000] "GET /api/v1/users HTTP/1.1" 404 47 "-" "PostmanRuntime/7.36.0"

info: ::1 - - [14/Dec/2023:11:06:28 +0000] "GET /api/v1/users/uday56367@gmail.com HTTP/1.1" 404 47 "-" "PostmanRuntime/7.36.0"

info: ::1 - - [14/Dec/2023:11:06:35 +0000] "POST /api/v1/users/uday56367@gmail.com HTTP/1.1" 404 47 "-" "PostmanRuntime/7.36.0"

info: ::1 - - [14/Dec/2023:11:07:40 +0000] "POST /api/v1/users/uday56367@gmail.com HTTP/1.1" 404 47 "-" "PostmanRuntime/7.36.0"

info: ::1 - - [14/Dec/2023:11:07:46 +0000] "POST /api/v1/users/ HTTP/1.1" 201 285 "-" "PostmanRuntime/7.36.0"

info: ::1 - - [14/Dec/2023:11:07:47 +0000] "POST /api/v1/users/ HTTP/1.1" 201 45 "-" "PostmanRuntime/7.36.0"

info: ::1 - - [14/Dec/2023:11:19:15 +0000] "POST /api/v1/users/ HTTP/1.1" 201 285 "-" "PostmanRuntime/7.36.0"

info: ::1 - - [14/Dec/2023:11:19:29 +0000] "POST /api/v1/users/uday56367@gmail.com HTTP/1.1" 200 61 "-" "PostmanRuntime/7.36.0"

info: ::1 - - [14/Dec/2023:11:23:16 +0000] "POST /api/v1/users/ HTTP/1.1" 201 285 "-" "PostmanRuntime/7.36.0"

info: ::1 - - [14/Dec/2023:11:23:22 +0000] "POST /api/v1/users/ HTTP/1.1" 201 45 "-" "PostmanRuntime/7.36.0"

info: ::1 - - [14/Dec/2023:11:23:41 +0000] "POST /api/v1/users/uday56367@gmail.com HTTP/1.1" 200 61 "-" "PostmanRuntime/7.36.0"

info: ::1 - - [14/Dec/2023:11:26:44 +0000] "POST /api/v1/users/uday56367@gmail.com HTTP/1.1" 200 48 "-" "PostmanRuntime/7.36.0"

info: ::1 - - [14/Dec/2023:11:27:10 +0000] "POST /api/v1/users/uday56367@gmail.com HTTP/1.1" 200 48 "-" "PostmanRuntime/7.36.0"

info: ::1 - - [14/Dec/2023:11:27:16 +0000] "POST /api/v1/users/uday56367@gmail.com HTTP/1.1" 200 48 "-" "PostmanRuntime/7.36.0"

info: ::1 - - [14/Dec/2023:11:29:36 +0000] "POST /api/v1/users/ HTTP/1.1" 201 229 "-" "PostmanRuntime/7.36.0"

info: ::1 - - [14/Dec/2023:11:29:51 +0000] "POST /api/v1/users/ HTTP/1.1" 201 45 "-" "PostmanRuntime/7.36.0"

info: ::1 - - [14/Dec/2023:11:29:55 +0000] "POST /api/v1/users/uday56367@gmail.com HTTP/1.1" 200 48 "-" "PostmanRuntime/7.36.0"

info: ::1 - - [14/Dec/2023:11:30:01 +0000] "POST /api/v1/users/uday56367@gmail.com HTTP/1.1" 200 48 "-" "PostmanRuntime/7.36.0"

info: ::1 - - [14/Dec/2023:11:34:25 +0000] "POST /api/v1/users/uday56367@gmail.com HTTP/1.1" 200 48 "-" "PostmanRuntime/7.36.0"

info: ::1 - - [14/Dec/2023:11:34:30 +0000] "POST /api/v1/users/uday56367@gmail.com HTTP/1.1" 200 48 "-" "PostmanRuntime/7.36.0"

info: ::1 - - [14/Dec/2023:11:34:38 +0000] "POST /api/v1/users/ HTTP/1.1" 201 227 "-" "PostmanRuntime/7.36.0"

info: ::1 - - [14/Dec/2023:11:38:27 +0000] "POST /api/v1/users/ HTTP/1.1" 201 285 "-" "PostmanRuntime/7.36.0"

info: ::1 - - [14/Dec/2023:11:52:53 +0000] "POST /api/v1/users/ HTTP/1.1" 201 285 "-" "PostmanRuntime/7.36.0"

info: ::1 - - [14/Dec/2023:11:53:03 +0000] "POST /api/v1/users/ HTTP/1.1" 201 45 "-" "PostmanRuntime/7.36.0"

