info: Server started at http://localhost:3000/api/v1/ {"timestamp":"2023-12-15T04:40:50.818Z"}
info: Connected to the database. {"timestamp":"2023-12-15T04:40:50.863Z"}
info: Server started at http://localhost:3000/api/v1/ {"timestamp":"2023-12-15T04:42:17.788Z"}
info: Connected to the database. {"timestamp":"2023-12-15T04:42:17.826Z"}
info: Server started at http://localhost:3000/api/v1/ {"timestamp":"2023-12-15T04:42:39.663Z"}
info: Connected to the database. {"timestamp":"2023-12-15T04:42:39.694Z"}
info: Server started at http://localhost:3000/api/v1/ {"timestamp":"2023-12-15T04:45:02.012Z"}
info: Connected to the database. {"timestamp":"2023-12-15T04:45:02.041Z"}
info: Server started at http://localhost:3000/api/v1/ {"timestamp":"2023-12-15T04:45:40.310Z"}
info: Connected to the database. {"timestamp":"2023-12-15T04:45:40.339Z"}
info: Server started at http://localhost:3000/api/v1/ {"timestamp":"2023-12-15T04:49:38.805Z"}
info: Connected to the database. {"timestamp":"2023-12-15T04:49:38.841Z"}
info: Server started at http://localhost:3000/api/v1/ {"timestamp":"2023-12-15T04:53:27.164Z"}
info: Connected to the database. {"timestamp":"2023-12-15T04:53:27.189Z"}
info: Server started at http://localhost:3000/api/v1/ {"timestamp":"2023-12-15T04:53:34.987Z"}
info: Connected to the database. {"timestamp":"2023-12-15T04:53:35.039Z"}
info: Server started at http://localhost:3000/api/v1/ {"timestamp":"2023-12-15T04:54:07.656Z"}
info: Connected to the database. {"timestamp":"2023-12-15T04:54:07.680Z"}
info: Server started at http://localhost:3000/api/v1/ {"timestamp":"2023-12-15T04:58:22.272Z"}
info: Connected to the database. {"timestamp":"2023-12-15T04:58:22.295Z"}
info: Server started at http://localhost:3000/api/v1/ {"timestamp":"2023-12-15T04:59:58.503Z"}
info: Connected to the database. {"timestamp":"2023-12-15T04:59:58.527Z"}
info: Server started at http://localhost:3000/api/v1/ {"timestamp":"2023-12-15T05:01:59.207Z"}
info: Connected to the database. {"timestamp":"2023-12-15T05:01:59.242Z"}
info: Server started at http://localhost:3000/api/v1/ {"timestamp":"2023-12-15T05:04:01.561Z"}
info: Connected to the database. {"timestamp":"2023-12-15T05:04:01.589Z"}
info: Server started at http://localhost:3000/api/v1/ {"timestamp":"2023-12-15T05:05:43.304Z"}
info: Connected to the database. {"timestamp":"2023-12-15T05:05:43.327Z"}
info: Server started at http://localhost:3000/api/v1/ {"timestamp":"2023-12-15T05:07:20.475Z"}
info: Connected to the database. {"timestamp":"2023-12-15T05:07:20.496Z"}
info: Server started at http://localhost:3000/api/v1/ {"timestamp":"2023-12-15T05:08:46.291Z"}
info: Connected to the database. {"timestamp":"2023-12-15T05:08:46.317Z"}
info: Server started at http://localhost:3000/api/v1/ {"timestamp":"2023-12-15T05:09:19.014Z"}
info: Connected to the database. {"timestamp":"2023-12-15T05:09:19.036Z"}
info: Server started at http://localhost:3000/api/v1/ {"timestamp":"2023-12-15T05:09:27.468Z"}
info: Connected to the database. {"timestamp":"2023-12-15T05:09:27.497Z"}
info: Server started at http://localhost:3000/api/v1/ {"timestamp":"2023-12-15T05:10:47.053Z"}
info: Connected to the database. {"timestamp":"2023-12-15T05:10:47.076Z"}
info: Server started at http://localhost:3000/api/v1/ {"timestamp":"2023-12-15T05:11:41.118Z"}
info: Connected to the database. {"timestamp":"2023-12-15T05:11:41.140Z"}
info: Server started at http://localhost:3000/api/v1/ {"timestamp":"2023-12-15T05:13:19.024Z"}
info: Connected to the database. {"timestamp":"2023-12-15T05:13:19.050Z"}
info: Server started at http://localhost:3000/api/v1/ {"timestamp":"2023-12-15T05:13:52.784Z"}
info: Connected to the database. {"timestamp":"2023-12-15T05:13:52.812Z"}
info: Server started at http://localhost:3000/api/v1/ {"timestamp":"2023-12-15T05:16:04.664Z"}
info: Connected to the database. {"timestamp":"2023-12-15T05:16:04.690Z"}
info: Server started at http://localhost:3000/api/v1/ {"timestamp":"2023-12-15T05:16:32.325Z"}
info: Connected to the database. {"timestamp":"2023-12-15T05:16:32.348Z"}
info: Server started at http://localhost:3000/api/v1/ {"timestamp":"2023-12-15T05:19:07.384Z"}
info: Connected to the database. {"timestamp":"2023-12-15T05:19:07.409Z"}
info: Server started at http://localhost:3000/api/v1/ {"timestamp":"2023-12-15T05:29:24.124Z"}
info: Connected to the database. {"timestamp":"2023-12-15T05:29:24.156Z"}
info: Server started at http://localhost:3000/api/v1/ {"timestamp":"2023-12-15T05:37:42.710Z"}
info: Connected to the database. {"timestamp":"2023-12-15T05:37:42.737Z"}
error: 
    status - 500 
    message - ReferenceError: body is not defined
    at _callee$ (C:\Users\uday5\backEnd\Fundoo_NoteUser\src\services\/user.service.js:7:40)
    at tryCatch (C:\Users\uday5\backEnd\node_modules\@babel\runtime\helpers\regeneratorRuntime.js:45:16)
    at Generator.<anonymous> (C:\Users\uday5\backEnd\node_modules\@babel\runtime\helpers\regeneratorRuntime.js:133:17)
    at Generator.next (C:\Users\uday5\backEnd\node_modules\@babel\runtime\helpers\regeneratorRuntime.js:74:21)
    at asyncGeneratorStep (C:\Users\uday5\backEnd\node_modules\@babel\runtime\helpers\asyncToGenerator.js:3:24)
    at _next (C:\Users\uday5\backEnd\node_modules\@babel\runtime\helpers\asyncToGenerator.js:22:9)
    at processTicksAndRejections (node:internal/process/task_queues:95:5) 
    url - /api/v1/users/ 
    method - POST 
    IP - ::1
   {"timestamp":"2023-12-15T05:38:02.981Z"}
info: Server started at http://localhost:3000/api/v1/ {"timestamp":"2023-12-15T05:38:25.695Z"}
info: Connected to the database. {"timestamp":"2023-12-15T05:38:25.747Z"}
info: Server started at http://localhost:3000/api/v1/ {"timestamp":"2023-12-15T05:39:44.406Z"}
info: Connected to the database. {"timestamp":"2023-12-15T05:39:44.432Z"}
info: Server started at http://localhost:3000/api/v1/ {"timestamp":"2023-12-15T05:40:21.900Z"}
info: Connected to the database. {"timestamp":"2023-12-15T05:40:21.937Z"}
info: Server started at http://localhost:3000/api/v1/ {"timestamp":"2023-12-15T05:44:36.896Z"}
info: Connected to the database. {"timestamp":"2023-12-15T05:44:36.932Z"}
info: Server started at http://localhost:3000/api/v1/ {"timestamp":"2023-12-15T05:59:48.829Z"}
info: Connected to the database. {"timestamp":"2023-12-15T05:59:48.854Z"}
info: Server started at http://localhost:3000/api/v1/ {"timestamp":"2023-12-15T06:33:58.715Z"}
info: Connected to the database. {"timestamp":"2023-12-15T06:33:58.743Z"}
info: Server started at http://localhost:3000/api/v1/ {"timestamp":"2023-12-15T06:37:09.045Z"}
info: Connected to the database. {"timestamp":"2023-12-15T06:37:09.070Z"}
info: Server started at http://localhost:3000/api/v1/ {"timestamp":"2023-12-15T08:34:26.079Z"}
info: Connected to the database. {"timestamp":"2023-12-15T08:34:26.104Z"}
error: 
    status - 500 
    message - ReferenceError: bcrypt is not defined
    at _callee$ (C:\Users\uday5\backEnd\Fundoo_NoteUser\src\services\/user.service.js:6:9)
    at tryCatch (C:\Users\uday5\backEnd\Fundoo_NoteUser\node_modules\@babel\runtime\helpers\regeneratorRuntime.js:45:16)
    at Generator.<anonymous> (C:\Users\uday5\backEnd\Fundoo_NoteUser\node_modules\@babel\runtime\helpers\regeneratorRuntime.js:133:17)
    at Generator.next (C:\Users\uday5\backEnd\Fundoo_NoteUser\node_modules\@babel\runtime\helpers\regeneratorRuntime.js:74:21)
    at asyncGeneratorStep (C:\Users\uday5\backEnd\Fundoo_NoteUser\node_modules\@babel\runtime\helpers\asyncToGenerator.js:3:24)
    at _next (C:\Users\uday5\backEnd\Fundoo_NoteUser\node_modules\@babel\runtime\helpers\asyncToGenerator.js:22:9)
    at C:\Users\uday5\backEnd\Fundoo_NoteUser\node_modules\@babel\runtime\helpers\asyncToGenerator.js:27:7
    at new Promise (<anonymous>)
    at Object.apply (C:\Users\uday5\backEnd\Fundoo_NoteUser\node_modules\@babel\runtime\helpers\asyncToGenerator.js:19:12)
    at Object.createAnUser (C:\Users\uday5\backEnd\Fundoo_NoteUser\src\services\/user.service.js:4:26)
    at _callee$ (C:\Users\uday5\backEnd\Fundoo_NoteUser\src\controllers\/user.controller.js:12:40)
    at tryCatch (C:\Users\uday5\backEnd\Fundoo_NoteUser\node_modules\@babel\runtime\helpers\regeneratorRuntime.js:45:16)
    at Generator.<anonymous> (C:\Users\uday5\backEnd\Fundoo_NoteUser\node_modules\@babel\runtime\helpers\regeneratorRuntime.js:133:17)
    at Generator.next (C:\Users\uday5\backEnd\Fundoo_NoteUser\node_modules\@babel\runtime\helpers\regeneratorRuntime.js:74:21)
    at asyncGeneratorStep (C:\Users\uday5\backEnd\Fundoo_NoteUser\node_modules\@babel\runtime\helpers\asyncToGenerator.js:3:24)
    at _next (C:\Users\uday5\backEnd\Fundoo_NoteUser\node_modules\@babel\runtime\helpers\asyncToGenerator.js:22:9)
    at C:\Users\uday5\backEnd\Fundoo_NoteUser\node_modules\@babel\runtime\helpers\asyncToGenerator.js:27:7
    at new Promise (<anonymous>)
    at apply (C:\Users\uday5\backEnd\Fundoo_NoteUser\node_modules\@babel\runtime\helpers\asyncToGenerator.js:19:12)
    at createAnUser (C:\Users\uday5\backEnd\Fundoo_NoteUser\src\controllers\/user.controller.js:10:26)
    at Layer.handle [as handle_request] (C:\Users\uday5\backEnd\Fundoo_NoteUser\node_modules\express\lib\router\layer.js:95:5)
    at next (C:\Users\uday5\backEnd\Fundoo_NoteUser\node_modules\express\lib\router\route.js:144:13)
    at Route.dispatch (C:\Users\uday5\backEnd\Fundoo_NoteUser\node_modules\express\lib\router\route.js:114:3)
    at Layer.handle [as handle_request] (C:\Users\uday5\backEnd\Fundoo_NoteUser\node_modules\express\lib\router\layer.js:95:5)
    at C:\Users\uday5\backEnd\Fundoo_NoteUser\node_modules\express\lib\router\index.js:284:15
    at Function.process_params (C:\Users\uday5\backEnd\Fundoo_NoteUser\node_modules\express\lib\router\index.js:346:12)
    at next (C:\Users\uday5\backEnd\Fundoo_NoteUser\node_modules\express\lib\router\index.js:280:10)
    at Function.handle (C:\Users\uday5\backEnd\Fundoo_NoteUser\node_modules\express\lib\router\index.js:175:3)
    at router (C:\Users\uday5\backEnd\Fundoo_NoteUser\node_modules\express\lib\router\index.js:47:12)
    at Layer.handle [as handle_request] (C:\Users\uday5\backEnd\Fundoo_NoteUser\node_modules\express\lib\router\layer.js:95:5)
    at trim_prefix (C:\Users\uday5\backEnd\Fundoo_NoteUser\node_modules\express\lib\router\index.js:328:13)
    at C:\Users\uday5\backEnd\Fundoo_NoteUser\node_modules\express\lib\router\index.js:286:9
    at Function.process_params (C:\Users\uday5\backEnd\Fundoo_NoteUser\node_modules\express\lib\router\index.js:346:12)
    at next (C:\Users\uday5\backEnd\Fundoo_NoteUser\node_modules\express\lib\router\index.js:280:10)
    at Function.handle (C:\Users\uday5\backEnd\Fundoo_NoteUser\node_modules\express\lib\router\index.js:175:3)
    at router (C:\Users\uday5\backEnd\Fundoo_NoteUser\node_modules\express\lib\router\index.js:47:12)
    at Layer.handle [as handle_request] (C:\Users\uday5\backEnd\Fundoo_NoteUser\node_modules\express\lib\router\layer.js:95:5)
    at trim_prefix (C:\Users\uday5\backEnd\Fundoo_NoteUser\node_modules\express\lib\router\index.js:328:13)
    at C:\Users\uday5\backEnd\Fundoo_NoteUser\node_modules\express\lib\router\index.js:286:9
    at Function.process_params (C:\Users\uday5\backEnd\Fundoo_NoteUser\node_modules\express\lib\router\index.js:346:12)
    at next (C:\Users\uday5\backEnd\Fundoo_NoteUser\node_modules\express\lib\router\index.js:280:10)
    at logger (C:\Users\uday5\backEnd\Fundoo_NoteUser\node_modules\morgan\index.js:144:5)
    at Layer.handle [as handle_request] (C:\Users\uday5\backEnd\Fundoo_NoteUser\node_modules\express\lib\router\layer.js:95:5)
    at trim_prefix (C:\Users\uday5\backEnd\Fundoo_NoteUser\node_modules\express\lib\router\index.js:328:13)
    at C:\Users\uday5\backEnd\Fundoo_NoteUser\node_modules\express\lib\router\index.js:286:9
    at Function.process_params (C:\Users\uday5\backEnd\Fundoo_NoteUser\node_modules\express\lib\router\index.js:346:12)
    at next (C:\Users\uday5\backEnd\Fundoo_NoteUser\node_modules\express\lib\router\index.js:280:10)
    at C:\Users\uday5\backEnd\Fundoo_NoteUser\node_modules\body-parser\lib\read.js:137:5
    at AsyncResource.runInAsyncScope (node:async_hooks:206:9)
    at invokeCallback (C:\Users\uday5\backEnd\Fundoo_NoteUser\node_modules\raw-body\index.js:231:16)
    at done (C:\Users\uday5\backEnd\Fundoo_NoteUser\node_modules\raw-body\index.js:220:7)
    at IncomingMessage.onEnd (C:\Users\uday5\backEnd\Fundoo_NoteUser\node_modules\raw-body\index.js:280:7)
    at IncomingMessage.emit (node:events:514:28)
    at IncomingMessage.emit (node:domain:488:12)
    at endReadableNT (node:internal/streams/readable:1589:12)
    at processTicksAndRejections (node:internal/process/task_queues:82:21) 
    url - /api/v1/users/ 
    method - POST 
    IP - ::1
   {"timestamp":"2023-12-15T08:34:31.175Z"}
info: Server started at http://localhost:3000/api/v1/ {"timestamp":"2023-12-15T08:35:49.576Z"}
info: Connected to the database. {"timestamp":"2023-12-15T08:35:49.607Z"}
error: 
    status - 500 
    message - ObjectParameterError: Parameter "filter" to findOne() must be an object, got uday563678@gmail.com
    at model.Query.Query.findOne (C:\Users\uday5\backEnd\Fundoo_NoteUser\node_modules\mongoose\lib\query.js:2321:16)
    at Function.findOne (C:\Users\uday5\backEnd\Fundoo_NoteUser\node_modules\mongoose\lib\model.js:2275:13)
    at _callee$ (C:\Users\uday5\backEnd\Fundoo_NoteUser\src\services\/user.service.js:7:28)
    at tryCatch (C:\Users\uday5\backEnd\Fundoo_NoteUser\node_modules\@babel\runtime\helpers\regeneratorRuntime.js:45:16)
    at Generator.<anonymous> (C:\Users\uday5\backEnd\Fundoo_NoteUser\node_modules\@babel\runtime\helpers\regeneratorRuntime.js:133:17)
    at Generator.next (C:\Users\uday5\backEnd\Fundoo_NoteUser\node_modules\@babel\runtime\helpers\regeneratorRuntime.js:74:21)
    at asyncGeneratorStep (C:\Users\uday5\backEnd\Fundoo_NoteUser\node_modules\@babel\runtime\helpers\asyncToGenerator.js:3:24)
    at _next (C:\Users\uday5\backEnd\Fundoo_NoteUser\node_modules\@babel\runtime\helpers\asyncToGenerator.js:22:9)
    at C:\Users\uday5\backEnd\Fundoo_NoteUser\node_modules\@babel\runtime\helpers\asyncToGenerator.js:27:7
    at new Promise (<anonymous>)
    at Object.apply (C:\Users\uday5\backEnd\Fundoo_NoteUser\node_modules\@babel\runtime\helpers\asyncToGenerator.js:19:12)
    at Object.createAnUser (C:\Users\uday5\backEnd\Fundoo_NoteUser\src\services\/user.service.js:4:26)
    at _callee$ (C:\Users\uday5\backEnd\Fundoo_NoteUser\src\controllers\/user.controller.js:12:40)
    at tryCatch (C:\Users\uday5\backEnd\Fundoo_NoteUser\node_modules\@babel\runtime\helpers\regeneratorRuntime.js:45:16)
    at Generator.<anonymous> (C:\Users\uday5\backEnd\Fundoo_NoteUser\node_modules\@babel\runtime\helpers\regeneratorRuntime.js:133:17)
    at Generator.next (C:\Users\uday5\backEnd\Fundoo_NoteUser\node_modules\@babel\runtime\helpers\regeneratorRuntime.js:74:21)
    at asyncGeneratorStep (C:\Users\uday5\backEnd\Fundoo_NoteUser\node_modules\@babel\runtime\helpers\asyncToGenerator.js:3:24)
    at _next (C:\Users\uday5\backEnd\Fundoo_NoteUser\node_modules\@babel\runtime\helpers\asyncToGenerator.js:22:9)
    at C:\Users\uday5\backEnd\Fundoo_NoteUser\node_modules\@babel\runtime\helpers\asyncToGenerator.js:27:7
    at new Promise (<anonymous>)
    at apply (C:\Users\uday5\backEnd\Fundoo_NoteUser\node_modules\@babel\runtime\helpers\asyncToGenerator.js:19:12)
    at createAnUser (C:\Users\uday5\backEnd\Fundoo_NoteUser\src\controllers\/user.controller.js:10:26)
    at Layer.handle [as handle_request] (C:\Users\uday5\backEnd\Fundoo_NoteUser\node_modules\express\lib\router\layer.js:95:5)
    at next (C:\Users\uday5\backEnd\Fundoo_NoteUser\node_modules\express\lib\router\route.js:144:13)
    at Route.dispatch (C:\Users\uday5\backEnd\Fundoo_NoteUser\node_modules\express\lib\router\route.js:114:3)
    at Layer.handle [as handle_request] (C:\Users\uday5\backEnd\Fundoo_NoteUser\node_modules\express\lib\router\layer.js:95:5)
    at C:\Users\uday5\backEnd\Fundoo_NoteUser\node_modules\express\lib\router\index.js:284:15
    at Function.process_params (C:\Users\uday5\backEnd\Fundoo_NoteUser\node_modules\express\lib\router\index.js:346:12)
    at next (C:\Users\uday5\backEnd\Fundoo_NoteUser\node_modules\express\lib\router\index.js:280:10)
    at Function.handle (C:\Users\uday5\backEnd\Fundoo_NoteUser\node_modules\express\lib\router\index.js:175:3)
    at router (C:\Users\uday5\backEnd\Fundoo_NoteUser\node_modules\express\lib\router\index.js:47:12)
    at Layer.handle [as handle_request] (C:\Users\uday5\backEnd\Fundoo_NoteUser\node_modules\express\lib\router\layer.js:95:5)
    at trim_prefix (C:\Users\uday5\backEnd\Fundoo_NoteUser\node_modules\express\lib\router\index.js:328:13)
    at C:\Users\uday5\backEnd\Fundoo_NoteUser\node_modules\express\lib\router\index.js:286:9
    at Function.process_params (C:\Users\uday5\backEnd\Fundoo_NoteUser\node_modules\express\lib\router\index.js:346:12)
    at next (C:\Users\uday5\backEnd\Fundoo_NoteUser\node_modules\express\lib\router\index.js:280:10)
    at Function.handle (C:\Users\uday5\backEnd\Fundoo_NoteUser\node_modules\express\lib\router\index.js:175:3)
    at router (C:\Users\uday5\backEnd\Fundoo_NoteUser\node_modules\express\lib\router\index.js:47:12)
    at Layer.handle [as handle_request] (C:\Users\uday5\backEnd\Fundoo_NoteUser\node_modules\express\lib\router\layer.js:95:5)
    at trim_prefix (C:\Users\uday5\backEnd\Fundoo_NoteUser\node_modules\express\lib\router\index.js:328:13)
    at C:\Users\uday5\backEnd\Fundoo_NoteUser\node_modules\express\lib\router\index.js:286:9
    at Function.process_params (C:\Users\uday5\backEnd\Fundoo_NoteUser\node_modules\express\lib\router\index.js:346:12)
    at next (C:\Users\uday5\backEnd\Fundoo_NoteUser\node_modules\express\lib\router\index.js:280:10)
    at logger (C:\Users\uday5\backEnd\Fundoo_NoteUser\node_modules\morgan\index.js:144:5)
    at Layer.handle [as handle_request] (C:\Users\uday5\backEnd\Fundoo_NoteUser\node_modules\express\lib\router\layer.js:95:5)
    at trim_prefix (C:\Users\uday5\backEnd\Fundoo_NoteUser\node_modules\express\lib\router\index.js:328:13)
    at C:\Users\uday5\backEnd\Fundoo_NoteUser\node_modules\express\lib\router\index.js:286:9
    at Function.process_params (C:\Users\uday5\backEnd\Fundoo_NoteUser\node_modules\express\lib\router\index.js:346:12)
    at next (C:\Users\uday5\backEnd\Fundoo_NoteUser\node_modules\express\lib\router\index.js:280:10)
    at C:\Users\uday5\backEnd\Fundoo_NoteUser\node_modules\body-parser\lib\read.js:137:5
    at AsyncResource.runInAsyncScope (node:async_hooks:206:9)
    at invokeCallback (C:\Users\uday5\backEnd\Fundoo_NoteUser\node_modules\raw-body\index.js:231:16)
    at done (C:\Users\uday5\backEnd\Fundoo_NoteUser\node_modules\raw-body\index.js:220:7)
    at IncomingMessage.onEnd (C:\Users\uday5\backEnd\Fundoo_NoteUser\node_modules\raw-body\index.js:280:7)
    at IncomingMessage.emit (node:events:514:28)
    at IncomingMessage.emit (node:domain:488:12) 
    url - /api/v1/users/ 
    method - POST 
    IP - ::1
   {"timestamp":"2023-12-15T08:35:58.814Z"}
info: Server started at http://localhost:3000/api/v1/ {"timestamp":"2023-12-15T08:37:40.747Z"}
info: Connected to the database. {"timestamp":"2023-12-15T08:37:40.769Z"}
info: Server started at http://localhost:3000/api/v1/ {"timestamp":"2023-12-15T08:38:16.792Z"}
info: Connected to the database. {"timestamp":"2023-12-15T08:38:16.824Z"}
info: Server started at http://localhost:3000/api/v1/ {"timestamp":"2023-12-15T08:40:49.568Z"}
info: Connected to the database. {"timestamp":"2023-12-15T08:40:49.593Z"}
info: Server started at http://localhost:3000/api/v1/ {"timestamp":"2023-12-15T08:42:58.817Z"}
info: Connected to the database. {"timestamp":"2023-12-15T08:42:58.839Z"}
info: Server started at http://localhost:3000/api/v1/ {"timestamp":"2023-12-15T08:47:14.633Z"}
info: Connected to the database. {"timestamp":"2023-12-15T08:47:14.655Z"}
info: Server started at http://localhost:3000/api/v1/ {"timestamp":"2023-12-15T08:50:44.228Z"}
info: Connected to the database. {"timestamp":"2023-12-15T08:50:44.253Z"}
info: Server started at http://localhost:3000/api/v1/ {"timestamp":"2023-12-15T08:54:01.890Z"}
info: Connected to the database. {"timestamp":"2023-12-15T08:54:01.911Z"}
info: Server started at http://localhost:3000/api/v1/ {"timestamp":"2023-12-15T08:55:13.165Z"}
info: Connected to the database. {"timestamp":"2023-12-15T08:55:13.186Z"}
info: Server started at http://localhost:3000/api/v1/ {"timestamp":"2023-12-15T08:56:33.726Z"}
info: Connected to the database. {"timestamp":"2023-12-15T08:56:33.753Z"}
info: Server started at http://localhost:3000/api/v1/ {"timestamp":"2023-12-15T08:58:57.434Z"}
info: Connected to the database. {"timestamp":"2023-12-15T08:58:57.468Z"}
info: Server started at http://localhost:3000/api/v1/ {"timestamp":"2023-12-15T08:59:49.971Z"}
info: Connected to the database. {"timestamp":"2023-12-15T08:59:49.999Z"}
info: Server started at http://localhost:3000/api/v1/ {"timestamp":"2023-12-15T09:02:20.434Z"}
info: Connected to the database. {"timestamp":"2023-12-15T09:02:20.462Z"}
info: Server started at http://localhost:3000/api/v1/ {"timestamp":"2023-12-15T09:10:36.249Z"}
info: Connected to the database. {"timestamp":"2023-12-15T09:10:36.272Z"}
info: Server started at http://localhost:3000/api/v1/ {"timestamp":"2023-12-15T09:14:18.144Z"}
info: Connected to the database. {"timestamp":"2023-12-15T09:14:18.165Z"}
info: Server started at http://localhost:3000/api/v1/ {"timestamp":"2023-12-15T09:15:23.090Z"}
info: Connected to the database. {"timestamp":"2023-12-15T09:15:23.118Z"}
info: Server started at http://localhost:3000/api/v1/ {"timestamp":"2023-12-15T09:17:58.576Z"}
info: Connected to the database. {"timestamp":"2023-12-15T09:17:58.598Z"}
info: Server started at http://localhost:3000/api/v1/ {"timestamp":"2023-12-15T09:24:18.082Z"}
info: Connected to the database. {"timestamp":"2023-12-15T09:24:18.108Z"}
info: Server started at http://localhost:3000/api/v1/ {"timestamp":"2023-12-15T09:25:49.239Z"}
info: Connected to the database. {"timestamp":"2023-12-15T09:25:49.264Z"}
info: Server started at http://localhost:3000/api/v1/ {"timestamp":"2023-12-15T09:26:19.113Z"}
info: Connected to the database. {"timestamp":"2023-12-15T09:26:19.139Z"}
info: Server started at http://localhost:3000/api/v1/ {"timestamp":"2023-12-15T09:26:50.264Z"}
info: Connected to the database. {"timestamp":"2023-12-15T09:26:50.286Z"}
info: Server started at http://localhost:3000/api/v1/ {"timestamp":"2023-12-15T09:27:19.482Z"}
info: Connected to the database. {"timestamp":"2023-12-15T09:27:19.506Z"}
info: Server started at http://localhost:3000/api/v1/ {"timestamp":"2023-12-15T09:29:15.193Z"}
info: Connected to the database. {"timestamp":"2023-12-15T09:29:15.217Z"}
info: Server started at http://localhost:3000/api/v1/ {"timestamp":"2023-12-15T09:29:24.173Z"}
info: Connected to the database. {"timestamp":"2023-12-15T09:29:24.194Z"}
info: Server started at http://localhost:3000/api/v1/ {"timestamp":"2023-12-15T09:30:39.066Z"}
info: Connected to the database. {"timestamp":"2023-12-15T09:30:39.087Z"}
info: Server started at http://localhost:3000/api/v1/ {"timestamp":"2023-12-15T09:31:25.290Z"}
info: Connected to the database. {"timestamp":"2023-12-15T09:31:25.323Z"}
info: Server started at http://localhost:3000/api/v1/ {"timestamp":"2023-12-15T09:31:50.210Z"}
info: Connected to the database. {"timestamp":"2023-12-15T09:31:50.240Z"}
info: Server started at http://localhost:3000/api/v1/ {"timestamp":"2023-12-15T09:33:19.914Z"}
info: Connected to the database. {"timestamp":"2023-12-15T09:33:19.934Z"}
info: Server started at http://localhost:3000/api/v1/ {"timestamp":"2023-12-15T09:33:41.040Z"}
info: Connected to the database. {"timestamp":"2023-12-15T09:33:41.062Z"}
info: Server started at http://localhost:3000/api/v1/ {"timestamp":"2023-12-15T09:34:14.093Z"}
info: Connected to the database. {"timestamp":"2023-12-15T09:34:14.118Z"}
info: Server started at http://localhost:3000/api/v1/ {"timestamp":"2023-12-15T09:34:39.306Z"}
info: Connected to the database. {"timestamp":"2023-12-15T09:34:39.331Z"}
info: Server started at http://localhost:3000/api/v1/ {"timestamp":"2023-12-15T09:36:06.508Z"}
info: Connected to the database. {"timestamp":"2023-12-15T09:36:06.536Z"}
info: Server started at http://localhost:3000/api/v1/ {"timestamp":"2023-12-15T09:37:38.442Z"}
info: Connected to the database. {"timestamp":"2023-12-15T09:37:38.468Z"}
info: Server started at http://localhost:3000/api/v1/ {"timestamp":"2023-12-15T09:37:51.291Z"}
info: Connected to the database. {"timestamp":"2023-12-15T09:37:51.315Z"}
info: Server started at http://localhost:3000/api/v1/ {"timestamp":"2023-12-15T09:38:29.038Z"}
info: Connected to the database. {"timestamp":"2023-12-15T09:38:29.065Z"}
info: Server started at http://localhost:3000/api/v1/ {"timestamp":"2023-12-15T09:38:39.318Z"}
info: Connected to the database. {"timestamp":"2023-12-15T09:38:39.349Z"}
info: Server started at http://localhost:3000/api/v1/ {"timestamp":"2023-12-15T09:40:12.140Z"}
info: Connected to the database. {"timestamp":"2023-12-15T09:40:12.163Z"}
info: Server started at http://localhost:3000/api/v1/ {"timestamp":"2023-12-15T09:41:03.002Z"}
info: Connected to the database. {"timestamp":"2023-12-15T09:41:03.029Z"}
info: Server started at http://localhost:3000/api/v1/ {"timestamp":"2023-12-15T09:42:58.862Z"}
info: Connected to the database. {"timestamp":"2023-12-15T09:42:58.882Z"}
info: Server started at http://localhost:3000/api/v1/ {"timestamp":"2023-12-15T09:43:53.148Z"}
info: Connected to the database. {"timestamp":"2023-12-15T09:43:53.174Z"}
info: Server started at http://localhost:3000/api/v1/ {"timestamp":"2023-12-15T09:50:41.889Z"}
info: Connected to the database. {"timestamp":"2023-12-15T09:50:41.911Z"}
info: Server started at http://localhost:3000/api/v1/ {"timestamp":"2023-12-15T10:02:16.314Z"}
info: Connected to the database. {"timestamp":"2023-12-15T10:02:16.343Z"}
info: Server started at http://localhost:3000/api/v1/ {"timestamp":"2023-12-15T10:06:19.620Z"}
info: Connected to the database. {"timestamp":"2023-12-15T10:06:19.645Z"}
info: Server started at http://localhost:3000/api/v1/ {"timestamp":"2023-12-15T10:08:09.041Z"}
info: Connected to the database. {"timestamp":"2023-12-15T10:08:09.062Z"}
info: Server started at http://localhost:3000/api/v1/ {"timestamp":"2023-12-15T10:08:54.031Z"}
info: Connected to the database. {"timestamp":"2023-12-15T10:08:54.054Z"}
info: Server started at http://localhost:3000/api/v1/ {"timestamp":"2023-12-15T10:09:03.086Z"}
info: Connected to the database. {"timestamp":"2023-12-15T10:09:03.110Z"}
info: Server started at http://localhost:3000/api/v1/ {"timestamp":"2023-12-15T10:11:37.629Z"}
info: Connected to the database. {"timestamp":"2023-12-15T10:11:37.653Z"}
info: Server started at http://localhost:3000/api/v1/ {"timestamp":"2023-12-15T10:13:46.775Z"}
info: Connected to the database. {"timestamp":"2023-12-15T10:13:46.804Z"}
info: Server started at http://localhost:3000/api/v1/ {"timestamp":"2023-12-15T10:14:42.054Z"}
info: Connected to the database. {"timestamp":"2023-12-15T10:14:42.076Z"}
info: Server started at http://localhost:3000/api/v1/ {"timestamp":"2023-12-15T10:16:59.219Z"}
info: Connected to the database. {"timestamp":"2023-12-15T10:16:59.244Z"}
info: Server started at http://localhost:3000/api/v1/ {"timestamp":"2023-12-15T10:17:46.552Z"}
info: Connected to the database. {"timestamp":"2023-12-15T10:17:46.580Z"}
info: Server started at http://localhost:3000/api/v1/ {"timestamp":"2023-12-15T10:20:31.518Z"}
info: Connected to the database. {"timestamp":"2023-12-15T10:20:31.539Z"}
info: Server started at http://localhost:3000/api/v1/ {"timestamp":"2023-12-15T10:23:02.471Z"}
info: Connected to the database. {"timestamp":"2023-12-15T10:23:02.501Z"}
info: Server started at http://localhost:3000/api/v1/ {"timestamp":"2023-12-15T10:24:53.651Z"}
info: Connected to the database. {"timestamp":"2023-12-15T10:24:53.691Z"}
info: Server started at http://localhost:3000/api/v1/ {"timestamp":"2023-12-15T10:28:28.657Z"}
info: Connected to the database. {"timestamp":"2023-12-15T10:28:28.691Z"}
info: Server started at http://localhost:3000/api/v1/ {"timestamp":"2023-12-15T10:31:40.336Z"}
info: Connected to the database. {"timestamp":"2023-12-15T10:31:40.355Z"}
info: Server started at http://localhost:3000/api/v1/ {"timestamp":"2023-12-15T10:33:58.664Z"}
info: Connected to the database. {"timestamp":"2023-12-15T10:33:58.686Z"}
info: Server started at http://localhost:3000/api/v1/ {"timestamp":"2023-12-15T10:35:21.145Z"}
info: Connected to the database. {"timestamp":"2023-12-15T10:35:21.164Z"}
info: Server started at http://localhost:3000/api/v1/ {"timestamp":"2023-12-15T10:38:37.280Z"}
info: Connected to the database. {"timestamp":"2023-12-15T10:38:37.298Z"}
info: Server started at http://localhost:3000/api/v1/ {"timestamp":"2023-12-15T10:39:21.953Z"}
info: Connected to the database. {"timestamp":"2023-12-15T10:39:21.997Z"}
info: Server started at http://localhost:3000/api/v1/ {"timestamp":"2023-12-15T10:39:54.807Z"}
info: Connected to the database. {"timestamp":"2023-12-15T10:39:54.826Z"}
info: Server started at http://localhost:3000/api/v1/ {"timestamp":"2023-12-15T10:42:39.059Z"}
info: Connected to the database. {"timestamp":"2023-12-15T10:42:39.079Z"}
info: Server started at http://localhost:3000/api/v1/ {"timestamp":"2023-12-15T10:43:40.811Z"}
info: Connected to the database. {"timestamp":"2023-12-15T10:43:40.834Z"}
info: Server started at http://localhost:3000/api/v1/ {"timestamp":"2023-12-15T10:44:02.096Z"}
info: Connected to the database. {"timestamp":"2023-12-15T10:44:02.118Z"}
info: Server started at http://localhost:3000/api/v1/ {"timestamp":"2023-12-15T10:44:43.732Z"}
info: Connected to the database. {"timestamp":"2023-12-15T10:44:43.761Z"}
