info: Server started at http://localhost:3000/api/v1/ {"timestamp":"2023-12-14T07:09:13.129Z"}
info: Connected to the database. {"timestamp":"2023-12-14T07:09:19.834Z"}
info: Server started at http://localhost:3000/api/v1/ {"timestamp":"2023-12-14T07:11:44.362Z"}
info: Connected to the database. {"timestamp":"2023-12-14T07:11:44.396Z"}
info: Server started at http://localhost:3000/api/v1/ {"timestamp":"2023-12-14T07:16:41.661Z"}
info: Connected to the database. {"timestamp":"2023-12-14T07:16:41.685Z"}
info: Server started at http://localhost:3000/api/v1/ {"timestamp":"2023-12-14T07:19:05.346Z"}
info: Connected to the database. {"timestamp":"2023-12-14T07:19:05.366Z"}
info: Server started at http://localhost:3000/api/v1/ {"timestamp":"2023-12-14T07:29:35.239Z"}
info: Connected to the database. {"timestamp":"2023-12-14T07:29:35.259Z"}
info: Server started at http://localhost:3000/api/v1/ {"timestamp":"2023-12-14T07:34:37.721Z"}
info: Connected to the database. {"timestamp":"2023-12-14T07:34:37.741Z"}
error: 
    status - 500 
    message - ValidationError: "mail" is not allowed 
    url - /api/v1/users/ 
    method - POST 
    IP - ::1
   {"timestamp":"2023-12-14T07:35:58.130Z"}
error: 
    status - 500 
    message - ValidationError: "mail" is not allowed 
    url - /api/v1/users/ 
    method - POST 
    IP - ::1
   {"timestamp":"2023-12-14T07:37:44.892Z"}
info: Server started at http://localhost:3000/api/v1/ {"timestamp":"2023-12-14T07:38:36.484Z"}
info: Connected to the database. {"timestamp":"2023-12-14T07:38:36.504Z"}
info: Server started at http://localhost:3000/api/v1/ {"timestamp":"2023-12-14T07:39:10.057Z"}
info: Connected to the database. {"timestamp":"2023-12-14T07:39:10.077Z"}
info: Server started at http://localhost:3000/api/v1/ {"timestamp":"2023-12-14T07:40:56.721Z"}
info: Connected to the database. {"timestamp":"2023-12-14T07:40:56.744Z"}
error: uncaughtException: Router.use() requires a middleware function but got a Object
TypeError: Router.use() requires a middleware function but got a Object
    at Function.use (C:\Users\uday5\backEnd\Fundoo_Note\node_modules\express\lib\router\index.js:469:13)
    at routes (C:\Users\uday5\backEnd\Fundoo_Note\src\routes\/index.js:14:10)
    at Object.<anonymous> (C:\Users\uday5\backEnd\Fundoo_Note\src\/index.js:32:38)
    at Module._compile (node:internal/modules/cjs/loader:1376:14)
    at Module._compile (C:\Users\uday5\backEnd\Fundoo_Note\node_modules\pirates\lib\index.js:117:24)
    at Module._extensions..js (node:internal/modules/cjs/loader:1435:10)
    at Object.newLoader [as .js] (C:\Users\uday5\backEnd\Fundoo_Note\node_modules\pirates\lib\index.js:121:7)
    at Module.load (node:internal/modules/cjs/loader:1207:32)
    at Function.Module._load (node:internal/modules/cjs/loader:1023:12)
    at Function.runMain (node:internal/modules/run_main:135:12)
    at Object.<anonymous> (C:\Users\uday5\backEnd\Fundoo_Note\node_modules\@babel\node\src\_babel-node.ts:222:12)
    at Module._compile (node:internal/modules/cjs/loader:1376:14)
    at Object.Module._extensions..js (node:internal/modules/cjs/loader:1435:10)
    at Module.load (node:internal/modules/cjs/loader:1207:32)
    at Function.Module._load (node:internal/modules/cjs/loader:1023:12)
    at Function.executeUserEntryPoint [as runMain] (node:internal/modules/run_main:135:12)
    at node:internal/main/run_main_module:28:49 {"date":"Thu Dec 14 2023 13:13:13 GMT+0530 (India Standard Time)","error":{},"exception":true,"os":{"loadavg":[0,0,0],"uptime":4035599.562},"process":{"argv":["node","C:\\Users\\uday5\\backEnd\\Fundoo_Note\\src\\index.js"],"cwd":"C:\\Users\\uday5\\backEnd\\Fundoo_Note","execPath":"C:\\Program Files\\nodejs\\node.exe","gid":null,"memoryUsage":{"arrayBuffers":18262399,"external":21311320,"heapTotal":85131264,"heapUsed":44567104,"rss":121413632},"pid":4452,"uid":null,"version":"v20.10.0"},"stack":"TypeError: Router.use() requires a middleware function but got a Object\n    at Function.use (C:\\Users\\uday5\\backEnd\\Fundoo_Note\\node_modules\\express\\lib\\router\\index.js:469:13)\n    at routes (C:\\Users\\uday5\\backEnd\\Fundoo_Note\\src\\routes\\/index.js:14:10)\n    at Object.<anonymous> (C:\\Users\\uday5\\backEnd\\Fundoo_Note\\src\\/index.js:32:38)\n    at Module._compile (node:internal/modules/cjs/loader:1376:14)\n    at Module._compile (C:\\Users\\uday5\\backEnd\\Fundoo_Note\\node_modules\\pirates\\lib\\index.js:117:24)\n    at Module._extensions..js (node:internal/modules/cjs/loader:1435:10)\n    at Object.newLoader [as .js] (C:\\Users\\uday5\\backEnd\\Fundoo_Note\\node_modules\\pirates\\lib\\index.js:121:7)\n    at Module.load (node:internal/modules/cjs/loader:1207:32)\n    at Function.Module._load (node:internal/modules/cjs/loader:1023:12)\n    at Function.runMain (node:internal/modules/run_main:135:12)\n    at Object.<anonymous> (C:\\Users\\uday5\\backEnd\\Fundoo_Note\\node_modules\\@babel\\node\\src\\_babel-node.ts:222:12)\n    at Module._compile (node:internal/modules/cjs/loader:1376:14)\n    at Object.Module._extensions..js (node:internal/modules/cjs/loader:1435:10)\n    at Module.load (node:internal/modules/cjs/loader:1207:32)\n    at Function.Module._load (node:internal/modules/cjs/loader:1023:12)\n    at Function.executeUserEntryPoint [as runMain] (node:internal/modules/run_main:135:12)\n    at node:internal/main/run_main_module:28:49","timestamp":"2023-12-14T07:43:13.615Z","trace":[{"column":13,"file":"C:\\Users\\uday5\\backEnd\\Fundoo_Note\\node_modules\\express\\lib\\router\\index.js","function":"Function.use","line":469,"method":"use","native":false},{"column":10,"file":"C:\\Users\\uday5\\backEnd\\Fundoo_Note\\src\\routes\\/index.js","function":"routes","line":14,"method":null,"native":false},{"column":38,"file":"C:\\Users\\uday5\\backEnd\\Fundoo_Note\\src\\/index.js","function":null,"line":32,"method":null,"native":false},{"column":14,"file":"node:internal/modules/cjs/loader","function":"Module._compile","line":1376,"method":"_compile","native":false},{"column":24,"file":"C:\\Users\\uday5\\backEnd\\Fundoo_Note\\node_modules\\pirates\\lib\\index.js","function":"Module._compile","line":117,"method":"_compile","native":false},{"column":10,"file":"node:internal/modules/cjs/loader","function":"Module._extensions..js","line":1435,"method":".js","native":false},{"column":7,"file":"C:\\Users\\uday5\\backEnd\\Fundoo_Note\\node_modules\\pirates\\lib\\index.js","function":"Object.newLoader [as .js]","line":121,"method":"js]","native":false},{"column":32,"file":"node:internal/modules/cjs/loader","function":"Module.load","line":1207,"method":"load","native":false},{"column":12,"file":"node:internal/modules/cjs/loader","function":"Module._load","line":1023,"method":"_load","native":false},{"column":12,"file":"node:internal/modules/run_main","function":"Function.runMain","line":135,"method":"runMain","native":false},{"column":12,"file":"C:\\Users\\uday5\\backEnd\\Fundoo_Note\\node_modules\\@babel\\node\\src\\_babel-node.ts","function":null,"line":222,"method":null,"native":false},{"column":14,"file":"node:internal/modules/cjs/loader","function":"Module._compile","line":1376,"method":"_compile","native":false},{"column":10,"file":"node:internal/modules/cjs/loader","function":"Module._extensions..js","line":1435,"method":".js","native":false},{"column":32,"file":"node:internal/modules/cjs/loader","function":"Module.load","line":1207,"method":"load","native":false},{"column":12,"file":"node:internal/modules/cjs/loader","function":"Module._load","line":1023,"method":"_load","native":false},{"column":12,"file":"node:internal/modules/run_main","function":"Function.executeUserEntryPoint [as runMain]","line":135,"method":"executeUserEntryPoint [as runMain]","native":false},{"column":49,"file":"node:internal/main/run_main_module","function":null,"line":28,"method":null,"native":false}]}
error: uncaughtException: Router.use() requires a middleware function but got a Object
TypeError: Router.use() requires a middleware function but got a Object
    at Function.use (C:\Users\uday5\backEnd\Fundoo_Note\node_modules\express\lib\router\index.js:469:13)
    at routes (C:\Users\uday5\backEnd\Fundoo_Note\src\routes\/index.js:14:10)
    at Object.<anonymous> (C:\Users\uday5\backEnd\Fundoo_Note\src\/index.js:32:38)
    at Module._compile (node:internal/modules/cjs/loader:1376:14)
    at Module._compile (C:\Users\uday5\backEnd\Fundoo_Note\node_modules\pirates\lib\index.js:117:24)
    at Module._extensions..js (node:internal/modules/cjs/loader:1435:10)
    at Object.newLoader [as .js] (C:\Users\uday5\backEnd\Fundoo_Note\node_modules\pirates\lib\index.js:121:7)
    at Module.load (node:internal/modules/cjs/loader:1207:32)
    at Function.Module._load (node:internal/modules/cjs/loader:1023:12)
    at Function.runMain (node:internal/modules/run_main:135:12)
    at Object.<anonymous> (C:\Users\uday5\backEnd\Fundoo_Note\node_modules\@babel\node\src\_babel-node.ts:222:12)
    at Module._compile (node:internal/modules/cjs/loader:1376:14)
    at Object.Module._extensions..js (node:internal/modules/cjs/loader:1435:10)
    at Module.load (node:internal/modules/cjs/loader:1207:32)
    at Function.Module._load (node:internal/modules/cjs/loader:1023:12)
    at Function.executeUserEntryPoint [as runMain] (node:internal/modules/run_main:135:12)
    at node:internal/main/run_main_module:28:49 {"date":"Thu Dec 14 2023 13:13:43 GMT+0530 (India Standard Time)","error":{},"exception":true,"os":{"loadavg":[0,0,0],"uptime":4035629.687},"process":{"argv":["node","C:\\Users\\uday5\\backEnd\\Fundoo_Note\\src\\index.js"],"cwd":"C:\\Users\\uday5\\backEnd\\Fundoo_Note","execPath":"C:\\Program Files\\nodejs\\node.exe","gid":null,"memoryUsage":{"arrayBuffers":18262399,"external":21311320,"heapTotal":85131264,"heapUsed":48726488,"rss":121065472},"pid":28188,"uid":null,"version":"v20.10.0"},"stack":"TypeError: Router.use() requires a middleware function but got a Object\n    at Function.use (C:\\Users\\uday5\\backEnd\\Fundoo_Note\\node_modules\\express\\lib\\router\\index.js:469:13)\n    at routes (C:\\Users\\uday5\\backEnd\\Fundoo_Note\\src\\routes\\/index.js:14:10)\n    at Object.<anonymous> (C:\\Users\\uday5\\backEnd\\Fundoo_Note\\src\\/index.js:32:38)\n    at Module._compile (node:internal/modules/cjs/loader:1376:14)\n    at Module._compile (C:\\Users\\uday5\\backEnd\\Fundoo_Note\\node_modules\\pirates\\lib\\index.js:117:24)\n    at Module._extensions..js (node:internal/modules/cjs/loader:1435:10)\n    at Object.newLoader [as .js] (C:\\Users\\uday5\\backEnd\\Fundoo_Note\\node_modules\\pirates\\lib\\index.js:121:7)\n    at Module.load (node:internal/modules/cjs/loader:1207:32)\n    at Function.Module._load (node:internal/modules/cjs/loader:1023:12)\n    at Function.runMain (node:internal/modules/run_main:135:12)\n    at Object.<anonymous> (C:\\Users\\uday5\\backEnd\\Fundoo_Note\\node_modules\\@babel\\node\\src\\_babel-node.ts:222:12)\n    at Module._compile (node:internal/modules/cjs/loader:1376:14)\n    at Object.Module._extensions..js (node:internal/modules/cjs/loader:1435:10)\n    at Module.load (node:internal/modules/cjs/loader:1207:32)\n    at Function.Module._load (node:internal/modules/cjs/loader:1023:12)\n    at Function.executeUserEntryPoint [as runMain] (node:internal/modules/run_main:135:12)\n    at node:internal/main/run_main_module:28:49","timestamp":"2023-12-14T07:43:43.737Z","trace":[{"column":13,"file":"C:\\Users\\uday5\\backEnd\\Fundoo_Note\\node_modules\\express\\lib\\router\\index.js","function":"Function.use","line":469,"method":"use","native":false},{"column":10,"file":"C:\\Users\\uday5\\backEnd\\Fundoo_Note\\src\\routes\\/index.js","function":"routes","line":14,"method":null,"native":false},{"column":38,"file":"C:\\Users\\uday5\\backEnd\\Fundoo_Note\\src\\/index.js","function":null,"line":32,"method":null,"native":false},{"column":14,"file":"node:internal/modules/cjs/loader","function":"Module._compile","line":1376,"method":"_compile","native":false},{"column":24,"file":"C:\\Users\\uday5\\backEnd\\Fundoo_Note\\node_modules\\pirates\\lib\\index.js","function":"Module._compile","line":117,"method":"_compile","native":false},{"column":10,"file":"node:internal/modules/cjs/loader","function":"Module._extensions..js","line":1435,"method":".js","native":false},{"column":7,"file":"C:\\Users\\uday5\\backEnd\\Fundoo_Note\\node_modules\\pirates\\lib\\index.js","function":"Object.newLoader [as .js]","line":121,"method":"js]","native":false},{"column":32,"file":"node:internal/modules/cjs/loader","function":"Module.load","line":1207,"method":"load","native":false},{"column":12,"file":"node:internal/modules/cjs/loader","function":"Module._load","line":1023,"method":"_load","native":false},{"column":12,"file":"node:internal/modules/run_main","function":"Function.runMain","line":135,"method":"runMain","native":false},{"column":12,"file":"C:\\Users\\uday5\\backEnd\\Fundoo_Note\\node_modules\\@babel\\node\\src\\_babel-node.ts","function":null,"line":222,"method":null,"native":false},{"column":14,"file":"node:internal/modules/cjs/loader","function":"Module._compile","line":1376,"method":"_compile","native":false},{"column":10,"file":"node:internal/modules/cjs/loader","function":"Module._extensions..js","line":1435,"method":".js","native":false},{"column":32,"file":"node:internal/modules/cjs/loader","function":"Module.load","line":1207,"method":"load","native":false},{"column":12,"file":"node:internal/modules/cjs/loader","function":"Module._load","line":1023,"method":"_load","native":false},{"column":12,"file":"node:internal/modules/run_main","function":"Function.executeUserEntryPoint [as runMain]","line":135,"method":"executeUserEntryPoint [as runMain]","native":false},{"column":49,"file":"node:internal/main/run_main_module","function":null,"line":28,"method":null,"native":false}]}
error: uncaughtException: Router.use() requires a middleware function but got a Object
TypeError: Router.use() requires a middleware function but got a Object
    at Function.use (C:\Users\uday5\backEnd\Fundoo_Note\node_modules\express\lib\router\index.js:469:13)
    at routes (C:\Users\uday5\backEnd\Fundoo_Note\src\routes\/index.js:14:10)
    at Object.<anonymous> (C:\Users\uday5\backEnd\Fundoo_Note\src\/index.js:32:38)
    at Module._compile (node:internal/modules/cjs/loader:1376:14)
    at Module._compile (C:\Users\uday5\backEnd\Fundoo_Note\node_modules\pirates\lib\index.js:117:24)
    at Module._extensions..js (node:internal/modules/cjs/loader:1435:10)
    at Object.newLoader [as .js] (C:\Users\uday5\backEnd\Fundoo_Note\node_modules\pirates\lib\index.js:121:7)
    at Module.load (node:internal/modules/cjs/loader:1207:32)
    at Function.Module._load (node:internal/modules/cjs/loader:1023:12)
    at Function.runMain (node:internal/modules/run_main:135:12)
    at Object.<anonymous> (C:\Users\uday5\backEnd\Fundoo_Note\node_modules\@babel\node\src\_babel-node.ts:222:12)
    at Module._compile (node:internal/modules/cjs/loader:1376:14)
    at Object.Module._extensions..js (node:internal/modules/cjs/loader:1435:10)
    at Module.load (node:internal/modules/cjs/loader:1207:32)
    at Function.Module._load (node:internal/modules/cjs/loader:1023:12)
    at Function.executeUserEntryPoint [as runMain] (node:internal/modules/run_main:135:12)
    at node:internal/main/run_main_module:28:49 {"date":"Thu Dec 14 2023 13:14:00 GMT+0530 (India Standard Time)","error":{},"exception":true,"os":{"loadavg":[0,0,0],"uptime":4035646.578},"process":{"argv":["node","C:\\Users\\uday5\\backEnd\\Fundoo_Note\\src\\index.js"],"cwd":"C:\\Users\\uday5\\backEnd\\Fundoo_Note","execPath":"C:\\Program Files\\nodejs\\node.exe","gid":null,"memoryUsage":{"arrayBuffers":18262399,"external":21327704,"heapTotal":83296256,"heapUsed":44870408,"rss":120233984},"pid":12548,"uid":null,"version":"v20.10.0"},"stack":"TypeError: Router.use() requires a middleware function but got a Object\n    at Function.use (C:\\Users\\uday5\\backEnd\\Fundoo_Note\\node_modules\\express\\lib\\router\\index.js:469:13)\n    at routes (C:\\Users\\uday5\\backEnd\\Fundoo_Note\\src\\routes\\/index.js:14:10)\n    at Object.<anonymous> (C:\\Users\\uday5\\backEnd\\Fundoo_Note\\src\\/index.js:32:38)\n    at Module._compile (node:internal/modules/cjs/loader:1376:14)\n    at Module._compile (C:\\Users\\uday5\\backEnd\\Fundoo_Note\\node_modules\\pirates\\lib\\index.js:117:24)\n    at Module._extensions..js (node:internal/modules/cjs/loader:1435:10)\n    at Object.newLoader [as .js] (C:\\Users\\uday5\\backEnd\\Fundoo_Note\\node_modules\\pirates\\lib\\index.js:121:7)\n    at Module.load (node:internal/modules/cjs/loader:1207:32)\n    at Function.Module._load (node:internal/modules/cjs/loader:1023:12)\n    at Function.runMain (node:internal/modules/run_main:135:12)\n    at Object.<anonymous> (C:\\Users\\uday5\\backEnd\\Fundoo_Note\\node_modules\\@babel\\node\\src\\_babel-node.ts:222:12)\n    at Module._compile (node:internal/modules/cjs/loader:1376:14)\n    at Object.Module._extensions..js (node:internal/modules/cjs/loader:1435:10)\n    at Module.load (node:internal/modules/cjs/loader:1207:32)\n    at Function.Module._load (node:internal/modules/cjs/loader:1023:12)\n    at Function.executeUserEntryPoint [as runMain] (node:internal/modules/run_main:135:12)\n    at node:internal/main/run_main_module:28:49","timestamp":"2023-12-14T07:44:00.622Z","trace":[{"column":13,"file":"C:\\Users\\uday5\\backEnd\\Fundoo_Note\\node_modules\\express\\lib\\router\\index.js","function":"Function.use","line":469,"method":"use","native":false},{"column":10,"file":"C:\\Users\\uday5\\backEnd\\Fundoo_Note\\src\\routes\\/index.js","function":"routes","line":14,"method":null,"native":false},{"column":38,"file":"C:\\Users\\uday5\\backEnd\\Fundoo_Note\\src\\/index.js","function":null,"line":32,"method":null,"native":false},{"column":14,"file":"node:internal/modules/cjs/loader","function":"Module._compile","line":1376,"method":"_compile","native":false},{"column":24,"file":"C:\\Users\\uday5\\backEnd\\Fundoo_Note\\node_modules\\pirates\\lib\\index.js","function":"Module._compile","line":117,"method":"_compile","native":false},{"column":10,"file":"node:internal/modules/cjs/loader","function":"Module._extensions..js","line":1435,"method":".js","native":false},{"column":7,"file":"C:\\Users\\uday5\\backEnd\\Fundoo_Note\\node_modules\\pirates\\lib\\index.js","function":"Object.newLoader [as .js]","line":121,"method":"js]","native":false},{"column":32,"file":"node:internal/modules/cjs/loader","function":"Module.load","line":1207,"method":"load","native":false},{"column":12,"file":"node:internal/modules/cjs/loader","function":"Module._load","line":1023,"method":"_load","native":false},{"column":12,"file":"node:internal/modules/run_main","function":"Function.runMain","line":135,"method":"runMain","native":false},{"column":12,"file":"C:\\Users\\uday5\\backEnd\\Fundoo_Note\\node_modules\\@babel\\node\\src\\_babel-node.ts","function":null,"line":222,"method":null,"native":false},{"column":14,"file":"node:internal/modules/cjs/loader","function":"Module._compile","line":1376,"method":"_compile","native":false},{"column":10,"file":"node:internal/modules/cjs/loader","function":"Module._extensions..js","line":1435,"method":".js","native":false},{"column":32,"file":"node:internal/modules/cjs/loader","function":"Module.load","line":1207,"method":"load","native":false},{"column":12,"file":"node:internal/modules/cjs/loader","function":"Module._load","line":1023,"method":"_load","native":false},{"column":12,"file":"node:internal/modules/run_main","function":"Function.executeUserEntryPoint [as runMain]","line":135,"method":"executeUserEntryPoint [as runMain]","native":false},{"column":49,"file":"node:internal/main/run_main_module","function":null,"line":28,"method":null,"native":false}]}
error: uncaughtException: Router.use() requires a middleware function but got a Object
TypeError: Router.use() requires a middleware function but got a Object
    at Function.use (C:\Users\uday5\backEnd\Fundoo_Note\node_modules\express\lib\router\index.js:469:13)
    at routes (C:\Users\uday5\backEnd\Fundoo_Note\src\routes\/index.js:14:10)
    at Object.<anonymous> (C:\Users\uday5\backEnd\Fundoo_Note\src\/index.js:32:38)
    at Module._compile (node:internal/modules/cjs/loader:1376:14)
    at Module._compile (C:\Users\uday5\backEnd\Fundoo_Note\node_modules\pirates\lib\index.js:117:24)
    at Module._extensions..js (node:internal/modules/cjs/loader:1435:10)
    at Object.newLoader [as .js] (C:\Users\uday5\backEnd\Fundoo_Note\node_modules\pirates\lib\index.js:121:7)
    at Module.load (node:internal/modules/cjs/loader:1207:32)
    at Function.Module._load (node:internal/modules/cjs/loader:1023:12)
    at Function.runMain (node:internal/modules/run_main:135:12)
    at Object.<anonymous> (C:\Users\uday5\backEnd\Fundoo_Note\node_modules\@babel\node\src\_babel-node.ts:222:12)
    at Module._compile (node:internal/modules/cjs/loader:1376:14)
    at Object.Module._extensions..js (node:internal/modules/cjs/loader:1435:10)
    at Module.load (node:internal/modules/cjs/loader:1207:32)
    at Function.Module._load (node:internal/modules/cjs/loader:1023:12)
    at Function.executeUserEntryPoint [as runMain] (node:internal/modules/run_main:135:12)
    at node:internal/main/run_main_module:28:49 {"date":"Thu Dec 14 2023 13:15:13 GMT+0530 (India Standard Time)","error":{},"exception":true,"os":{"loadavg":[0,0,0],"uptime":4035719.734},"process":{"argv":["node","C:\\Users\\uday5\\backEnd\\Fundoo_Note\\src\\index.js"],"cwd":"C:\\Users\\uday5\\backEnd\\Fundoo_Note","execPath":"C:\\Program Files\\nodejs\\node.exe","gid":null,"memoryUsage":{"arrayBuffers":18262399,"external":21327704,"heapTotal":83558400,"heapUsed":44665872,"rss":120274944},"pid":17228,"uid":null,"version":"v20.10.0"},"stack":"TypeError: Router.use() requires a middleware function but got a Object\n    at Function.use (C:\\Users\\uday5\\backEnd\\Fundoo_Note\\node_modules\\express\\lib\\router\\index.js:469:13)\n    at routes (C:\\Users\\uday5\\backEnd\\Fundoo_Note\\src\\routes\\/index.js:14:10)\n    at Object.<anonymous> (C:\\Users\\uday5\\backEnd\\Fundoo_Note\\src\\/index.js:32:38)\n    at Module._compile (node:internal/modules/cjs/loader:1376:14)\n    at Module._compile (C:\\Users\\uday5\\backEnd\\Fundoo_Note\\node_modules\\pirates\\lib\\index.js:117:24)\n    at Module._extensions..js (node:internal/modules/cjs/loader:1435:10)\n    at Object.newLoader [as .js] (C:\\Users\\uday5\\backEnd\\Fundoo_Note\\node_modules\\pirates\\lib\\index.js:121:7)\n    at Module.load (node:internal/modules/cjs/loader:1207:32)\n    at Function.Module._load (node:internal/modules/cjs/loader:1023:12)\n    at Function.runMain (node:internal/modules/run_main:135:12)\n    at Object.<anonymous> (C:\\Users\\uday5\\backEnd\\Fundoo_Note\\node_modules\\@babel\\node\\src\\_babel-node.ts:222:12)\n    at Module._compile (node:internal/modules/cjs/loader:1376:14)\n    at Object.Module._extensions..js (node:internal/modules/cjs/loader:1435:10)\n    at Module.load (node:internal/modules/cjs/loader:1207:32)\n    at Function.Module._load (node:internal/modules/cjs/loader:1023:12)\n    at Function.executeUserEntryPoint [as runMain] (node:internal/modules/run_main:135:12)\n    at node:internal/main/run_main_module:28:49","timestamp":"2023-12-14T07:45:13.791Z","trace":[{"column":13,"file":"C:\\Users\\uday5\\backEnd\\Fundoo_Note\\node_modules\\express\\lib\\router\\index.js","function":"Function.use","line":469,"method":"use","native":false},{"column":10,"file":"C:\\Users\\uday5\\backEnd\\Fundoo_Note\\src\\routes\\/index.js","function":"routes","line":14,"method":null,"native":false},{"column":38,"file":"C:\\Users\\uday5\\backEnd\\Fundoo_Note\\src\\/index.js","function":null,"line":32,"method":null,"native":false},{"column":14,"file":"node:internal/modules/cjs/loader","function":"Module._compile","line":1376,"method":"_compile","native":false},{"column":24,"file":"C:\\Users\\uday5\\backEnd\\Fundoo_Note\\node_modules\\pirates\\lib\\index.js","function":"Module._compile","line":117,"method":"_compile","native":false},{"column":10,"file":"node:internal/modules/cjs/loader","function":"Module._extensions..js","line":1435,"method":".js","native":false},{"column":7,"file":"C:\\Users\\uday5\\backEnd\\Fundoo_Note\\node_modules\\pirates\\lib\\index.js","function":"Object.newLoader [as .js]","line":121,"method":"js]","native":false},{"column":32,"file":"node:internal/modules/cjs/loader","function":"Module.load","line":1207,"method":"load","native":false},{"column":12,"file":"node:internal/modules/cjs/loader","function":"Module._load","line":1023,"method":"_load","native":false},{"column":12,"file":"node:internal/modules/run_main","function":"Function.runMain","line":135,"method":"runMain","native":false},{"column":12,"file":"C:\\Users\\uday5\\backEnd\\Fundoo_Note\\node_modules\\@babel\\node\\src\\_babel-node.ts","function":null,"line":222,"method":null,"native":false},{"column":14,"file":"node:internal/modules/cjs/loader","function":"Module._compile","line":1376,"method":"_compile","native":false},{"column":10,"file":"node:internal/modules/cjs/loader","function":"Module._extensions..js","line":1435,"method":".js","native":false},{"column":32,"file":"node:internal/modules/cjs/loader","function":"Module.load","line":1207,"method":"load","native":false},{"column":12,"file":"node:internal/modules/cjs/loader","function":"Module._load","line":1023,"method":"_load","native":false},{"column":12,"file":"node:internal/modules/run_main","function":"Function.executeUserEntryPoint [as runMain]","line":135,"method":"executeUserEntryPoint [as runMain]","native":false},{"column":49,"file":"node:internal/main/run_main_module","function":null,"line":28,"method":null,"native":false}]}
error: uncaughtException: Router.use() requires a middleware function but got a Object
TypeError: Router.use() requires a middleware function but got a Object
    at Function.use (C:\Users\uday5\backEnd\Fundoo_Note\node_modules\express\lib\router\index.js:469:13)
    at routes (C:\Users\uday5\backEnd\Fundoo_Note\src\routes\/index.js:14:10)
    at Object.<anonymous> (C:\Users\uday5\backEnd\Fundoo_Note\src\/index.js:32:38)
    at Module._compile (node:internal/modules/cjs/loader:1376:14)
    at Module._compile (C:\Users\uday5\backEnd\Fundoo_Note\node_modules\pirates\lib\index.js:117:24)
    at Module._extensions..js (node:internal/modules/cjs/loader:1435:10)
    at Object.newLoader [as .js] (C:\Users\uday5\backEnd\Fundoo_Note\node_modules\pirates\lib\index.js:121:7)
    at Module.load (node:internal/modules/cjs/loader:1207:32)
    at Function.Module._load (node:internal/modules/cjs/loader:1023:12)
    at Function.runMain (node:internal/modules/run_main:135:12)
    at Object.<anonymous> (C:\Users\uday5\backEnd\Fundoo_Note\node_modules\@babel\node\src\_babel-node.ts:222:12)
    at Module._compile (node:internal/modules/cjs/loader:1376:14)
    at Object.Module._extensions..js (node:internal/modules/cjs/loader:1435:10)
    at Module.load (node:internal/modules/cjs/loader:1207:32)
    at Function.Module._load (node:internal/modules/cjs/loader:1023:12)
    at Function.executeUserEntryPoint [as runMain] (node:internal/modules/run_main:135:12)
    at node:internal/main/run_main_module:28:49 {"date":"Thu Dec 14 2023 13:15:18 GMT+0530 (India Standard Time)","error":{},"exception":true,"os":{"loadavg":[0,0,0],"uptime":4035724.25},"process":{"argv":["node","C:\\Users\\uday5\\backEnd\\Fundoo_Note\\src\\index.js"],"cwd":"C:\\Users\\uday5\\backEnd\\Fundoo_Note","execPath":"C:\\Program Files\\nodejs\\node.exe","gid":null,"memoryUsage":{"arrayBuffers":18262399,"external":21311320,"heapTotal":86441984,"heapUsed":45859888,"rss":122798080},"pid":5752,"uid":null,"version":"v20.10.0"},"stack":"TypeError: Router.use() requires a middleware function but got a Object\n    at Function.use (C:\\Users\\uday5\\backEnd\\Fundoo_Note\\node_modules\\express\\lib\\router\\index.js:469:13)\n    at routes (C:\\Users\\uday5\\backEnd\\Fundoo_Note\\src\\routes\\/index.js:14:10)\n    at Object.<anonymous> (C:\\Users\\uday5\\backEnd\\Fundoo_Note\\src\\/index.js:32:38)\n    at Module._compile (node:internal/modules/cjs/loader:1376:14)\n    at Module._compile (C:\\Users\\uday5\\backEnd\\Fundoo_Note\\node_modules\\pirates\\lib\\index.js:117:24)\n    at Module._extensions..js (node:internal/modules/cjs/loader:1435:10)\n    at Object.newLoader [as .js] (C:\\Users\\uday5\\backEnd\\Fundoo_Note\\node_modules\\pirates\\lib\\index.js:121:7)\n    at Module.load (node:internal/modules/cjs/loader:1207:32)\n    at Function.Module._load (node:internal/modules/cjs/loader:1023:12)\n    at Function.runMain (node:internal/modules/run_main:135:12)\n    at Object.<anonymous> (C:\\Users\\uday5\\backEnd\\Fundoo_Note\\node_modules\\@babel\\node\\src\\_babel-node.ts:222:12)\n    at Module._compile (node:internal/modules/cjs/loader:1376:14)\n    at Object.Module._extensions..js (node:internal/modules/cjs/loader:1435:10)\n    at Module.load (node:internal/modules/cjs/loader:1207:32)\n    at Function.Module._load (node:internal/modules/cjs/loader:1023:12)\n    at Function.executeUserEntryPoint [as runMain] (node:internal/modules/run_main:135:12)\n    at node:internal/main/run_main_module:28:49","timestamp":"2023-12-14T07:45:18.308Z","trace":[{"column":13,"file":"C:\\Users\\uday5\\backEnd\\Fundoo_Note\\node_modules\\express\\lib\\router\\index.js","function":"Function.use","line":469,"method":"use","native":false},{"column":10,"file":"C:\\Users\\uday5\\backEnd\\Fundoo_Note\\src\\routes\\/index.js","function":"routes","line":14,"method":null,"native":false},{"column":38,"file":"C:\\Users\\uday5\\backEnd\\Fundoo_Note\\src\\/index.js","function":null,"line":32,"method":null,"native":false},{"column":14,"file":"node:internal/modules/cjs/loader","function":"Module._compile","line":1376,"method":"_compile","native":false},{"column":24,"file":"C:\\Users\\uday5\\backEnd\\Fundoo_Note\\node_modules\\pirates\\lib\\index.js","function":"Module._compile","line":117,"method":"_compile","native":false},{"column":10,"file":"node:internal/modules/cjs/loader","function":"Module._extensions..js","line":1435,"method":".js","native":false},{"column":7,"file":"C:\\Users\\uday5\\backEnd\\Fundoo_Note\\node_modules\\pirates\\lib\\index.js","function":"Object.newLoader [as .js]","line":121,"method":"js]","native":false},{"column":32,"file":"node:internal/modules/cjs/loader","function":"Module.load","line":1207,"method":"load","native":false},{"column":12,"file":"node:internal/modules/cjs/loader","function":"Module._load","line":1023,"method":"_load","native":false},{"column":12,"file":"node:internal/modules/run_main","function":"Function.runMain","line":135,"method":"runMain","native":false},{"column":12,"file":"C:\\Users\\uday5\\backEnd\\Fundoo_Note\\node_modules\\@babel\\node\\src\\_babel-node.ts","function":null,"line":222,"method":null,"native":false},{"column":14,"file":"node:internal/modules/cjs/loader","function":"Module._compile","line":1376,"method":"_compile","native":false},{"column":10,"file":"node:internal/modules/cjs/loader","function":"Module._extensions..js","line":1435,"method":".js","native":false},{"column":32,"file":"node:internal/modules/cjs/loader","function":"Module.load","line":1207,"method":"load","native":false},{"column":12,"file":"node:internal/modules/cjs/loader","function":"Module._load","line":1023,"method":"_load","native":false},{"column":12,"file":"node:internal/modules/run_main","function":"Function.executeUserEntryPoint [as runMain]","line":135,"method":"executeUserEntryPoint [as runMain]","native":false},{"column":49,"file":"node:internal/main/run_main_module","function":null,"line":28,"method":null,"native":false}]}
error: uncaughtException: Router.use() requires a middleware function but got a Object
TypeError: Router.use() requires a middleware function but got a Object
    at Function.use (C:\Users\uday5\backEnd\Fundoo_Note\node_modules\express\lib\router\index.js:469:13)
    at routes (C:\Users\uday5\backEnd\Fundoo_Note\src\routes\/index.js:14:10)
    at Object.<anonymous> (C:\Users\uday5\backEnd\Fundoo_Note\src\/index.js:32:38)
    at Module._compile (node:internal/modules/cjs/loader:1376:14)
    at Module._compile (C:\Users\uday5\backEnd\Fundoo_Note\node_modules\pirates\lib\index.js:117:24)
    at Module._extensions..js (node:internal/modules/cjs/loader:1435:10)
    at Object.newLoader [as .js] (C:\Users\uday5\backEnd\Fundoo_Note\node_modules\pirates\lib\index.js:121:7)
    at Module.load (node:internal/modules/cjs/loader:1207:32)
    at Function.Module._load (node:internal/modules/cjs/loader:1023:12)
    at Function.runMain (node:internal/modules/run_main:135:12)
    at Object.<anonymous> (C:\Users\uday5\backEnd\Fundoo_Note\node_modules\@babel\node\src\_babel-node.ts:222:12)
    at Module._compile (node:internal/modules/cjs/loader:1376:14)
    at Object.Module._extensions..js (node:internal/modules/cjs/loader:1435:10)
    at Module.load (node:internal/modules/cjs/loader:1207:32)
    at Function.Module._load (node:internal/modules/cjs/loader:1023:12)
    at Function.executeUserEntryPoint [as runMain] (node:internal/modules/run_main:135:12)
    at node:internal/main/run_main_module:28:49 {"date":"Thu Dec 14 2023 13:15:22 GMT+0530 (India Standard Time)","error":{},"exception":true,"os":{"loadavg":[0,0,0],"uptime":4035728.093},"process":{"argv":["node","C:\\Users\\uday5\\backEnd\\Fundoo_Note\\src\\index.js"],"cwd":"C:\\Users\\uday5\\backEnd\\Fundoo_Note","execPath":"C:\\Program Files\\nodejs\\node.exe","gid":null,"memoryUsage":{"arrayBuffers":18262399,"external":21311320,"heapTotal":86704128,"heapUsed":54138768,"rss":123101184},"pid":4684,"uid":null,"version":"v20.10.0"},"stack":"TypeError: Router.use() requires a middleware function but got a Object\n    at Function.use (C:\\Users\\uday5\\backEnd\\Fundoo_Note\\node_modules\\express\\lib\\router\\index.js:469:13)\n    at routes (C:\\Users\\uday5\\backEnd\\Fundoo_Note\\src\\routes\\/index.js:14:10)\n    at Object.<anonymous> (C:\\Users\\uday5\\backEnd\\Fundoo_Note\\src\\/index.js:32:38)\n    at Module._compile (node:internal/modules/cjs/loader:1376:14)\n    at Module._compile (C:\\Users\\uday5\\backEnd\\Fundoo_Note\\node_modules\\pirates\\lib\\index.js:117:24)\n    at Module._extensions..js (node:internal/modules/cjs/loader:1435:10)\n    at Object.newLoader [as .js] (C:\\Users\\uday5\\backEnd\\Fundoo_Note\\node_modules\\pirates\\lib\\index.js:121:7)\n    at Module.load (node:internal/modules/cjs/loader:1207:32)\n    at Function.Module._load (node:internal/modules/cjs/loader:1023:12)\n    at Function.runMain (node:internal/modules/run_main:135:12)\n    at Object.<anonymous> (C:\\Users\\uday5\\backEnd\\Fundoo_Note\\node_modules\\@babel\\node\\src\\_babel-node.ts:222:12)\n    at Module._compile (node:internal/modules/cjs/loader:1376:14)\n    at Object.Module._extensions..js (node:internal/modules/cjs/loader:1435:10)\n    at Module.load (node:internal/modules/cjs/loader:1207:32)\n    at Function.Module._load (node:internal/modules/cjs/loader:1023:12)\n    at Function.executeUserEntryPoint [as runMain] (node:internal/modules/run_main:135:12)\n    at node:internal/main/run_main_module:28:49","timestamp":"2023-12-14T07:45:22.146Z","trace":[{"column":13,"file":"C:\\Users\\uday5\\backEnd\\Fundoo_Note\\node_modules\\express\\lib\\router\\index.js","function":"Function.use","line":469,"method":"use","native":false},{"column":10,"file":"C:\\Users\\uday5\\backEnd\\Fundoo_Note\\src\\routes\\/index.js","function":"routes","line":14,"method":null,"native":false},{"column":38,"file":"C:\\Users\\uday5\\backEnd\\Fundoo_Note\\src\\/index.js","function":null,"line":32,"method":null,"native":false},{"column":14,"file":"node:internal/modules/cjs/loader","function":"Module._compile","line":1376,"method":"_compile","native":false},{"column":24,"file":"C:\\Users\\uday5\\backEnd\\Fundoo_Note\\node_modules\\pirates\\lib\\index.js","function":"Module._compile","line":117,"method":"_compile","native":false},{"column":10,"file":"node:internal/modules/cjs/loader","function":"Module._extensions..js","line":1435,"method":".js","native":false},{"column":7,"file":"C:\\Users\\uday5\\backEnd\\Fundoo_Note\\node_modules\\pirates\\lib\\index.js","function":"Object.newLoader [as .js]","line":121,"method":"js]","native":false},{"column":32,"file":"node:internal/modules/cjs/loader","function":"Module.load","line":1207,"method":"load","native":false},{"column":12,"file":"node:internal/modules/cjs/loader","function":"Module._load","line":1023,"method":"_load","native":false},{"column":12,"file":"node:internal/modules/run_main","function":"Function.runMain","line":135,"method":"runMain","native":false},{"column":12,"file":"C:\\Users\\uday5\\backEnd\\Fundoo_Note\\node_modules\\@babel\\node\\src\\_babel-node.ts","function":null,"line":222,"method":null,"native":false},{"column":14,"file":"node:internal/modules/cjs/loader","function":"Module._compile","line":1376,"method":"_compile","native":false},{"column":10,"file":"node:internal/modules/cjs/loader","function":"Module._extensions..js","line":1435,"method":".js","native":false},{"column":32,"file":"node:internal/modules/cjs/loader","function":"Module.load","line":1207,"method":"load","native":false},{"column":12,"file":"node:internal/modules/cjs/loader","function":"Module._load","line":1023,"method":"_load","native":false},{"column":12,"file":"node:internal/modules/run_main","function":"Function.executeUserEntryPoint [as runMain]","line":135,"method":"executeUserEntryPoint [as runMain]","native":false},{"column":49,"file":"node:internal/main/run_main_module","function":null,"line":28,"method":null,"native":false}]}
info: Server started at http://localhost:3000/api/v1/ {"timestamp":"2023-12-14T07:46:09.241Z"}
info: Connected to the database. {"timestamp":"2023-12-14T07:46:09.266Z"}
info: Server started at http://localhost:3000/api/v1/ {"timestamp":"2023-12-14T07:47:38.310Z"}
info: Connected to the database. {"timestamp":"2023-12-14T07:47:38.330Z"}
info: Server started at http://localhost:3000/api/v1/ {"timestamp":"2023-12-14T07:48:25.999Z"}
info: Connected to the database. {"timestamp":"2023-12-14T07:48:26.064Z"}
info: Server started at http://localhost:3000/api/v1/ {"timestamp":"2023-12-14T07:49:26.534Z"}
info: Connected to the database. {"timestamp":"2023-12-14T07:49:26.554Z"}
info: Server started at http://localhost:3000/api/v1/ {"timestamp":"2023-12-14T08:38:58.773Z"}
info: Connected to the database. {"timestamp":"2023-12-14T08:38:58.792Z"}
info: Server started at http://localhost:3000/api/v1/ {"timestamp":"2023-12-14T08:47:05.202Z"}
info: Connected to the database. {"timestamp":"2023-12-14T08:47:05.229Z"}
info: Server started at http://localhost:3000/api/v1/ {"timestamp":"2023-12-14T08:49:03.765Z"}
info: Connected to the database. {"timestamp":"2023-12-14T08:49:03.788Z"}
info: Server started at http://localhost:3000/api/v1/ {"timestamp":"2023-12-14T08:53:54.769Z"}
info: Connected to the database. {"timestamp":"2023-12-14T08:53:54.794Z"}
info: Server started at http://localhost:3000/api/v1/ {"timestamp":"2023-12-14T08:56:08.730Z"}
info: Connected to the database. {"timestamp":"2023-12-14T08:56:08.757Z"}
info: Server started at http://localhost:3000/api/v1/ {"timestamp":"2023-12-14T08:58:57.044Z"}
info: Connected to the database. {"timestamp":"2023-12-14T08:58:57.069Z"}
info: Server started at http://localhost:3000/api/v1/ {"timestamp":"2023-12-14T08:59:40.867Z"}
info: Connected to the database. {"timestamp":"2023-12-14T08:59:40.902Z"}
info: Server started at http://localhost:3000/api/v1/ {"timestamp":"2023-12-14T09:00:50.082Z"}
info: Connected to the database. {"timestamp":"2023-12-14T09:00:50.108Z"}
info: Server started at http://localhost:3000/api/v1/ {"timestamp":"2023-12-14T09:05:42.153Z"}
info: Connected to the database. {"timestamp":"2023-12-14T09:05:42.175Z"}
info: Server started at http://localhost:3000/api/v1/ {"timestamp":"2023-12-14T09:09:03.398Z"}
info: Connected to the database. {"timestamp":"2023-12-14T09:09:03.421Z"}
info: Server started at http://localhost:3000/api/v1/ {"timestamp":"2023-12-14T09:10:24.811Z"}
info: Connected to the database. {"timestamp":"2023-12-14T09:10:24.835Z"}
info: Server started at http://localhost:3000/api/v1/ {"timestamp":"2023-12-14T09:14:50.056Z"}
info: Connected to the database. {"timestamp":"2023-12-14T09:14:50.079Z"}
info: Server started at http://localhost:3000/api/v1/ {"timestamp":"2023-12-14T09:19:23.618Z"}
info: Connected to the database. {"timestamp":"2023-12-14T09:19:23.638Z"}
info: Server started at http://localhost:3000/api/v1/ {"timestamp":"2023-12-14T09:20:48.508Z"}
info: Connected to the database. {"timestamp":"2023-12-14T09:20:48.526Z"}
info: Server started at http://localhost:3000/api/v1/ {"timestamp":"2023-12-14T09:21:47.317Z"}
info: Connected to the database. {"timestamp":"2023-12-14T09:21:47.337Z"}
info: Server started at http://localhost:3000/api/v1/ {"timestamp":"2023-12-14T09:22:08.887Z"}
info: Connected to the database. {"timestamp":"2023-12-14T09:22:08.908Z"}
info: Server started at http://localhost:3000/api/v1/ {"timestamp":"2023-12-14T09:23:44.264Z"}
info: Connected to the database. {"timestamp":"2023-12-14T09:23:44.284Z"}
info: Server started at http://localhost:3000/api/v1/ {"timestamp":"2023-12-14T09:24:34.893Z"}
info: Connected to the database. {"timestamp":"2023-12-14T09:24:34.916Z"}
info: Server started at http://localhost:3000/api/v1/ {"timestamp":"2023-12-14T09:25:09.632Z"}
info: Connected to the database. {"timestamp":"2023-12-14T09:25:09.655Z"}
info: Server started at http://localhost:3000/api/v1/ {"timestamp":"2023-12-14T09:25:36.917Z"}
info: Connected to the database. {"timestamp":"2023-12-14T09:25:36.946Z"}
info: Server started at http://localhost:3000/api/v1/ {"timestamp":"2023-12-14T09:26:27.122Z"}
info: Connected to the database. {"timestamp":"2023-12-14T09:26:27.143Z"}
info: Server started at http://localhost:3000/api/v1/ {"timestamp":"2023-12-14T09:27:21.369Z"}
info: Connected to the database. {"timestamp":"2023-12-14T09:27:21.399Z"}
info: Server started at http://localhost:3000/api/v1/ {"timestamp":"2023-12-14T09:28:32.899Z"}
info: Connected to the database. {"timestamp":"2023-12-14T09:28:32.926Z"}
info: Server started at http://localhost:3000/api/v1/ {"timestamp":"2023-12-14T09:28:59.137Z"}
info: Connected to the database. {"timestamp":"2023-12-14T09:28:59.168Z"}
info: Server started at http://localhost:3000/api/v1/ {"timestamp":"2023-12-14T09:29:59.833Z"}
info: Connected to the database. {"timestamp":"2023-12-14T09:29:59.858Z"}
info: Server started at http://localhost:3000/api/v1/ {"timestamp":"2023-12-14T09:30:43.880Z"}
info: Connected to the database. {"timestamp":"2023-12-14T09:30:43.948Z"}
info: Server started at http://localhost:3000/api/v1/ {"timestamp":"2023-12-14T09:31:28.217Z"}
info: Connected to the database. {"timestamp":"2023-12-14T09:31:28.246Z"}
info: Server started at http://localhost:3000/api/v1/ {"timestamp":"2023-12-14T09:32:18.730Z"}
info: Connected to the database. {"timestamp":"2023-12-14T09:32:18.749Z"}
info: Server started at http://localhost:3000/api/v1/ {"timestamp":"2023-12-14T09:35:43.572Z"}
info: Connected to the database. {"timestamp":"2023-12-14T09:35:43.592Z"}
info: Server started at http://localhost:3000/api/v1/ {"timestamp":"2023-12-14T09:36:36.652Z"}
info: Connected to the database. {"timestamp":"2023-12-14T09:36:36.671Z"}
info: Server started at http://localhost:3000/api/v1/ {"timestamp":"2023-12-14T09:37:35.725Z"}
info: Connected to the database. {"timestamp":"2023-12-14T09:37:35.746Z"}
info: Server started at http://localhost:3000/api/v1/ {"timestamp":"2023-12-14T09:38:06.135Z"}
info: Connected to the database. {"timestamp":"2023-12-14T09:38:06.165Z"}
info: Server started at http://localhost:3000/api/v1/ {"timestamp":"2023-12-14T09:38:33.359Z"}
info: Connected to the database. {"timestamp":"2023-12-14T09:38:33.378Z"}
info: Server started at http://localhost:3000/api/v1/ {"timestamp":"2023-12-14T09:39:50.979Z"}
info: Connected to the database. {"timestamp":"2023-12-14T09:39:51.000Z"}
info: Server started at http://localhost:3000/api/v1/ {"timestamp":"2023-12-14T09:40:30.007Z"}
info: Connected to the database. {"timestamp":"2023-12-14T09:40:30.027Z"}
info: Server started at http://localhost:3000/api/v1/ {"timestamp":"2023-12-14T09:41:10.032Z"}
info: Connected to the database. {"timestamp":"2023-12-14T09:41:10.054Z"}
info: Server started at http://localhost:3000/api/v1/ {"timestamp":"2023-12-14T09:41:25.336Z"}
info: Connected to the database. {"timestamp":"2023-12-14T09:41:25.356Z"}
info: Server started at http://localhost:3000/api/v1/ {"timestamp":"2023-12-14T09:41:42.440Z"}
info: Connected to the database. {"timestamp":"2023-12-14T09:41:42.471Z"}
info: Server started at http://localhost:3000/api/v1/ {"timestamp":"2023-12-14T09:41:59.229Z"}
info: Connected to the database. {"timestamp":"2023-12-14T09:41:59.254Z"}
info: Server started at http://localhost:3000/api/v1/ {"timestamp":"2023-12-14T09:45:12.070Z"}
info: Connected to the database. {"timestamp":"2023-12-14T09:45:12.091Z"}
info: Server started at http://localhost:3000/api/v1/ {"timestamp":"2023-12-14T09:46:46.072Z"}
info: Connected to the database. {"timestamp":"2023-12-14T09:46:46.093Z"}
info: Server started at http://localhost:3000/api/v1/ {"timestamp":"2023-12-14T09:48:38.992Z"}
info: Connected to the database. {"timestamp":"2023-12-14T09:48:39.024Z"}
info: Server started at http://localhost:3000/api/v1/ {"timestamp":"2023-12-14T09:49:06.545Z"}
info: Connected to the database. {"timestamp":"2023-12-14T09:49:06.570Z"}
info: Server started at http://localhost:3000/api/v1/ {"timestamp":"2023-12-14T09:49:47.703Z"}
info: Connected to the database. {"timestamp":"2023-12-14T09:49:47.744Z"}
info: Server started at http://localhost:3000/api/v1/ {"timestamp":"2023-12-14T09:50:18.882Z"}
info: Connected to the database. {"timestamp":"2023-12-14T09:50:18.903Z"}
info: Server started at http://localhost:3000/api/v1/ {"timestamp":"2023-12-14T09:52:06.119Z"}
info: Connected to the database. {"timestamp":"2023-12-14T09:52:06.137Z"}
info: Server started at http://localhost:3000/api/v1/ {"timestamp":"2023-12-14T09:53:44.678Z"}
info: Connected to the database. {"timestamp":"2023-12-14T09:53:44.713Z"}
info: Server started at http://localhost:3000/api/v1/ {"timestamp":"2023-12-14T09:53:47.413Z"}
info: Connected to the database. {"timestamp":"2023-12-14T09:53:47.435Z"}
error: 
    status - 500 
    message - ReferenceError: checkUser is not defined
    at _callee2$ (C:\Users\uday5\backEnd\Fundoo_Note\src\services\/user.service.js:14:9)
    at tryCatch (C:\Users\uday5\backEnd\Fundoo_Note\node_modules\@babel\runtime\helpers\regeneratorRuntime.js:45:16)
    at Generator.<anonymous> (C:\Users\uday5\backEnd\Fundoo_Note\node_modules\@babel\runtime\helpers\regeneratorRuntime.js:133:17)
    at Generator.next (C:\Users\uday5\backEnd\Fundoo_Note\node_modules\@babel\runtime\helpers\regeneratorRuntime.js:74:21)
    at asyncGeneratorStep (C:\Users\uday5\backEnd\Fundoo_Note\node_modules\@babel\runtime\helpers\asyncToGenerator.js:3:24)
    at _next (C:\Users\uday5\backEnd\Fundoo_Note\node_modules\@babel\runtime\helpers\asyncToGenerator.js:22:9)
    at C:\Users\uday5\backEnd\Fundoo_Note\node_modules\@babel\runtime\helpers\asyncToGenerator.js:27:7
    at new Promise (<anonymous>)
    at Object.apply (C:\Users\uday5\backEnd\Fundoo_Note\node_modules\@babel\runtime\helpers\asyncToGenerator.js:19:12)
    at Object.createAnUser (C:\Users\uday5\backEnd\Fundoo_Note\src\services\/user.service.js:13:26)
    at _callee$ (C:\Users\uday5\backEnd\Fundoo_Note\src\controllers\/user.controller.js:12:36)
    at tryCatch (C:\Users\uday5\backEnd\Fundoo_Note\node_modules\@babel\runtime\helpers\regeneratorRuntime.js:45:16)
    at Generator.<anonymous> (C:\Users\uday5\backEnd\Fundoo_Note\node_modules\@babel\runtime\helpers\regeneratorRuntime.js:133:17)
    at Generator.next (C:\Users\uday5\backEnd\Fundoo_Note\node_modules\@babel\runtime\helpers\regeneratorRuntime.js:74:21)
    at asyncGeneratorStep (C:\Users\uday5\backEnd\Fundoo_Note\node_modules\@babel\runtime\helpers\asyncToGenerator.js:3:24)
    at _next (C:\Users\uday5\backEnd\Fundoo_Note\node_modules\@babel\runtime\helpers\asyncToGenerator.js:22:9)
    at C:\Users\uday5\backEnd\Fundoo_Note\node_modules\@babel\runtime\helpers\asyncToGenerator.js:27:7
    at new Promise (<anonymous>)
    at apply (C:\Users\uday5\backEnd\Fundoo_Note\node_modules\@babel\runtime\helpers\asyncToGenerator.js:19:12)
    at createAnUser (C:\Users\uday5\backEnd\Fundoo_Note\src\controllers\/user.controller.js:10:26)
    at Layer.handle [as handle_request] (C:\Users\uday5\backEnd\Fundoo_Note\node_modules\express\lib\router\layer.js:95:5)
    at next (C:\Users\uday5\backEnd\Fundoo_Note\node_modules\express\lib\router\route.js:144:13)
    at Route.dispatch (C:\Users\uday5\backEnd\Fundoo_Note\node_modules\express\lib\router\route.js:114:3)
    at Layer.handle [as handle_request] (C:\Users\uday5\backEnd\Fundoo_Note\node_modules\express\lib\router\layer.js:95:5)
    at C:\Users\uday5\backEnd\Fundoo_Note\node_modules\express\lib\router\index.js:284:15
    at Function.process_params (C:\Users\uday5\backEnd\Fundoo_Note\node_modules\express\lib\router\index.js:346:12)
    at next (C:\Users\uday5\backEnd\Fundoo_Note\node_modules\express\lib\router\index.js:280:10)
    at Function.handle (C:\Users\uday5\backEnd\Fundoo_Note\node_modules\express\lib\router\index.js:175:3)
    at router (C:\Users\uday5\backEnd\Fundoo_Note\node_modules\express\lib\router\index.js:47:12)
    at Layer.handle [as handle_request] (C:\Users\uday5\backEnd\Fundoo_Note\node_modules\express\lib\router\layer.js:95:5)
    at trim_prefix (C:\Users\uday5\backEnd\Fundoo_Note\node_modules\express\lib\router\index.js:328:13)
    at C:\Users\uday5\backEnd\Fundoo_Note\node_modules\express\lib\router\index.js:286:9
    at Function.process_params (C:\Users\uday5\backEnd\Fundoo_Note\node_modules\express\lib\router\index.js:346:12)
    at next (C:\Users\uday5\backEnd\Fundoo_Note\node_modules\express\lib\router\index.js:280:10)
    at Function.handle (C:\Users\uday5\backEnd\Fundoo_Note\node_modules\express\lib\router\index.js:175:3)
    at router (C:\Users\uday5\backEnd\Fundoo_Note\node_modules\express\lib\router\index.js:47:12)
    at Layer.handle [as handle_request] (C:\Users\uday5\backEnd\Fundoo_Note\node_modules\express\lib\router\layer.js:95:5)
    at trim_prefix (C:\Users\uday5\backEnd\Fundoo_Note\node_modules\express\lib\router\index.js:328:13)
    at C:\Users\uday5\backEnd\Fundoo_Note\node_modules\express\lib\router\index.js:286:9
    at Function.process_params (C:\Users\uday5\backEnd\Fundoo_Note\node_modules\express\lib\router\index.js:346:12)
    at next (C:\Users\uday5\backEnd\Fundoo_Note\node_modules\express\lib\router\index.js:280:10)
    at logger (C:\Users\uday5\backEnd\Fundoo_Note\node_modules\morgan\index.js:144:5)
    at Layer.handle [as handle_request] (C:\Users\uday5\backEnd\Fundoo_Note\node_modules\express\lib\router\layer.js:95:5)
    at trim_prefix (C:\Users\uday5\backEnd\Fundoo_Note\node_modules\express\lib\router\index.js:328:13)
    at C:\Users\uday5\backEnd\Fundoo_Note\node_modules\express\lib\router\index.js:286:9
    at Function.process_params (C:\Users\uday5\backEnd\Fundoo_Note\node_modules\express\lib\router\index.js:346:12)
    at next (C:\Users\uday5\backEnd\Fundoo_Note\node_modules\express\lib\router\index.js:280:10)
    at C:\Users\uday5\backEnd\Fundoo_Note\node_modules\body-parser\lib\read.js:137:5
    at AsyncResource.runInAsyncScope (node:async_hooks:206:9)
    at invokeCallback (C:\Users\uday5\backEnd\Fundoo_Note\node_modules\raw-body\index.js:231:16)
    at done (C:\Users\uday5\backEnd\Fundoo_Note\node_modules\raw-body\index.js:220:7)
    at IncomingMessage.onEnd (C:\Users\uday5\backEnd\Fundoo_Note\node_modules\raw-body\index.js:280:7)
    at IncomingMessage.emit (node:events:514:28)
    at IncomingMessage.emit (node:domain:488:12)
    at endReadableNT (node:internal/streams/readable:1589:12)
    at processTicksAndRejections (node:internal/process/task_queues:82:21) 
    url - /api/v1/users 
    method - POST 
    IP - ::1
   {"timestamp":"2023-12-14T09:53:52.657Z"}
info: Server started at http://localhost:3000/api/v1/ {"timestamp":"2023-12-14T09:54:20.741Z"}
info: Connected to the database. {"timestamp":"2023-12-14T09:54:20.762Z"}
info: Server started at http://localhost:3000/api/v1/ {"timestamp":"2023-12-14T09:54:45.480Z"}
info: Connected to the database. {"timestamp":"2023-12-14T09:54:45.500Z"}
info: Server started at http://localhost:3000/api/v1/ {"timestamp":"2023-12-14T09:56:00.893Z"}
info: Connected to the database. {"timestamp":"2023-12-14T09:56:00.914Z"}
info: Server started at http://localhost:3000/api/v1/ {"timestamp":"2023-12-14T09:56:58.677Z"}
info: Connected to the database. {"timestamp":"2023-12-14T09:56:58.723Z"}
info: Server started at http://localhost:3000/api/v1/ {"timestamp":"2023-12-14T09:57:25.666Z"}
info: Connected to the database. {"timestamp":"2023-12-14T09:57:25.687Z"}
info: Server started at http://localhost:3000/api/v1/ {"timestamp":"2023-12-14T09:58:33.154Z"}
info: Connected to the database. {"timestamp":"2023-12-14T09:58:33.178Z"}
info: Server started at http://localhost:3000/api/v1/ {"timestamp":"2023-12-14T09:59:06.871Z"}
info: Connected to the database. {"timestamp":"2023-12-14T09:59:06.898Z"}
info: Server started at http://localhost:3000/api/v1/ {"timestamp":"2023-12-14T10:00:07.741Z"}
info: Connected to the database. {"timestamp":"2023-12-14T10:00:07.763Z"}
info: Server started at http://localhost:3000/api/v1/ {"timestamp":"2023-12-14T10:04:13.383Z"}
info: Connected to the database. {"timestamp":"2023-12-14T10:04:13.401Z"}
info: Server started at http://localhost:3000/api/v1/ {"timestamp":"2023-12-14T10:05:30.472Z"}
info: Connected to the database. {"timestamp":"2023-12-14T10:05:30.491Z"}
info: Server started at http://localhost:3000/api/v1/ {"timestamp":"2023-12-14T10:06:51.157Z"}
info: Connected to the database. {"timestamp":"2023-12-14T10:06:51.180Z"}
info: Server started at http://localhost:3000/api/v1/ {"timestamp":"2023-12-14T10:08:38.613Z"}
info: Connected to the database. {"timestamp":"2023-12-14T10:08:38.635Z"}
info: Server started at http://localhost:3000/api/v1/ {"timestamp":"2023-12-14T10:09:01.191Z"}
info: Connected to the database. {"timestamp":"2023-12-14T10:09:01.214Z"}
info: Server started at http://localhost:3000/api/v1/ {"timestamp":"2023-12-14T10:10:25.443Z"}
info: Connected to the database. {"timestamp":"2023-12-14T10:10:25.476Z"}
info: Server started at http://localhost:3000/api/v1/ {"timestamp":"2023-12-14T10:10:29.167Z"}
info: Connected to the database. {"timestamp":"2023-12-14T10:10:29.189Z"}
error: 
    status - 500 
    message - ReferenceError: data is not defined
    at _callee$ (C:\Users\uday5\backEnd\Fundoo_Note\src\services\/user.service.js:8:12)
    at tryCatch (C:\Users\uday5\backEnd\Fundoo_Note\node_modules\@babel\runtime\helpers\regeneratorRuntime.js:45:16)
    at Generator.<anonymous> (C:\Users\uday5\backEnd\Fundoo_Note\node_modules\@babel\runtime\helpers\regeneratorRuntime.js:133:17)
    at Generator.next (C:\Users\uday5\backEnd\Fundoo_Note\node_modules\@babel\runtime\helpers\regeneratorRuntime.js:74:21)
    at asyncGeneratorStep (C:\Users\uday5\backEnd\Fundoo_Note\node_modules\@babel\runtime\helpers\asyncToGenerator.js:3:24)
    at _next (C:\Users\uday5\backEnd\Fundoo_Note\node_modules\@babel\runtime\helpers\asyncToGenerator.js:22:9)
    at processTicksAndRejections (node:internal/process/task_queues:95:5) 
    url - /api/v1/users 
    method - POST 
    IP - ::1
   {"timestamp":"2023-12-14T10:10:39.409Z"}
info: Server started at http://localhost:3000/api/v1/ {"timestamp":"2023-12-14T10:10:56.513Z"}
info: Connected to the database. {"timestamp":"2023-12-14T10:10:56.533Z"}
info: Server started at http://localhost:3000/api/v1/ {"timestamp":"2023-12-14T10:11:08.659Z"}
info: Connected to the database. {"timestamp":"2023-12-14T10:11:08.678Z"}
info: Server started at http://localhost:3000/api/v1/ {"timestamp":"2023-12-14T10:11:29.155Z"}
info: Connected to the database. {"timestamp":"2023-12-14T10:11:29.176Z"}
info: Server started at http://localhost:3000/api/v1/ {"timestamp":"2023-12-14T10:26:00.157Z"}
info: Connected to the database. {"timestamp":"2023-12-14T10:26:00.176Z"}
info: Server started at http://localhost:3000/api/v1/ {"timestamp":"2023-12-14T10:26:28.132Z"}
info: Connected to the database. {"timestamp":"2023-12-14T10:26:28.152Z"}
info: Server started at http://localhost:3000/api/v1/ {"timestamp":"2023-12-14T10:28:54.849Z"}
info: Connected to the database. {"timestamp":"2023-12-14T10:28:54.869Z"}
info: Server started at http://localhost:3000/api/v1/ {"timestamp":"2023-12-14T10:30:02.558Z"}
info: Connected to the database. {"timestamp":"2023-12-14T10:30:02.579Z"}
info: Server started at http://localhost:3000/api/v1/ {"timestamp":"2023-12-14T10:30:34.904Z"}
info: Connected to the database. {"timestamp":"2023-12-14T10:30:34.925Z"}
info: Server started at http://localhost:3000/api/v1/ {"timestamp":"2023-12-14T10:56:03.904Z"}
info: Connected to the database. {"timestamp":"2023-12-14T10:56:03.930Z"}
info: Server started at http://localhost:3000/api/v1/ {"timestamp":"2023-12-14T11:02:31.340Z"}
info: Connected to the database. {"timestamp":"2023-12-14T11:02:31.361Z"}
info: Server started at http://localhost:3000/api/v1/ {"timestamp":"2023-12-14T11:05:09.562Z"}
info: Connected to the database. {"timestamp":"2023-12-14T11:05:09.589Z"}
info: Server started at http://localhost:3000/api/v1/ {"timestamp":"2023-12-14T11:07:07.473Z"}
info: Connected to the database. {"timestamp":"2023-12-14T11:07:07.495Z"}
info: Server started at http://localhost:3000/api/v1/ {"timestamp":"2023-12-14T11:07:14.443Z"}
info: Connected to the database. {"timestamp":"2023-12-14T11:07:14.465Z"}
info: Server started at http://localhost:3000/api/v1/ {"timestamp":"2023-12-14T11:09:33.279Z"}
info: Connected to the database. {"timestamp":"2023-12-14T11:09:33.303Z"}
info: Server started at http://localhost:3000/api/v1/ {"timestamp":"2023-12-14T11:18:55.391Z"}
info: Connected to the database. {"timestamp":"2023-12-14T11:18:55.412Z"}
info: Server started at http://localhost:3000/api/v1/ {"timestamp":"2023-12-14T11:22:55.618Z"}
info: Connected to the database. {"timestamp":"2023-12-14T11:22:55.643Z"}
info: Server started at http://localhost:3000/api/v1/ {"timestamp":"2023-12-14T11:25:26.212Z"}
info: Connected to the database. {"timestamp":"2023-12-14T11:25:26.241Z"}
info: Server started at http://localhost:3000/api/v1/ {"timestamp":"2023-12-14T11:26:43.480Z"}
info: Connected to the database. {"timestamp":"2023-12-14T11:26:43.502Z"}
info: Server started at http://localhost:3000/api/v1/ {"timestamp":"2023-12-14T11:29:24.236Z"}
info: Connected to the database. {"timestamp":"2023-12-14T11:29:24.265Z"}
info: Server started at http://localhost:3000/api/v1/ {"timestamp":"2023-12-14T11:34:20.110Z"}
info: Connected to the database. {"timestamp":"2023-12-14T11:34:20.135Z"}
info: Server started at http://localhost:3000/api/v1/ {"timestamp":"2023-12-14T11:52:39.073Z"}
info: Connected to the database. {"timestamp":"2023-12-14T11:52:39.124Z"}
info: Server started at http://localhost:3000/api/v1/ {"timestamp":"2023-12-15T04:40:50.818Z"}
info: Connected to the database. {"timestamp":"2023-12-15T04:40:50.863Z"}
info: Server started at http://localhost:3000/api/v1/ {"timestamp":"2023-12-15T04:42:17.788Z"}
info: Connected to the database. {"timestamp":"2023-12-15T04:42:17.826Z"}
info: Server started at http://localhost:3000/api/v1/ {"timestamp":"2023-12-15T04:42:39.663Z"}
info: Connected to the database. {"timestamp":"2023-12-15T04:42:39.694Z"}
info: Server started at http://localhost:3000/api/v1/ {"timestamp":"2023-12-15T04:45:02.012Z"}
info: Connected to the database. {"timestamp":"2023-12-15T04:45:02.041Z"}
info: Server started at http://localhost:3000/api/v1/ {"timestamp":"2023-12-15T04:45:40.310Z"}
info: Connected to the database. {"timestamp":"2023-12-15T04:45:40.339Z"}
info: Server started at http://localhost:3000/api/v1/ {"timestamp":"2023-12-15T04:49:38.805Z"}
info: Connected to the database. {"timestamp":"2023-12-15T04:49:38.841Z"}
info: Server started at http://localhost:3000/api/v1/ {"timestamp":"2023-12-15T04:53:27.164Z"}
info: Connected to the database. {"timestamp":"2023-12-15T04:53:27.189Z"}
info: Server started at http://localhost:3000/api/v1/ {"timestamp":"2023-12-15T04:53:34.987Z"}
info: Connected to the database. {"timestamp":"2023-12-15T04:53:35.039Z"}
info: Server started at http://localhost:3000/api/v1/ {"timestamp":"2023-12-15T04:54:07.656Z"}
info: Connected to the database. {"timestamp":"2023-12-15T04:54:07.680Z"}
info: Server started at http://localhost:3000/api/v1/ {"timestamp":"2023-12-15T04:58:22.272Z"}
info: Connected to the database. {"timestamp":"2023-12-15T04:58:22.295Z"}
info: Server started at http://localhost:3000/api/v1/ {"timestamp":"2023-12-15T04:59:58.503Z"}
info: Connected to the database. {"timestamp":"2023-12-15T04:59:58.527Z"}
info: Server started at http://localhost:3000/api/v1/ {"timestamp":"2023-12-15T05:01:59.207Z"}
info: Connected to the database. {"timestamp":"2023-12-15T05:01:59.242Z"}
info: Server started at http://localhost:3000/api/v1/ {"timestamp":"2023-12-15T05:04:01.561Z"}
info: Connected to the database. {"timestamp":"2023-12-15T05:04:01.589Z"}
info: Server started at http://localhost:3000/api/v1/ {"timestamp":"2023-12-15T05:05:43.304Z"}
info: Connected to the database. {"timestamp":"2023-12-15T05:05:43.327Z"}
info: Server started at http://localhost:3000/api/v1/ {"timestamp":"2023-12-15T05:07:20.475Z"}
info: Connected to the database. {"timestamp":"2023-12-15T05:07:20.496Z"}
info: Server started at http://localhost:3000/api/v1/ {"timestamp":"2023-12-15T05:08:46.291Z"}
info: Connected to the database. {"timestamp":"2023-12-15T05:08:46.317Z"}
info: Server started at http://localhost:3000/api/v1/ {"timestamp":"2023-12-15T05:09:19.014Z"}
info: Connected to the database. {"timestamp":"2023-12-15T05:09:19.036Z"}
info: Server started at http://localhost:3000/api/v1/ {"timestamp":"2023-12-15T05:09:27.468Z"}
info: Connected to the database. {"timestamp":"2023-12-15T05:09:27.497Z"}
info: Server started at http://localhost:3000/api/v1/ {"timestamp":"2023-12-15T05:10:47.053Z"}
info: Connected to the database. {"timestamp":"2023-12-15T05:10:47.076Z"}
info: Server started at http://localhost:3000/api/v1/ {"timestamp":"2023-12-15T05:11:41.118Z"}
info: Connected to the database. {"timestamp":"2023-12-15T05:11:41.140Z"}
info: Server started at http://localhost:3000/api/v1/ {"timestamp":"2023-12-15T05:13:19.024Z"}
info: Connected to the database. {"timestamp":"2023-12-15T05:13:19.050Z"}
info: Server started at http://localhost:3000/api/v1/ {"timestamp":"2023-12-15T05:13:52.784Z"}
info: Connected to the database. {"timestamp":"2023-12-15T05:13:52.812Z"}
info: Server started at http://localhost:3000/api/v1/ {"timestamp":"2023-12-15T05:16:04.664Z"}
info: Connected to the database. {"timestamp":"2023-12-15T05:16:04.690Z"}
info: Server started at http://localhost:3000/api/v1/ {"timestamp":"2023-12-15T05:16:32.325Z"}
info: Connected to the database. {"timestamp":"2023-12-15T05:16:32.348Z"}
info: Server started at http://localhost:3000/api/v1/ {"timestamp":"2023-12-15T05:19:07.384Z"}
info: Connected to the database. {"timestamp":"2023-12-15T05:19:07.409Z"}
info: Server started at http://localhost:3000/api/v1/ {"timestamp":"2023-12-15T05:29:24.124Z"}
info: Connected to the database. {"timestamp":"2023-12-15T05:29:24.156Z"}
info: Server started at http://localhost:3000/api/v1/ {"timestamp":"2023-12-15T05:37:42.710Z"}
info: Connected to the database. {"timestamp":"2023-12-15T05:37:42.737Z"}
error: 
    status - 500 
    message - ReferenceError: body is not defined
    at _callee$ (C:\Users\uday5\backEnd\Fundoo_NoteUser\src\services\/user.service.js:7:40)
    at tryCatch (C:\Users\uday5\backEnd\node_modules\@babel\runtime\helpers\regeneratorRuntime.js:45:16)
    at Generator.<anonymous> (C:\Users\uday5\backEnd\node_modules\@babel\runtime\helpers\regeneratorRuntime.js:133:17)
    at Generator.next (C:\Users\uday5\backEnd\node_modules\@babel\runtime\helpers\regeneratorRuntime.js:74:21)
    at asyncGeneratorStep (C:\Users\uday5\backEnd\node_modules\@babel\runtime\helpers\asyncToGenerator.js:3:24)
    at _next (C:\Users\uday5\backEnd\node_modules\@babel\runtime\helpers\asyncToGenerator.js:22:9)
    at processTicksAndRejections (node:internal/process/task_queues:95:5) 
    url - /api/v1/users/ 
    method - POST 
    IP - ::1
   {"timestamp":"2023-12-15T05:38:02.981Z"}
info: Server started at http://localhost:3000/api/v1/ {"timestamp":"2023-12-15T05:38:25.695Z"}
info: Connected to the database. {"timestamp":"2023-12-15T05:38:25.747Z"}
info: Server started at http://localhost:3000/api/v1/ {"timestamp":"2023-12-15T05:39:44.406Z"}
info: Connected to the database. {"timestamp":"2023-12-15T05:39:44.432Z"}
info: Server started at http://localhost:3000/api/v1/ {"timestamp":"2023-12-15T05:40:21.900Z"}
info: Connected to the database. {"timestamp":"2023-12-15T05:40:21.937Z"}
