error: 
    status - 500 
    message - ValidationError: "mail" is not allowed 
    url - /api/v1/users/ 
    method - POST 
    IP - ::1
   {"timestamp":"2023-12-14T07:35:58.130Z"}
error: 
    status - 500 
    message - ValidationError: "mail" is not allowed 
    url - /api/v1/users/ 
    method - POST 
    IP - ::1
   {"timestamp":"2023-12-14T07:37:44.892Z"}
error: uncaughtException: Router.use() requires a middleware function but got a Object
TypeError: Router.use() requires a middleware function but got a Object
    at Function.use (C:\Users\uday5\backEnd\Fundoo_Note\node_modules\express\lib\router\index.js:469:13)
    at routes (C:\Users\uday5\backEnd\Fundoo_Note\src\routes\/index.js:14:10)
    at Object.<anonymous> (C:\Users\uday5\backEnd\Fundoo_Note\src\/index.js:32:38)
    at Module._compile (node:internal/modules/cjs/loader:1376:14)
    at Module._compile (C:\Users\uday5\backEnd\Fundoo_Note\node_modules\pirates\lib\index.js:117:24)
    at Module._extensions..js (node:internal/modules/cjs/loader:1435:10)
    at Object.newLoader [as .js] (C:\Users\uday5\backEnd\Fundoo_Note\node_modules\pirates\lib\index.js:121:7)
    at Module.load (node:internal/modules/cjs/loader:1207:32)
    at Function.Module._load (node:internal/modules/cjs/loader:1023:12)
    at Function.runMain (node:internal/modules/run_main:135:12)
    at Object.<anonymous> (C:\Users\uday5\backEnd\Fundoo_Note\node_modules\@babel\node\src\_babel-node.ts:222:12)
    at Module._compile (node:internal/modules/cjs/loader:1376:14)
    at Object.Module._extensions..js (node:internal/modules/cjs/loader:1435:10)
    at Module.load (node:internal/modules/cjs/loader:1207:32)
    at Function.Module._load (node:internal/modules/cjs/loader:1023:12)
    at Function.executeUserEntryPoint [as runMain] (node:internal/modules/run_main:135:12)
    at node:internal/main/run_main_module:28:49 {"date":"Thu Dec 14 2023 13:13:13 GMT+0530 (India Standard Time)","error":{},"exception":true,"os":{"loadavg":[0,0,0],"uptime":4035599.562},"process":{"argv":["node","C:\\Users\\uday5\\backEnd\\Fundoo_Note\\src\\index.js"],"cwd":"C:\\Users\\uday5\\backEnd\\Fundoo_Note","execPath":"C:\\Program Files\\nodejs\\node.exe","gid":null,"memoryUsage":{"arrayBuffers":18262399,"external":21311320,"heapTotal":85131264,"heapUsed":44567104,"rss":121413632},"pid":4452,"uid":null,"version":"v20.10.0"},"stack":"TypeError: Router.use() requires a middleware function but got a Object\n    at Function.use (C:\\Users\\uday5\\backEnd\\Fundoo_Note\\node_modules\\express\\lib\\router\\index.js:469:13)\n    at routes (C:\\Users\\uday5\\backEnd\\Fundoo_Note\\src\\routes\\/index.js:14:10)\n    at Object.<anonymous> (C:\\Users\\uday5\\backEnd\\Fundoo_Note\\src\\/index.js:32:38)\n    at Module._compile (node:internal/modules/cjs/loader:1376:14)\n    at Module._compile (C:\\Users\\uday5\\backEnd\\Fundoo_Note\\node_modules\\pirates\\lib\\index.js:117:24)\n    at Module._extensions..js (node:internal/modules/cjs/loader:1435:10)\n    at Object.newLoader [as .js] (C:\\Users\\uday5\\backEnd\\Fundoo_Note\\node_modules\\pirates\\lib\\index.js:121:7)\n    at Module.load (node:internal/modules/cjs/loader:1207:32)\n    at Function.Module._load (node:internal/modules/cjs/loader:1023:12)\n    at Function.runMain (node:internal/modules/run_main:135:12)\n    at Object.<anonymous> (C:\\Users\\uday5\\backEnd\\Fundoo_Note\\node_modules\\@babel\\node\\src\\_babel-node.ts:222:12)\n    at Module._compile (node:internal/modules/cjs/loader:1376:14)\n    at Object.Module._extensions..js (node:internal/modules/cjs/loader:1435:10)\n    at Module.load (node:internal/modules/cjs/loader:1207:32)\n    at Function.Module._load (node:internal/modules/cjs/loader:1023:12)\n    at Function.executeUserEntryPoint [as runMain] (node:internal/modules/run_main:135:12)\n    at node:internal/main/run_main_module:28:49","timestamp":"2023-12-14T07:43:13.615Z","trace":[{"column":13,"file":"C:\\Users\\uday5\\backEnd\\Fundoo_Note\\node_modules\\express\\lib\\router\\index.js","function":"Function.use","line":469,"method":"use","native":false},{"column":10,"file":"C:\\Users\\uday5\\backEnd\\Fundoo_Note\\src\\routes\\/index.js","function":"routes","line":14,"method":null,"native":false},{"column":38,"file":"C:\\Users\\uday5\\backEnd\\Fundoo_Note\\src\\/index.js","function":null,"line":32,"method":null,"native":false},{"column":14,"file":"node:internal/modules/cjs/loader","function":"Module._compile","line":1376,"method":"_compile","native":false},{"column":24,"file":"C:\\Users\\uday5\\backEnd\\Fundoo_Note\\node_modules\\pirates\\lib\\index.js","function":"Module._compile","line":117,"method":"_compile","native":false},{"column":10,"file":"node:internal/modules/cjs/loader","function":"Module._extensions..js","line":1435,"method":".js","native":false},{"column":7,"file":"C:\\Users\\uday5\\backEnd\\Fundoo_Note\\node_modules\\pirates\\lib\\index.js","function":"Object.newLoader [as .js]","line":121,"method":"js]","native":false},{"column":32,"file":"node:internal/modules/cjs/loader","function":"Module.load","line":1207,"method":"load","native":false},{"column":12,"file":"node:internal/modules/cjs/loader","function":"Module._load","line":1023,"method":"_load","native":false},{"column":12,"file":"node:internal/modules/run_main","function":"Function.runMain","line":135,"method":"runMain","native":false},{"column":12,"file":"C:\\Users\\uday5\\backEnd\\Fundoo_Note\\node_modules\\@babel\\node\\src\\_babel-node.ts","function":null,"line":222,"method":null,"native":false},{"column":14,"file":"node:internal/modules/cjs/loader","function":"Module._compile","line":1376,"method":"_compile","native":false},{"column":10,"file":"node:internal/modules/cjs/loader","function":"Module._extensions..js","line":1435,"method":".js","native":false},{"column":32,"file":"node:internal/modules/cjs/loader","function":"Module.load","line":1207,"method":"load","native":false},{"column":12,"file":"node:internal/modules/cjs/loader","function":"Module._load","line":1023,"method":"_load","native":false},{"column":12,"file":"node:internal/modules/run_main","function":"Function.executeUserEntryPoint [as runMain]","line":135,"method":"executeUserEntryPoint [as runMain]","native":false},{"column":49,"file":"node:internal/main/run_main_module","function":null,"line":28,"method":null,"native":false}]}
error: uncaughtException: Router.use() requires a middleware function but got a Object
TypeError: Router.use() requires a middleware function but got a Object
    at Function.use (C:\Users\uday5\backEnd\Fundoo_Note\node_modules\express\lib\router\index.js:469:13)
    at routes (C:\Users\uday5\backEnd\Fundoo_Note\src\routes\/index.js:14:10)
    at Object.<anonymous> (C:\Users\uday5\backEnd\Fundoo_Note\src\/index.js:32:38)
    at Module._compile (node:internal/modules/cjs/loader:1376:14)
    at Module._compile (C:\Users\uday5\backEnd\Fundoo_Note\node_modules\pirates\lib\index.js:117:24)
    at Module._extensions..js (node:internal/modules/cjs/loader:1435:10)
    at Object.newLoader [as .js] (C:\Users\uday5\backEnd\Fundoo_Note\node_modules\pirates\lib\index.js:121:7)
    at Module.load (node:internal/modules/cjs/loader:1207:32)
    at Function.Module._load (node:internal/modules/cjs/loader:1023:12)
    at Function.runMain (node:internal/modules/run_main:135:12)
    at Object.<anonymous> (C:\Users\uday5\backEnd\Fundoo_Note\node_modules\@babel\node\src\_babel-node.ts:222:12)
    at Module._compile (node:internal/modules/cjs/loader:1376:14)
    at Object.Module._extensions..js (node:internal/modules/cjs/loader:1435:10)
    at Module.load (node:internal/modules/cjs/loader:1207:32)
    at Function.Module._load (node:internal/modules/cjs/loader:1023:12)
    at Function.executeUserEntryPoint [as runMain] (node:internal/modules/run_main:135:12)
    at node:internal/main/run_main_module:28:49 {"date":"Thu Dec 14 2023 13:13:43 GMT+0530 (India Standard Time)","error":{},"exception":true,"os":{"loadavg":[0,0,0],"uptime":4035629.687},"process":{"argv":["node","C:\\Users\\uday5\\backEnd\\Fundoo_Note\\src\\index.js"],"cwd":"C:\\Users\\uday5\\backEnd\\Fundoo_Note","execPath":"C:\\Program Files\\nodejs\\node.exe","gid":null,"memoryUsage":{"arrayBuffers":18262399,"external":21311320,"heapTotal":85131264,"heapUsed":48726488,"rss":121065472},"pid":28188,"uid":null,"version":"v20.10.0"},"stack":"TypeError: Router.use() requires a middleware function but got a Object\n    at Function.use (C:\\Users\\uday5\\backEnd\\Fundoo_Note\\node_modules\\express\\lib\\router\\index.js:469:13)\n    at routes (C:\\Users\\uday5\\backEnd\\Fundoo_Note\\src\\routes\\/index.js:14:10)\n    at Object.<anonymous> (C:\\Users\\uday5\\backEnd\\Fundoo_Note\\src\\/index.js:32:38)\n    at Module._compile (node:internal/modules/cjs/loader:1376:14)\n    at Module._compile (C:\\Users\\uday5\\backEnd\\Fundoo_Note\\node_modules\\pirates\\lib\\index.js:117:24)\n    at Module._extensions..js (node:internal/modules/cjs/loader:1435:10)\n    at Object.newLoader [as .js] (C:\\Users\\uday5\\backEnd\\Fundoo_Note\\node_modules\\pirates\\lib\\index.js:121:7)\n    at Module.load (node:internal/modules/cjs/loader:1207:32)\n    at Function.Module._load (node:internal/modules/cjs/loader:1023:12)\n    at Function.runMain (node:internal/modules/run_main:135:12)\n    at Object.<anonymous> (C:\\Users\\uday5\\backEnd\\Fundoo_Note\\node_modules\\@babel\\node\\src\\_babel-node.ts:222:12)\n    at Module._compile (node:internal/modules/cjs/loader:1376:14)\n    at Object.Module._extensions..js (node:internal/modules/cjs/loader:1435:10)\n    at Module.load (node:internal/modules/cjs/loader:1207:32)\n    at Function.Module._load (node:internal/modules/cjs/loader:1023:12)\n    at Function.executeUserEntryPoint [as runMain] (node:internal/modules/run_main:135:12)\n    at node:internal/main/run_main_module:28:49","timestamp":"2023-12-14T07:43:43.737Z","trace":[{"column":13,"file":"C:\\Users\\uday5\\backEnd\\Fundoo_Note\\node_modules\\express\\lib\\router\\index.js","function":"Function.use","line":469,"method":"use","native":false},{"column":10,"file":"C:\\Users\\uday5\\backEnd\\Fundoo_Note\\src\\routes\\/index.js","function":"routes","line":14,"method":null,"native":false},{"column":38,"file":"C:\\Users\\uday5\\backEnd\\Fundoo_Note\\src\\/index.js","function":null,"line":32,"method":null,"native":false},{"column":14,"file":"node:internal/modules/cjs/loader","function":"Module._compile","line":1376,"method":"_compile","native":false},{"column":24,"file":"C:\\Users\\uday5\\backEnd\\Fundoo_Note\\node_modules\\pirates\\lib\\index.js","function":"Module._compile","line":117,"method":"_compile","native":false},{"column":10,"file":"node:internal/modules/cjs/loader","function":"Module._extensions..js","line":1435,"method":".js","native":false},{"column":7,"file":"C:\\Users\\uday5\\backEnd\\Fundoo_Note\\node_modules\\pirates\\lib\\index.js","function":"Object.newLoader [as .js]","line":121,"method":"js]","native":false},{"column":32,"file":"node:internal/modules/cjs/loader","function":"Module.load","line":1207,"method":"load","native":false},{"column":12,"file":"node:internal/modules/cjs/loader","function":"Module._load","line":1023,"method":"_load","native":false},{"column":12,"file":"node:internal/modules/run_main","function":"Function.runMain","line":135,"method":"runMain","native":false},{"column":12,"file":"C:\\Users\\uday5\\backEnd\\Fundoo_Note\\node_modules\\@babel\\node\\src\\_babel-node.ts","function":null,"line":222,"method":null,"native":false},{"column":14,"file":"node:internal/modules/cjs/loader","function":"Module._compile","line":1376,"method":"_compile","native":false},{"column":10,"file":"node:internal/modules/cjs/loader","function":"Module._extensions..js","line":1435,"method":".js","native":false},{"column":32,"file":"node:internal/modules/cjs/loader","function":"Module.load","line":1207,"method":"load","native":false},{"column":12,"file":"node:internal/modules/cjs/loader","function":"Module._load","line":1023,"method":"_load","native":false},{"column":12,"file":"node:internal/modules/run_main","function":"Function.executeUserEntryPoint [as runMain]","line":135,"method":"executeUserEntryPoint [as runMain]","native":false},{"column":49,"file":"node:internal/main/run_main_module","function":null,"line":28,"method":null,"native":false}]}
error: uncaughtException: Router.use() requires a middleware function but got a Object
TypeError: Router.use() requires a middleware function but got a Object
    at Function.use (C:\Users\uday5\backEnd\Fundoo_Note\node_modules\express\lib\router\index.js:469:13)
    at routes (C:\Users\uday5\backEnd\Fundoo_Note\src\routes\/index.js:14:10)
    at Object.<anonymous> (C:\Users\uday5\backEnd\Fundoo_Note\src\/index.js:32:38)
    at Module._compile (node:internal/modules/cjs/loader:1376:14)
    at Module._compile (C:\Users\uday5\backEnd\Fundoo_Note\node_modules\pirates\lib\index.js:117:24)
    at Module._extensions..js (node:internal/modules/cjs/loader:1435:10)
    at Object.newLoader [as .js] (C:\Users\uday5\backEnd\Fundoo_Note\node_modules\pirates\lib\index.js:121:7)
    at Module.load (node:internal/modules/cjs/loader:1207:32)
    at Function.Module._load (node:internal/modules/cjs/loader:1023:12)
    at Function.runMain (node:internal/modules/run_main:135:12)
    at Object.<anonymous> (C:\Users\uday5\backEnd\Fundoo_Note\node_modules\@babel\node\src\_babel-node.ts:222:12)
    at Module._compile (node:internal/modules/cjs/loader:1376:14)
    at Object.Module._extensions..js (node:internal/modules/cjs/loader:1435:10)
    at Module.load (node:internal/modules/cjs/loader:1207:32)
    at Function.Module._load (node:internal/modules/cjs/loader:1023:12)
    at Function.executeUserEntryPoint [as runMain] (node:internal/modules/run_main:135:12)
    at node:internal/main/run_main_module:28:49 {"date":"Thu Dec 14 2023 13:14:00 GMT+0530 (India Standard Time)","error":{},"exception":true,"os":{"loadavg":[0,0,0],"uptime":4035646.578},"process":{"argv":["node","C:\\Users\\uday5\\backEnd\\Fundoo_Note\\src\\index.js"],"cwd":"C:\\Users\\uday5\\backEnd\\Fundoo_Note","execPath":"C:\\Program Files\\nodejs\\node.exe","gid":null,"memoryUsage":{"arrayBuffers":18262399,"external":21327704,"heapTotal":83296256,"heapUsed":44870408,"rss":120233984},"pid":12548,"uid":null,"version":"v20.10.0"},"stack":"TypeError: Router.use() requires a middleware function but got a Object\n    at Function.use (C:\\Users\\uday5\\backEnd\\Fundoo_Note\\node_modules\\express\\lib\\router\\index.js:469:13)\n    at routes (C:\\Users\\uday5\\backEnd\\Fundoo_Note\\src\\routes\\/index.js:14:10)\n    at Object.<anonymous> (C:\\Users\\uday5\\backEnd\\Fundoo_Note\\src\\/index.js:32:38)\n    at Module._compile (node:internal/modules/cjs/loader:1376:14)\n    at Module._compile (C:\\Users\\uday5\\backEnd\\Fundoo_Note\\node_modules\\pirates\\lib\\index.js:117:24)\n    at Module._extensions..js (node:internal/modules/cjs/loader:1435:10)\n    at Object.newLoader [as .js] (C:\\Users\\uday5\\backEnd\\Fundoo_Note\\node_modules\\pirates\\lib\\index.js:121:7)\n    at Module.load (node:internal/modules/cjs/loader:1207:32)\n    at Function.Module._load (node:internal/modules/cjs/loader:1023:12)\n    at Function.runMain (node:internal/modules/run_main:135:12)\n    at Object.<anonymous> (C:\\Users\\uday5\\backEnd\\Fundoo_Note\\node_modules\\@babel\\node\\src\\_babel-node.ts:222:12)\n    at Module._compile (node:internal/modules/cjs/loader:1376:14)\n    at Object.Module._extensions..js (node:internal/modules/cjs/loader:1435:10)\n    at Module.load (node:internal/modules/cjs/loader:1207:32)\n    at Function.Module._load (node:internal/modules/cjs/loader:1023:12)\n    at Function.executeUserEntryPoint [as runMain] (node:internal/modules/run_main:135:12)\n    at node:internal/main/run_main_module:28:49","timestamp":"2023-12-14T07:44:00.622Z","trace":[{"column":13,"file":"C:\\Users\\uday5\\backEnd\\Fundoo_Note\\node_modules\\express\\lib\\router\\index.js","function":"Function.use","line":469,"method":"use","native":false},{"column":10,"file":"C:\\Users\\uday5\\backEnd\\Fundoo_Note\\src\\routes\\/index.js","function":"routes","line":14,"method":null,"native":false},{"column":38,"file":"C:\\Users\\uday5\\backEnd\\Fundoo_Note\\src\\/index.js","function":null,"line":32,"method":null,"native":false},{"column":14,"file":"node:internal/modules/cjs/loader","function":"Module._compile","line":1376,"method":"_compile","native":false},{"column":24,"file":"C:\\Users\\uday5\\backEnd\\Fundoo_Note\\node_modules\\pirates\\lib\\index.js","function":"Module._compile","line":117,"method":"_compile","native":false},{"column":10,"file":"node:internal/modules/cjs/loader","function":"Module._extensions..js","line":1435,"method":".js","native":false},{"column":7,"file":"C:\\Users\\uday5\\backEnd\\Fundoo_Note\\node_modules\\pirates\\lib\\index.js","function":"Object.newLoader [as .js]","line":121,"method":"js]","native":false},{"column":32,"file":"node:internal/modules/cjs/loader","function":"Module.load","line":1207,"method":"load","native":false},{"column":12,"file":"node:internal/modules/cjs/loader","function":"Module._load","line":1023,"method":"_load","native":false},{"column":12,"file":"node:internal/modules/run_main","function":"Function.runMain","line":135,"method":"runMain","native":false},{"column":12,"file":"C:\\Users\\uday5\\backEnd\\Fundoo_Note\\node_modules\\@babel\\node\\src\\_babel-node.ts","function":null,"line":222,"method":null,"native":false},{"column":14,"file":"node:internal/modules/cjs/loader","function":"Module._compile","line":1376,"method":"_compile","native":false},{"column":10,"file":"node:internal/modules/cjs/loader","function":"Module._extensions..js","line":1435,"method":".js","native":false},{"column":32,"file":"node:internal/modules/cjs/loader","function":"Module.load","line":1207,"method":"load","native":false},{"column":12,"file":"node:internal/modules/cjs/loader","function":"Module._load","line":1023,"method":"_load","native":false},{"column":12,"file":"node:internal/modules/run_main","function":"Function.executeUserEntryPoint [as runMain]","line":135,"method":"executeUserEntryPoint [as runMain]","native":false},{"column":49,"file":"node:internal/main/run_main_module","function":null,"line":28,"method":null,"native":false}]}
error: uncaughtException: Router.use() requires a middleware function but got a Object
TypeError: Router.use() requires a middleware function but got a Object
    at Function.use (C:\Users\uday5\backEnd\Fundoo_Note\node_modules\express\lib\router\index.js:469:13)
    at routes (C:\Users\uday5\backEnd\Fundoo_Note\src\routes\/index.js:14:10)
    at Object.<anonymous> (C:\Users\uday5\backEnd\Fundoo_Note\src\/index.js:32:38)
    at Module._compile (node:internal/modules/cjs/loader:1376:14)
    at Module._compile (C:\Users\uday5\backEnd\Fundoo_Note\node_modules\pirates\lib\index.js:117:24)
    at Module._extensions..js (node:internal/modules/cjs/loader:1435:10)
    at Object.newLoader [as .js] (C:\Users\uday5\backEnd\Fundoo_Note\node_modules\pirates\lib\index.js:121:7)
    at Module.load (node:internal/modules/cjs/loader:1207:32)
    at Function.Module._load (node:internal/modules/cjs/loader:1023:12)
    at Function.runMain (node:internal/modules/run_main:135:12)
    at Object.<anonymous> (C:\Users\uday5\backEnd\Fundoo_Note\node_modules\@babel\node\src\_babel-node.ts:222:12)
    at Module._compile (node:internal/modules/cjs/loader:1376:14)
    at Object.Module._extensions..js (node:internal/modules/cjs/loader:1435:10)
    at Module.load (node:internal/modules/cjs/loader:1207:32)
    at Function.Module._load (node:internal/modules/cjs/loader:1023:12)
    at Function.executeUserEntryPoint [as runMain] (node:internal/modules/run_main:135:12)
    at node:internal/main/run_main_module:28:49 {"date":"Thu Dec 14 2023 13:15:13 GMT+0530 (India Standard Time)","error":{},"exception":true,"os":{"loadavg":[0,0,0],"uptime":4035719.734},"process":{"argv":["node","C:\\Users\\uday5\\backEnd\\Fundoo_Note\\src\\index.js"],"cwd":"C:\\Users\\uday5\\backEnd\\Fundoo_Note","execPath":"C:\\Program Files\\nodejs\\node.exe","gid":null,"memoryUsage":{"arrayBuffers":18262399,"external":21327704,"heapTotal":83558400,"heapUsed":44665872,"rss":120274944},"pid":17228,"uid":null,"version":"v20.10.0"},"stack":"TypeError: Router.use() requires a middleware function but got a Object\n    at Function.use (C:\\Users\\uday5\\backEnd\\Fundoo_Note\\node_modules\\express\\lib\\router\\index.js:469:13)\n    at routes (C:\\Users\\uday5\\backEnd\\Fundoo_Note\\src\\routes\\/index.js:14:10)\n    at Object.<anonymous> (C:\\Users\\uday5\\backEnd\\Fundoo_Note\\src\\/index.js:32:38)\n    at Module._compile (node:internal/modules/cjs/loader:1376:14)\n    at Module._compile (C:\\Users\\uday5\\backEnd\\Fundoo_Note\\node_modules\\pirates\\lib\\index.js:117:24)\n    at Module._extensions..js (node:internal/modules/cjs/loader:1435:10)\n    at Object.newLoader [as .js] (C:\\Users\\uday5\\backEnd\\Fundoo_Note\\node_modules\\pirates\\lib\\index.js:121:7)\n    at Module.load (node:internal/modules/cjs/loader:1207:32)\n    at Function.Module._load (node:internal/modules/cjs/loader:1023:12)\n    at Function.runMain (node:internal/modules/run_main:135:12)\n    at Object.<anonymous> (C:\\Users\\uday5\\backEnd\\Fundoo_Note\\node_modules\\@babel\\node\\src\\_babel-node.ts:222:12)\n    at Module._compile (node:internal/modules/cjs/loader:1376:14)\n    at Object.Module._extensions..js (node:internal/modules/cjs/loader:1435:10)\n    at Module.load (node:internal/modules/cjs/loader:1207:32)\n    at Function.Module._load (node:internal/modules/cjs/loader:1023:12)\n    at Function.executeUserEntryPoint [as runMain] (node:internal/modules/run_main:135:12)\n    at node:internal/main/run_main_module:28:49","timestamp":"2023-12-14T07:45:13.791Z","trace":[{"column":13,"file":"C:\\Users\\uday5\\backEnd\\Fundoo_Note\\node_modules\\express\\lib\\router\\index.js","function":"Function.use","line":469,"method":"use","native":false},{"column":10,"file":"C:\\Users\\uday5\\backEnd\\Fundoo_Note\\src\\routes\\/index.js","function":"routes","line":14,"method":null,"native":false},{"column":38,"file":"C:\\Users\\uday5\\backEnd\\Fundoo_Note\\src\\/index.js","function":null,"line":32,"method":null,"native":false},{"column":14,"file":"node:internal/modules/cjs/loader","function":"Module._compile","line":1376,"method":"_compile","native":false},{"column":24,"file":"C:\\Users\\uday5\\backEnd\\Fundoo_Note\\node_modules\\pirates\\lib\\index.js","function":"Module._compile","line":117,"method":"_compile","native":false},{"column":10,"file":"node:internal/modules/cjs/loader","function":"Module._extensions..js","line":1435,"method":".js","native":false},{"column":7,"file":"C:\\Users\\uday5\\backEnd\\Fundoo_Note\\node_modules\\pirates\\lib\\index.js","function":"Object.newLoader [as .js]","line":121,"method":"js]","native":false},{"column":32,"file":"node:internal/modules/cjs/loader","function":"Module.load","line":1207,"method":"load","native":false},{"column":12,"file":"node:internal/modules/cjs/loader","function":"Module._load","line":1023,"method":"_load","native":false},{"column":12,"file":"node:internal/modules/run_main","function":"Function.runMain","line":135,"method":"runMain","native":false},{"column":12,"file":"C:\\Users\\uday5\\backEnd\\Fundoo_Note\\node_modules\\@babel\\node\\src\\_babel-node.ts","function":null,"line":222,"method":null,"native":false},{"column":14,"file":"node:internal/modules/cjs/loader","function":"Module._compile","line":1376,"method":"_compile","native":false},{"column":10,"file":"node:internal/modules/cjs/loader","function":"Module._extensions..js","line":1435,"method":".js","native":false},{"column":32,"file":"node:internal/modules/cjs/loader","function":"Module.load","line":1207,"method":"load","native":false},{"column":12,"file":"node:internal/modules/cjs/loader","function":"Module._load","line":1023,"method":"_load","native":false},{"column":12,"file":"node:internal/modules/run_main","function":"Function.executeUserEntryPoint [as runMain]","line":135,"method":"executeUserEntryPoint [as runMain]","native":false},{"column":49,"file":"node:internal/main/run_main_module","function":null,"line":28,"method":null,"native":false}]}
error: uncaughtException: Router.use() requires a middleware function but got a Object
TypeError: Router.use() requires a middleware function but got a Object
    at Function.use (C:\Users\uday5\backEnd\Fundoo_Note\node_modules\express\lib\router\index.js:469:13)
    at routes (C:\Users\uday5\backEnd\Fundoo_Note\src\routes\/index.js:14:10)
    at Object.<anonymous> (C:\Users\uday5\backEnd\Fundoo_Note\src\/index.js:32:38)
    at Module._compile (node:internal/modules/cjs/loader:1376:14)
    at Module._compile (C:\Users\uday5\backEnd\Fundoo_Note\node_modules\pirates\lib\index.js:117:24)
    at Module._extensions..js (node:internal/modules/cjs/loader:1435:10)
    at Object.newLoader [as .js] (C:\Users\uday5\backEnd\Fundoo_Note\node_modules\pirates\lib\index.js:121:7)
    at Module.load (node:internal/modules/cjs/loader:1207:32)
    at Function.Module._load (node:internal/modules/cjs/loader:1023:12)
    at Function.runMain (node:internal/modules/run_main:135:12)
    at Object.<anonymous> (C:\Users\uday5\backEnd\Fundoo_Note\node_modules\@babel\node\src\_babel-node.ts:222:12)
    at Module._compile (node:internal/modules/cjs/loader:1376:14)
    at Object.Module._extensions..js (node:internal/modules/cjs/loader:1435:10)
    at Module.load (node:internal/modules/cjs/loader:1207:32)
    at Function.Module._load (node:internal/modules/cjs/loader:1023:12)
    at Function.executeUserEntryPoint [as runMain] (node:internal/modules/run_main:135:12)
    at node:internal/main/run_main_module:28:49 {"date":"Thu Dec 14 2023 13:15:18 GMT+0530 (India Standard Time)","error":{},"exception":true,"os":{"loadavg":[0,0,0],"uptime":4035724.25},"process":{"argv":["node","C:\\Users\\uday5\\backEnd\\Fundoo_Note\\src\\index.js"],"cwd":"C:\\Users\\uday5\\backEnd\\Fundoo_Note","execPath":"C:\\Program Files\\nodejs\\node.exe","gid":null,"memoryUsage":{"arrayBuffers":18262399,"external":21311320,"heapTotal":86441984,"heapUsed":45859888,"rss":122798080},"pid":5752,"uid":null,"version":"v20.10.0"},"stack":"TypeError: Router.use() requires a middleware function but got a Object\n    at Function.use (C:\\Users\\uday5\\backEnd\\Fundoo_Note\\node_modules\\express\\lib\\router\\index.js:469:13)\n    at routes (C:\\Users\\uday5\\backEnd\\Fundoo_Note\\src\\routes\\/index.js:14:10)\n    at Object.<anonymous> (C:\\Users\\uday5\\backEnd\\Fundoo_Note\\src\\/index.js:32:38)\n    at Module._compile (node:internal/modules/cjs/loader:1376:14)\n    at Module._compile (C:\\Users\\uday5\\backEnd\\Fundoo_Note\\node_modules\\pirates\\lib\\index.js:117:24)\n    at Module._extensions..js (node:internal/modules/cjs/loader:1435:10)\n    at Object.newLoader [as .js] (C:\\Users\\uday5\\backEnd\\Fundoo_Note\\node_modules\\pirates\\lib\\index.js:121:7)\n    at Module.load (node:internal/modules/cjs/loader:1207:32)\n    at Function.Module._load (node:internal/modules/cjs/loader:1023:12)\n    at Function.runMain (node:internal/modules/run_main:135:12)\n    at Object.<anonymous> (C:\\Users\\uday5\\backEnd\\Fundoo_Note\\node_modules\\@babel\\node\\src\\_babel-node.ts:222:12)\n    at Module._compile (node:internal/modules/cjs/loader:1376:14)\n    at Object.Module._extensions..js (node:internal/modules/cjs/loader:1435:10)\n    at Module.load (node:internal/modules/cjs/loader:1207:32)\n    at Function.Module._load (node:internal/modules/cjs/loader:1023:12)\n    at Function.executeUserEntryPoint [as runMain] (node:internal/modules/run_main:135:12)\n    at node:internal/main/run_main_module:28:49","timestamp":"2023-12-14T07:45:18.308Z","trace":[{"column":13,"file":"C:\\Users\\uday5\\backEnd\\Fundoo_Note\\node_modules\\express\\lib\\router\\index.js","function":"Function.use","line":469,"method":"use","native":false},{"column":10,"file":"C:\\Users\\uday5\\backEnd\\Fundoo_Note\\src\\routes\\/index.js","function":"routes","line":14,"method":null,"native":false},{"column":38,"file":"C:\\Users\\uday5\\backEnd\\Fundoo_Note\\src\\/index.js","function":null,"line":32,"method":null,"native":false},{"column":14,"file":"node:internal/modules/cjs/loader","function":"Module._compile","line":1376,"method":"_compile","native":false},{"column":24,"file":"C:\\Users\\uday5\\backEnd\\Fundoo_Note\\node_modules\\pirates\\lib\\index.js","function":"Module._compile","line":117,"method":"_compile","native":false},{"column":10,"file":"node:internal/modules/cjs/loader","function":"Module._extensions..js","line":1435,"method":".js","native":false},{"column":7,"file":"C:\\Users\\uday5\\backEnd\\Fundoo_Note\\node_modules\\pirates\\lib\\index.js","function":"Object.newLoader [as .js]","line":121,"method":"js]","native":false},{"column":32,"file":"node:internal/modules/cjs/loader","function":"Module.load","line":1207,"method":"load","native":false},{"column":12,"file":"node:internal/modules/cjs/loader","function":"Module._load","line":1023,"method":"_load","native":false},{"column":12,"file":"node:internal/modules/run_main","function":"Function.runMain","line":135,"method":"runMain","native":false},{"column":12,"file":"C:\\Users\\uday5\\backEnd\\Fundoo_Note\\node_modules\\@babel\\node\\src\\_babel-node.ts","function":null,"line":222,"method":null,"native":false},{"column":14,"file":"node:internal/modules/cjs/loader","function":"Module._compile","line":1376,"method":"_compile","native":false},{"column":10,"file":"node:internal/modules/cjs/loader","function":"Module._extensions..js","line":1435,"method":".js","native":false},{"column":32,"file":"node:internal/modules/cjs/loader","function":"Module.load","line":1207,"method":"load","native":false},{"column":12,"file":"node:internal/modules/cjs/loader","function":"Module._load","line":1023,"method":"_load","native":false},{"column":12,"file":"node:internal/modules/run_main","function":"Function.executeUserEntryPoint [as runMain]","line":135,"method":"executeUserEntryPoint [as runMain]","native":false},{"column":49,"file":"node:internal/main/run_main_module","function":null,"line":28,"method":null,"native":false}]}
error: uncaughtException: Router.use() requires a middleware function but got a Object
TypeError: Router.use() requires a middleware function but got a Object
    at Function.use (C:\Users\uday5\backEnd\Fundoo_Note\node_modules\express\lib\router\index.js:469:13)
    at routes (C:\Users\uday5\backEnd\Fundoo_Note\src\routes\/index.js:14:10)
    at Object.<anonymous> (C:\Users\uday5\backEnd\Fundoo_Note\src\/index.js:32:38)
    at Module._compile (node:internal/modules/cjs/loader:1376:14)
    at Module._compile (C:\Users\uday5\backEnd\Fundoo_Note\node_modules\pirates\lib\index.js:117:24)
    at Module._extensions..js (node:internal/modules/cjs/loader:1435:10)
    at Object.newLoader [as .js] (C:\Users\uday5\backEnd\Fundoo_Note\node_modules\pirates\lib\index.js:121:7)
    at Module.load (node:internal/modules/cjs/loader:1207:32)
    at Function.Module._load (node:internal/modules/cjs/loader:1023:12)
    at Function.runMain (node:internal/modules/run_main:135:12)
    at Object.<anonymous> (C:\Users\uday5\backEnd\Fundoo_Note\node_modules\@babel\node\src\_babel-node.ts:222:12)
    at Module._compile (node:internal/modules/cjs/loader:1376:14)
    at Object.Module._extensions..js (node:internal/modules/cjs/loader:1435:10)
    at Module.load (node:internal/modules/cjs/loader:1207:32)
    at Function.Module._load (node:internal/modules/cjs/loader:1023:12)
    at Function.executeUserEntryPoint [as runMain] (node:internal/modules/run_main:135:12)
    at node:internal/main/run_main_module:28:49 {"date":"Thu Dec 14 2023 13:15:22 GMT+0530 (India Standard Time)","error":{},"exception":true,"os":{"loadavg":[0,0,0],"uptime":4035728.093},"process":{"argv":["node","C:\\Users\\uday5\\backEnd\\Fundoo_Note\\src\\index.js"],"cwd":"C:\\Users\\uday5\\backEnd\\Fundoo_Note","execPath":"C:\\Program Files\\nodejs\\node.exe","gid":null,"memoryUsage":{"arrayBuffers":18262399,"external":21311320,"heapTotal":86704128,"heapUsed":54138768,"rss":123101184},"pid":4684,"uid":null,"version":"v20.10.0"},"stack":"TypeError: Router.use() requires a middleware function but got a Object\n    at Function.use (C:\\Users\\uday5\\backEnd\\Fundoo_Note\\node_modules\\express\\lib\\router\\index.js:469:13)\n    at routes (C:\\Users\\uday5\\backEnd\\Fundoo_Note\\src\\routes\\/index.js:14:10)\n    at Object.<anonymous> (C:\\Users\\uday5\\backEnd\\Fundoo_Note\\src\\/index.js:32:38)\n    at Module._compile (node:internal/modules/cjs/loader:1376:14)\n    at Module._compile (C:\\Users\\uday5\\backEnd\\Fundoo_Note\\node_modules\\pirates\\lib\\index.js:117:24)\n    at Module._extensions..js (node:internal/modules/cjs/loader:1435:10)\n    at Object.newLoader [as .js] (C:\\Users\\uday5\\backEnd\\Fundoo_Note\\node_modules\\pirates\\lib\\index.js:121:7)\n    at Module.load (node:internal/modules/cjs/loader:1207:32)\n    at Function.Module._load (node:internal/modules/cjs/loader:1023:12)\n    at Function.runMain (node:internal/modules/run_main:135:12)\n    at Object.<anonymous> (C:\\Users\\uday5\\backEnd\\Fundoo_Note\\node_modules\\@babel\\node\\src\\_babel-node.ts:222:12)\n    at Module._compile (node:internal/modules/cjs/loader:1376:14)\n    at Object.Module._extensions..js (node:internal/modules/cjs/loader:1435:10)\n    at Module.load (node:internal/modules/cjs/loader:1207:32)\n    at Function.Module._load (node:internal/modules/cjs/loader:1023:12)\n    at Function.executeUserEntryPoint [as runMain] (node:internal/modules/run_main:135:12)\n    at node:internal/main/run_main_module:28:49","timestamp":"2023-12-14T07:45:22.146Z","trace":[{"column":13,"file":"C:\\Users\\uday5\\backEnd\\Fundoo_Note\\node_modules\\express\\lib\\router\\index.js","function":"Function.use","line":469,"method":"use","native":false},{"column":10,"file":"C:\\Users\\uday5\\backEnd\\Fundoo_Note\\src\\routes\\/index.js","function":"routes","line":14,"method":null,"native":false},{"column":38,"file":"C:\\Users\\uday5\\backEnd\\Fundoo_Note\\src\\/index.js","function":null,"line":32,"method":null,"native":false},{"column":14,"file":"node:internal/modules/cjs/loader","function":"Module._compile","line":1376,"method":"_compile","native":false},{"column":24,"file":"C:\\Users\\uday5\\backEnd\\Fundoo_Note\\node_modules\\pirates\\lib\\index.js","function":"Module._compile","line":117,"method":"_compile","native":false},{"column":10,"file":"node:internal/modules/cjs/loader","function":"Module._extensions..js","line":1435,"method":".js","native":false},{"column":7,"file":"C:\\Users\\uday5\\backEnd\\Fundoo_Note\\node_modules\\pirates\\lib\\index.js","function":"Object.newLoader [as .js]","line":121,"method":"js]","native":false},{"column":32,"file":"node:internal/modules/cjs/loader","function":"Module.load","line":1207,"method":"load","native":false},{"column":12,"file":"node:internal/modules/cjs/loader","function":"Module._load","line":1023,"method":"_load","native":false},{"column":12,"file":"node:internal/modules/run_main","function":"Function.runMain","line":135,"method":"runMain","native":false},{"column":12,"file":"C:\\Users\\uday5\\backEnd\\Fundoo_Note\\node_modules\\@babel\\node\\src\\_babel-node.ts","function":null,"line":222,"method":null,"native":false},{"column":14,"file":"node:internal/modules/cjs/loader","function":"Module._compile","line":1376,"method":"_compile","native":false},{"column":10,"file":"node:internal/modules/cjs/loader","function":"Module._extensions..js","line":1435,"method":".js","native":false},{"column":32,"file":"node:internal/modules/cjs/loader","function":"Module.load","line":1207,"method":"load","native":false},{"column":12,"file":"node:internal/modules/cjs/loader","function":"Module._load","line":1023,"method":"_load","native":false},{"column":12,"file":"node:internal/modules/run_main","function":"Function.executeUserEntryPoint [as runMain]","line":135,"method":"executeUserEntryPoint [as runMain]","native":false},{"column":49,"file":"node:internal/main/run_main_module","function":null,"line":28,"method":null,"native":false}]}
error: 
    status - 500 
    message - ReferenceError: checkUser is not defined
    at _callee2$ (C:\Users\uday5\backEnd\Fundoo_Note\src\services\/user.service.js:14:9)
    at tryCatch (C:\Users\uday5\backEnd\Fundoo_Note\node_modules\@babel\runtime\helpers\regeneratorRuntime.js:45:16)
    at Generator.<anonymous> (C:\Users\uday5\backEnd\Fundoo_Note\node_modules\@babel\runtime\helpers\regeneratorRuntime.js:133:17)
    at Generator.next (C:\Users\uday5\backEnd\Fundoo_Note\node_modules\@babel\runtime\helpers\regeneratorRuntime.js:74:21)
    at asyncGeneratorStep (C:\Users\uday5\backEnd\Fundoo_Note\node_modules\@babel\runtime\helpers\asyncToGenerator.js:3:24)
    at _next (C:\Users\uday5\backEnd\Fundoo_Note\node_modules\@babel\runtime\helpers\asyncToGenerator.js:22:9)
    at C:\Users\uday5\backEnd\Fundoo_Note\node_modules\@babel\runtime\helpers\asyncToGenerator.js:27:7
    at new Promise (<anonymous>)
    at Object.apply (C:\Users\uday5\backEnd\Fundoo_Note\node_modules\@babel\runtime\helpers\asyncToGenerator.js:19:12)
    at Object.createAnUser (C:\Users\uday5\backEnd\Fundoo_Note\src\services\/user.service.js:13:26)
    at _callee$ (C:\Users\uday5\backEnd\Fundoo_Note\src\controllers\/user.controller.js:12:36)
    at tryCatch (C:\Users\uday5\backEnd\Fundoo_Note\node_modules\@babel\runtime\helpers\regeneratorRuntime.js:45:16)
    at Generator.<anonymous> (C:\Users\uday5\backEnd\Fundoo_Note\node_modules\@babel\runtime\helpers\regeneratorRuntime.js:133:17)
    at Generator.next (C:\Users\uday5\backEnd\Fundoo_Note\node_modules\@babel\runtime\helpers\regeneratorRuntime.js:74:21)
    at asyncGeneratorStep (C:\Users\uday5\backEnd\Fundoo_Note\node_modules\@babel\runtime\helpers\asyncToGenerator.js:3:24)
    at _next (C:\Users\uday5\backEnd\Fundoo_Note\node_modules\@babel\runtime\helpers\asyncToGenerator.js:22:9)
    at C:\Users\uday5\backEnd\Fundoo_Note\node_modules\@babel\runtime\helpers\asyncToGenerator.js:27:7
    at new Promise (<anonymous>)
    at apply (C:\Users\uday5\backEnd\Fundoo_Note\node_modules\@babel\runtime\helpers\asyncToGenerator.js:19:12)
    at createAnUser (C:\Users\uday5\backEnd\Fundoo_Note\src\controllers\/user.controller.js:10:26)
    at Layer.handle [as handle_request] (C:\Users\uday5\backEnd\Fundoo_Note\node_modules\express\lib\router\layer.js:95:5)
    at next (C:\Users\uday5\backEnd\Fundoo_Note\node_modules\express\lib\router\route.js:144:13)
    at Route.dispatch (C:\Users\uday5\backEnd\Fundoo_Note\node_modules\express\lib\router\route.js:114:3)
    at Layer.handle [as handle_request] (C:\Users\uday5\backEnd\Fundoo_Note\node_modules\express\lib\router\layer.js:95:5)
    at C:\Users\uday5\backEnd\Fundoo_Note\node_modules\express\lib\router\index.js:284:15
    at Function.process_params (C:\Users\uday5\backEnd\Fundoo_Note\node_modules\express\lib\router\index.js:346:12)
    at next (C:\Users\uday5\backEnd\Fundoo_Note\node_modules\express\lib\router\index.js:280:10)
    at Function.handle (C:\Users\uday5\backEnd\Fundoo_Note\node_modules\express\lib\router\index.js:175:3)
    at router (C:\Users\uday5\backEnd\Fundoo_Note\node_modules\express\lib\router\index.js:47:12)
    at Layer.handle [as handle_request] (C:\Users\uday5\backEnd\Fundoo_Note\node_modules\express\lib\router\layer.js:95:5)
    at trim_prefix (C:\Users\uday5\backEnd\Fundoo_Note\node_modules\express\lib\router\index.js:328:13)
    at C:\Users\uday5\backEnd\Fundoo_Note\node_modules\express\lib\router\index.js:286:9
    at Function.process_params (C:\Users\uday5\backEnd\Fundoo_Note\node_modules\express\lib\router\index.js:346:12)
    at next (C:\Users\uday5\backEnd\Fundoo_Note\node_modules\express\lib\router\index.js:280:10)
    at Function.handle (C:\Users\uday5\backEnd\Fundoo_Note\node_modules\express\lib\router\index.js:175:3)
    at router (C:\Users\uday5\backEnd\Fundoo_Note\node_modules\express\lib\router\index.js:47:12)
    at Layer.handle [as handle_request] (C:\Users\uday5\backEnd\Fundoo_Note\node_modules\express\lib\router\layer.js:95:5)
    at trim_prefix (C:\Users\uday5\backEnd\Fundoo_Note\node_modules\express\lib\router\index.js:328:13)
    at C:\Users\uday5\backEnd\Fundoo_Note\node_modules\express\lib\router\index.js:286:9
    at Function.process_params (C:\Users\uday5\backEnd\Fundoo_Note\node_modules\express\lib\router\index.js:346:12)
    at next (C:\Users\uday5\backEnd\Fundoo_Note\node_modules\express\lib\router\index.js:280:10)
    at logger (C:\Users\uday5\backEnd\Fundoo_Note\node_modules\morgan\index.js:144:5)
    at Layer.handle [as handle_request] (C:\Users\uday5\backEnd\Fundoo_Note\node_modules\express\lib\router\layer.js:95:5)
    at trim_prefix (C:\Users\uday5\backEnd\Fundoo_Note\node_modules\express\lib\router\index.js:328:13)
    at C:\Users\uday5\backEnd\Fundoo_Note\node_modules\express\lib\router\index.js:286:9
    at Function.process_params (C:\Users\uday5\backEnd\Fundoo_Note\node_modules\express\lib\router\index.js:346:12)
    at next (C:\Users\uday5\backEnd\Fundoo_Note\node_modules\express\lib\router\index.js:280:10)
    at C:\Users\uday5\backEnd\Fundoo_Note\node_modules\body-parser\lib\read.js:137:5
    at AsyncResource.runInAsyncScope (node:async_hooks:206:9)
    at invokeCallback (C:\Users\uday5\backEnd\Fundoo_Note\node_modules\raw-body\index.js:231:16)
    at done (C:\Users\uday5\backEnd\Fundoo_Note\node_modules\raw-body\index.js:220:7)
    at IncomingMessage.onEnd (C:\Users\uday5\backEnd\Fundoo_Note\node_modules\raw-body\index.js:280:7)
    at IncomingMessage.emit (node:events:514:28)
    at IncomingMessage.emit (node:domain:488:12)
    at endReadableNT (node:internal/streams/readable:1589:12)
    at processTicksAndRejections (node:internal/process/task_queues:82:21) 
    url - /api/v1/users 
    method - POST 
    IP - ::1
   {"timestamp":"2023-12-14T09:53:52.657Z"}
error: 
    status - 500 
    message - ReferenceError: data is not defined
    at _callee$ (C:\Users\uday5\backEnd\Fundoo_Note\src\services\/user.service.js:8:12)
    at tryCatch (C:\Users\uday5\backEnd\Fundoo_Note\node_modules\@babel\runtime\helpers\regeneratorRuntime.js:45:16)
    at Generator.<anonymous> (C:\Users\uday5\backEnd\Fundoo_Note\node_modules\@babel\runtime\helpers\regeneratorRuntime.js:133:17)
    at Generator.next (C:\Users\uday5\backEnd\Fundoo_Note\node_modules\@babel\runtime\helpers\regeneratorRuntime.js:74:21)
    at asyncGeneratorStep (C:\Users\uday5\backEnd\Fundoo_Note\node_modules\@babel\runtime\helpers\asyncToGenerator.js:3:24)
    at _next (C:\Users\uday5\backEnd\Fundoo_Note\node_modules\@babel\runtime\helpers\asyncToGenerator.js:22:9)
    at processTicksAndRejections (node:internal/process/task_queues:95:5) 
    url - /api/v1/users 
    method - POST 
    IP - ::1
   {"timestamp":"2023-12-14T10:10:39.409Z"}
error: 
    status - 500 
    message - ReferenceError: body is not defined
    at _callee$ (C:\Users\uday5\backEnd\Fundoo_NoteUser\src\services\/user.service.js:7:40)
    at tryCatch (C:\Users\uday5\backEnd\node_modules\@babel\runtime\helpers\regeneratorRuntime.js:45:16)
    at Generator.<anonymous> (C:\Users\uday5\backEnd\node_modules\@babel\runtime\helpers\regeneratorRuntime.js:133:17)
    at Generator.next (C:\Users\uday5\backEnd\node_modules\@babel\runtime\helpers\regeneratorRuntime.js:74:21)
    at asyncGeneratorStep (C:\Users\uday5\backEnd\node_modules\@babel\runtime\helpers\asyncToGenerator.js:3:24)
    at _next (C:\Users\uday5\backEnd\node_modules\@babel\runtime\helpers\asyncToGenerator.js:22:9)
    at processTicksAndRejections (node:internal/process/task_queues:95:5) 
    url - /api/v1/users/ 
    method - POST 
    IP - ::1
   {"timestamp":"2023-12-15T05:38:02.981Z"}
