info: ::1 - - [14/Dec/2023:07:09:38 +0000] "GET /api/v1/ HTTP/1.1" 304 - "-" "Mozilla/5.0 (Windows NT 10.0; Win64; x64) AppleWebKit/537.36 (KHTML, like Gecko) Chrome/120.0.0.0 Safari/537.36 Edg/120.0.0.0"

info: ::1 - - [14/Dec/2023:07:09:59 +0000] "GET /api/v1/ HTTP/1.1" 200 9 "-" "PostmanRuntime/7.36.0"

info: ::1 - - [14/Dec/2023:07:10:09 +0000] "GET /api/v1/userd HTTP/1.1" 404 47 "-" "PostmanRuntime/7.36.0"

info: ::1 - - [14/Dec/2023:07:10:13 +0000] "GET /api/v1/users HTTP/1.1" 200 36365 "-" "PostmanRuntime/7.36.0"

info: ::1 - - [14/Dec/2023:07:11:48 +0000] "GET /api/v1/users HTTP/1.1" 200 65 "-" "PostmanRuntime/7.36.0"

info: ::1 - - [14/Dec/2023:07:17:06 +0000] "POST /api/v1/users/ HTTP/1.1" 404 47 "-" "PostmanRuntime/7.36.0"

info: ::1 - - [14/Dec/2023:07:35:58 +0000] "POST /api/v1/users/ HTTP/1.1" 500 58 "-" "PostmanRuntime/7.36.0"

info: ::1 - - [14/Dec/2023:07:37:44 +0000] "POST /api/v1/users/ HTTP/1.1" 500 58 "-" "PostmanRuntime/7.36.0"

info: ::1 - - [14/Dec/2023:07:39:14 +0000] "POST /api/v1/users/ HTTP/1.1" 200 65 "-" "PostmanRuntime/7.36.0"

info: ::1 - - [14/Dec/2023:07:39:30 +0000] "POST /api/v1/users/ HTTP/1.1" 200 65 "-" "PostmanRuntime/7.36.0"

info: ::1 - - [14/Dec/2023:07:41:32 +0000] "POST /api/v1/users/ HTTP/1.1" 200 65 "-" "PostmanRuntime/7.36.0"

info: ::1 - - [14/Dec/2023:07:41:37 +0000] "GET /api/v1/users/ HTTP/1.1" 404 47 "-" "PostmanRuntime/7.36.0"

error: uncaughtException: Router.use() requires a middleware function but got a Object
TypeError: Router.use() requires a middleware function but got a Object
    at Function.use (C:\Users\uday5\backEnd\Fundoo_Note\node_modules\express\lib\router\index.js:469:13)
    at routes (C:\Users\uday5\backEnd\Fundoo_Note\src\routes\/index.js:14:10)
    at Object.<anonymous> (C:\Users\uday5\backEnd\Fundoo_Note\src\/index.js:32:38)
    at Module._compile (node:internal/modules/cjs/loader:1376:14)
    at Module._compile (C:\Users\uday5\backEnd\Fundoo_Note\node_modules\pirates\lib\index.js:117:24)
    at Module._extensions..js (node:internal/modules/cjs/loader:1435:10)
    at Object.newLoader [as .js] (C:\Users\uday5\backEnd\Fundoo_Note\node_modules\pirates\lib\index.js:121:7)
    at Module.load (node:internal/modules/cjs/loader:1207:32)
    at Function.Module._load (node:internal/modules/cjs/loader:1023:12)
    at Function.runMain (node:internal/modules/run_main:135:12)
    at Object.<anonymous> (C:\Users\uday5\backEnd\Fundoo_Note\node_modules\@babel\node\src\_babel-node.ts:222:12)
    at Module._compile (node:internal/modules/cjs/loader:1376:14)
    at Object.Module._extensions..js (node:internal/modules/cjs/loader:1435:10)
    at Module.load (node:internal/modules/cjs/loader:1207:32)
    at Function.Module._load (node:internal/modules/cjs/loader:1023:12)
    at Function.executeUserEntryPoint [as runMain] (node:internal/modules/run_main:135:12)
    at node:internal/main/run_main_module:28:49 {"date":"Thu Dec 14 2023 13:13:13 GMT+0530 (India Standard Time)","error":{},"exception":true,"os":{"loadavg":[0,0,0],"uptime":4035599.578},"process":{"argv":["node","C:\\Users\\uday5\\backEnd\\Fundoo_Note\\src\\index.js"],"cwd":"C:\\Users\\uday5\\backEnd\\Fundoo_Note","execPath":"C:\\Program Files\\nodejs\\node.exe","gid":null,"memoryUsage":{"arrayBuffers":18274367,"external":21323328,"heapTotal":85131264,"heapUsed":44727424,"rss":121438208},"pid":4452,"uid":null,"version":"v20.10.0"},"stack":"TypeError: Router.use() requires a middleware function but got a Object\n    at Function.use (C:\\Users\\uday5\\backEnd\\Fundoo_Note\\node_modules\\express\\lib\\router\\index.js:469:13)\n    at routes (C:\\Users\\uday5\\backEnd\\Fundoo_Note\\src\\routes\\/index.js:14:10)\n    at Object.<anonymous> (C:\\Users\\uday5\\backEnd\\Fundoo_Note\\src\\/index.js:32:38)\n    at Module._compile (node:internal/modules/cjs/loader:1376:14)\n    at Module._compile (C:\\Users\\uday5\\backEnd\\Fundoo_Note\\node_modules\\pirates\\lib\\index.js:117:24)\n    at Module._extensions..js (node:internal/modules/cjs/loader:1435:10)\n    at Object.newLoader [as .js] (C:\\Users\\uday5\\backEnd\\Fundoo_Note\\node_modules\\pirates\\lib\\index.js:121:7)\n    at Module.load (node:internal/modules/cjs/loader:1207:32)\n    at Function.Module._load (node:internal/modules/cjs/loader:1023:12)\n    at Function.runMain (node:internal/modules/run_main:135:12)\n    at Object.<anonymous> (C:\\Users\\uday5\\backEnd\\Fundoo_Note\\node_modules\\@babel\\node\\src\\_babel-node.ts:222:12)\n    at Module._compile (node:internal/modules/cjs/loader:1376:14)\n    at Object.Module._extensions..js (node:internal/modules/cjs/loader:1435:10)\n    at Module.load (node:internal/modules/cjs/loader:1207:32)\n    at Function.Module._load (node:internal/modules/cjs/loader:1023:12)\n    at Function.executeUserEntryPoint [as runMain] (node:internal/modules/run_main:135:12)\n    at node:internal/main/run_main_module:28:49","trace":[{"column":13,"file":"C:\\Users\\uday5\\backEnd\\Fundoo_Note\\node_modules\\express\\lib\\router\\index.js","function":"Function.use","line":469,"method":"use","native":false},{"column":10,"file":"C:\\Users\\uday5\\backEnd\\Fundoo_Note\\src\\routes\\/index.js","function":"routes","line":14,"method":null,"native":false},{"column":38,"file":"C:\\Users\\uday5\\backEnd\\Fundoo_Note\\src\\/index.js","function":null,"line":32,"method":null,"native":false},{"column":14,"file":"node:internal/modules/cjs/loader","function":"Module._compile","line":1376,"method":"_compile","native":false},{"column":24,"file":"C:\\Users\\uday5\\backEnd\\Fundoo_Note\\node_modules\\pirates\\lib\\index.js","function":"Module._compile","line":117,"method":"_compile","native":false},{"column":10,"file":"node:internal/modules/cjs/loader","function":"Module._extensions..js","line":1435,"method":".js","native":false},{"column":7,"file":"C:\\Users\\uday5\\backEnd\\Fundoo_Note\\node_modules\\pirates\\lib\\index.js","function":"Object.newLoader [as .js]","line":121,"method":"js]","native":false},{"column":32,"file":"node:internal/modules/cjs/loader","function":"Module.load","line":1207,"method":"load","native":false},{"column":12,"file":"node:internal/modules/cjs/loader","function":"Module._load","line":1023,"method":"_load","native":false},{"column":12,"file":"node:internal/modules/run_main","function":"Function.runMain","line":135,"method":"runMain","native":false},{"column":12,"file":"C:\\Users\\uday5\\backEnd\\Fundoo_Note\\node_modules\\@babel\\node\\src\\_babel-node.ts","function":null,"line":222,"method":null,"native":false},{"column":14,"file":"node:internal/modules/cjs/loader","function":"Module._compile","line":1376,"method":"_compile","native":false},{"column":10,"file":"node:internal/modules/cjs/loader","function":"Module._extensions..js","line":1435,"method":".js","native":false},{"column":32,"file":"node:internal/modules/cjs/loader","function":"Module.load","line":1207,"method":"load","native":false},{"column":12,"file":"node:internal/modules/cjs/loader","function":"Module._load","line":1023,"method":"_load","native":false},{"column":12,"file":"node:internal/modules/run_main","function":"Function.executeUserEntryPoint [as runMain]","line":135,"method":"executeUserEntryPoint [as runMain]","native":false},{"column":49,"file":"node:internal/main/run_main_module","function":null,"line":28,"method":null,"native":false}]}
error: uncaughtException: Router.use() requires a middleware function but got a Object
TypeError: Router.use() requires a middleware function but got a Object
    at Function.use (C:\Users\uday5\backEnd\Fundoo_Note\node_modules\express\lib\router\index.js:469:13)
    at routes (C:\Users\uday5\backEnd\Fundoo_Note\src\routes\/index.js:14:10)
    at Object.<anonymous> (C:\Users\uday5\backEnd\Fundoo_Note\src\/index.js:32:38)
    at Module._compile (node:internal/modules/cjs/loader:1376:14)
    at Module._compile (C:\Users\uday5\backEnd\Fundoo_Note\node_modules\pirates\lib\index.js:117:24)
    at Module._extensions..js (node:internal/modules/cjs/loader:1435:10)
    at Object.newLoader [as .js] (C:\Users\uday5\backEnd\Fundoo_Note\node_modules\pirates\lib\index.js:121:7)
    at Module.load (node:internal/modules/cjs/loader:1207:32)
    at Function.Module._load (node:internal/modules/cjs/loader:1023:12)
    at Function.runMain (node:internal/modules/run_main:135:12)
    at Object.<anonymous> (C:\Users\uday5\backEnd\Fundoo_Note\node_modules\@babel\node\src\_babel-node.ts:222:12)
    at Module._compile (node:internal/modules/cjs/loader:1376:14)
    at Object.Module._extensions..js (node:internal/modules/cjs/loader:1435:10)
    at Module.load (node:internal/modules/cjs/loader:1207:32)
    at Function.Module._load (node:internal/modules/cjs/loader:1023:12)
    at Function.executeUserEntryPoint [as runMain] (node:internal/modules/run_main:135:12)
    at node:internal/main/run_main_module:28:49 {"date":"Thu Dec 14 2023 13:13:43 GMT+0530 (India Standard Time)","error":{},"exception":true,"os":{"loadavg":[0,0,0],"uptime":4035629.703},"process":{"argv":["node","C:\\Users\\uday5\\backEnd\\Fundoo_Note\\src\\index.js"],"cwd":"C:\\Users\\uday5\\backEnd\\Fundoo_Note","execPath":"C:\\Program Files\\nodejs\\node.exe","gid":null,"memoryUsage":{"arrayBuffers":18274369,"external":21323330,"heapTotal":85131264,"heapUsed":48882768,"rss":121090048},"pid":28188,"uid":null,"version":"v20.10.0"},"stack":"TypeError: Router.use() requires a middleware function but got a Object\n    at Function.use (C:\\Users\\uday5\\backEnd\\Fundoo_Note\\node_modules\\express\\lib\\router\\index.js:469:13)\n    at routes (C:\\Users\\uday5\\backEnd\\Fundoo_Note\\src\\routes\\/index.js:14:10)\n    at Object.<anonymous> (C:\\Users\\uday5\\backEnd\\Fundoo_Note\\src\\/index.js:32:38)\n    at Module._compile (node:internal/modules/cjs/loader:1376:14)\n    at Module._compile (C:\\Users\\uday5\\backEnd\\Fundoo_Note\\node_modules\\pirates\\lib\\index.js:117:24)\n    at Module._extensions..js (node:internal/modules/cjs/loader:1435:10)\n    at Object.newLoader [as .js] (C:\\Users\\uday5\\backEnd\\Fundoo_Note\\node_modules\\pirates\\lib\\index.js:121:7)\n    at Module.load (node:internal/modules/cjs/loader:1207:32)\n    at Function.Module._load (node:internal/modules/cjs/loader:1023:12)\n    at Function.runMain (node:internal/modules/run_main:135:12)\n    at Object.<anonymous> (C:\\Users\\uday5\\backEnd\\Fundoo_Note\\node_modules\\@babel\\node\\src\\_babel-node.ts:222:12)\n    at Module._compile (node:internal/modules/cjs/loader:1376:14)\n    at Object.Module._extensions..js (node:internal/modules/cjs/loader:1435:10)\n    at Module.load (node:internal/modules/cjs/loader:1207:32)\n    at Function.Module._load (node:internal/modules/cjs/loader:1023:12)\n    at Function.executeUserEntryPoint [as runMain] (node:internal/modules/run_main:135:12)\n    at node:internal/main/run_main_module:28:49","trace":[{"column":13,"file":"C:\\Users\\uday5\\backEnd\\Fundoo_Note\\node_modules\\express\\lib\\router\\index.js","function":"Function.use","line":469,"method":"use","native":false},{"column":10,"file":"C:\\Users\\uday5\\backEnd\\Fundoo_Note\\src\\routes\\/index.js","function":"routes","line":14,"method":null,"native":false},{"column":38,"file":"C:\\Users\\uday5\\backEnd\\Fundoo_Note\\src\\/index.js","function":null,"line":32,"method":null,"native":false},{"column":14,"file":"node:internal/modules/cjs/loader","function":"Module._compile","line":1376,"method":"_compile","native":false},{"column":24,"file":"C:\\Users\\uday5\\backEnd\\Fundoo_Note\\node_modules\\pirates\\lib\\index.js","function":"Module._compile","line":117,"method":"_compile","native":false},{"column":10,"file":"node:internal/modules/cjs/loader","function":"Module._extensions..js","line":1435,"method":".js","native":false},{"column":7,"file":"C:\\Users\\uday5\\backEnd\\Fundoo_Note\\node_modules\\pirates\\lib\\index.js","function":"Object.newLoader [as .js]","line":121,"method":"js]","native":false},{"column":32,"file":"node:internal/modules/cjs/loader","function":"Module.load","line":1207,"method":"load","native":false},{"column":12,"file":"node:internal/modules/cjs/loader","function":"Module._load","line":1023,"method":"_load","native":false},{"column":12,"file":"node:internal/modules/run_main","function":"Function.runMain","line":135,"method":"runMain","native":false},{"column":12,"file":"C:\\Users\\uday5\\backEnd\\Fundoo_Note\\node_modules\\@babel\\node\\src\\_babel-node.ts","function":null,"line":222,"method":null,"native":false},{"column":14,"file":"node:internal/modules/cjs/loader","function":"Module._compile","line":1376,"method":"_compile","native":false},{"column":10,"file":"node:internal/modules/cjs/loader","function":"Module._extensions..js","line":1435,"method":".js","native":false},{"column":32,"file":"node:internal/modules/cjs/loader","function":"Module.load","line":1207,"method":"load","native":false},{"column":12,"file":"node:internal/modules/cjs/loader","function":"Module._load","line":1023,"method":"_load","native":false},{"column":12,"file":"node:internal/modules/run_main","function":"Function.executeUserEntryPoint [as runMain]","line":135,"method":"executeUserEntryPoint [as runMain]","native":false},{"column":49,"file":"node:internal/main/run_main_module","function":null,"line":28,"method":null,"native":false}]}
error: uncaughtException: Router.use() requires a middleware function but got a Object
TypeError: Router.use() requires a middleware function but got a Object
    at Function.use (C:\Users\uday5\backEnd\Fundoo_Note\node_modules\express\lib\router\index.js:469:13)
    at routes (C:\Users\uday5\backEnd\Fundoo_Note\src\routes\/index.js:14:10)
    at Object.<anonymous> (C:\Users\uday5\backEnd\Fundoo_Note\src\/index.js:32:38)
    at Module._compile (node:internal/modules/cjs/loader:1376:14)
    at Module._compile (C:\Users\uday5\backEnd\Fundoo_Note\node_modules\pirates\lib\index.js:117:24)
    at Module._extensions..js (node:internal/modules/cjs/loader:1435:10)
    at Object.newLoader [as .js] (C:\Users\uday5\backEnd\Fundoo_Note\node_modules\pirates\lib\index.js:121:7)
    at Module.load (node:internal/modules/cjs/loader:1207:32)
    at Function.Module._load (node:internal/modules/cjs/loader:1023:12)
    at Function.runMain (node:internal/modules/run_main:135:12)
    at Object.<anonymous> (C:\Users\uday5\backEnd\Fundoo_Note\node_modules\@babel\node\src\_babel-node.ts:222:12)
    at Module._compile (node:internal/modules/cjs/loader:1376:14)
    at Object.Module._extensions..js (node:internal/modules/cjs/loader:1435:10)
    at Module.load (node:internal/modules/cjs/loader:1207:32)
    at Function.Module._load (node:internal/modules/cjs/loader:1023:12)
    at Function.executeUserEntryPoint [as runMain] (node:internal/modules/run_main:135:12)
    at node:internal/main/run_main_module:28:49 {"date":"Thu Dec 14 2023 13:14:00 GMT+0530 (India Standard Time)","error":{},"exception":true,"os":{"loadavg":[0,0,0],"uptime":4035646.593},"process":{"argv":["node","C:\\Users\\uday5\\backEnd\\Fundoo_Note\\src\\index.js"],"cwd":"C:\\Users\\uday5\\backEnd\\Fundoo_Note","execPath":"C:\\Program Files\\nodejs\\node.exe","gid":null,"memoryUsage":{"arrayBuffers":18274369,"external":21323330,"heapTotal":83296256,"heapUsed":45031432,"rss":120283136},"pid":12548,"uid":null,"version":"v20.10.0"},"stack":"TypeError: Router.use() requires a middleware function but got a Object\n    at Function.use (C:\\Users\\uday5\\backEnd\\Fundoo_Note\\node_modules\\express\\lib\\router\\index.js:469:13)\n    at routes (C:\\Users\\uday5\\backEnd\\Fundoo_Note\\src\\routes\\/index.js:14:10)\n    at Object.<anonymous> (C:\\Users\\uday5\\backEnd\\Fundoo_Note\\src\\/index.js:32:38)\n    at Module._compile (node:internal/modules/cjs/loader:1376:14)\n    at Module._compile (C:\\Users\\uday5\\backEnd\\Fundoo_Note\\node_modules\\pirates\\lib\\index.js:117:24)\n    at Module._extensions..js (node:internal/modules/cjs/loader:1435:10)\n    at Object.newLoader [as .js] (C:\\Users\\uday5\\backEnd\\Fundoo_Note\\node_modules\\pirates\\lib\\index.js:121:7)\n    at Module.load (node:internal/modules/cjs/loader:1207:32)\n    at Function.Module._load (node:internal/modules/cjs/loader:1023:12)\n    at Function.runMain (node:internal/modules/run_main:135:12)\n    at Object.<anonymous> (C:\\Users\\uday5\\backEnd\\Fundoo_Note\\node_modules\\@babel\\node\\src\\_babel-node.ts:222:12)\n    at Module._compile (node:internal/modules/cjs/loader:1376:14)\n    at Object.Module._extensions..js (node:internal/modules/cjs/loader:1435:10)\n    at Module.load (node:internal/modules/cjs/loader:1207:32)\n    at Function.Module._load (node:internal/modules/cjs/loader:1023:12)\n    at Function.executeUserEntryPoint [as runMain] (node:internal/modules/run_main:135:12)\n    at node:internal/main/run_main_module:28:49","trace":[{"column":13,"file":"C:\\Users\\uday5\\backEnd\\Fundoo_Note\\node_modules\\express\\lib\\router\\index.js","function":"Function.use","line":469,"method":"use","native":false},{"column":10,"file":"C:\\Users\\uday5\\backEnd\\Fundoo_Note\\src\\routes\\/index.js","function":"routes","line":14,"method":null,"native":false},{"column":38,"file":"C:\\Users\\uday5\\backEnd\\Fundoo_Note\\src\\/index.js","function":null,"line":32,"method":null,"native":false},{"column":14,"file":"node:internal/modules/cjs/loader","function":"Module._compile","line":1376,"method":"_compile","native":false},{"column":24,"file":"C:\\Users\\uday5\\backEnd\\Fundoo_Note\\node_modules\\pirates\\lib\\index.js","function":"Module._compile","line":117,"method":"_compile","native":false},{"column":10,"file":"node:internal/modules/cjs/loader","function":"Module._extensions..js","line":1435,"method":".js","native":false},{"column":7,"file":"C:\\Users\\uday5\\backEnd\\Fundoo_Note\\node_modules\\pirates\\lib\\index.js","function":"Object.newLoader [as .js]","line":121,"method":"js]","native":false},{"column":32,"file":"node:internal/modules/cjs/loader","function":"Module.load","line":1207,"method":"load","native":false},{"column":12,"file":"node:internal/modules/cjs/loader","function":"Module._load","line":1023,"method":"_load","native":false},{"column":12,"file":"node:internal/modules/run_main","function":"Function.runMain","line":135,"method":"runMain","native":false},{"column":12,"file":"C:\\Users\\uday5\\backEnd\\Fundoo_Note\\node_modules\\@babel\\node\\src\\_babel-node.ts","function":null,"line":222,"method":null,"native":false},{"column":14,"file":"node:internal/modules/cjs/loader","function":"Module._compile","line":1376,"method":"_compile","native":false},{"column":10,"file":"node:internal/modules/cjs/loader","function":"Module._extensions..js","line":1435,"method":".js","native":false},{"column":32,"file":"node:internal/modules/cjs/loader","function":"Module.load","line":1207,"method":"load","native":false},{"column":12,"file":"node:internal/modules/cjs/loader","function":"Module._load","line":1023,"method":"_load","native":false},{"column":12,"file":"node:internal/modules/run_main","function":"Function.executeUserEntryPoint [as runMain]","line":135,"method":"executeUserEntryPoint [as runMain]","native":false},{"column":49,"file":"node:internal/main/run_main_module","function":null,"line":28,"method":null,"native":false}]}
error: uncaughtException: Router.use() requires a middleware function but got a Object
TypeError: Router.use() requires a middleware function but got a Object
    at Function.use (C:\Users\uday5\backEnd\Fundoo_Note\node_modules\express\lib\router\index.js:469:13)
    at routes (C:\Users\uday5\backEnd\Fundoo_Note\src\routes\/index.js:14:10)
    at Object.<anonymous> (C:\Users\uday5\backEnd\Fundoo_Note\src\/index.js:32:38)
    at Module._compile (node:internal/modules/cjs/loader:1376:14)
    at Module._compile (C:\Users\uday5\backEnd\Fundoo_Note\node_modules\pirates\lib\index.js:117:24)
    at Module._extensions..js (node:internal/modules/cjs/loader:1435:10)
    at Object.newLoader [as .js] (C:\Users\uday5\backEnd\Fundoo_Note\node_modules\pirates\lib\index.js:121:7)
    at Module.load (node:internal/modules/cjs/loader:1207:32)
    at Function.Module._load (node:internal/modules/cjs/loader:1023:12)
    at Function.runMain (node:internal/modules/run_main:135:12)
    at Object.<anonymous> (C:\Users\uday5\backEnd\Fundoo_Note\node_modules\@babel\node\src\_babel-node.ts:222:12)
    at Module._compile (node:internal/modules/cjs/loader:1376:14)
    at Object.Module._extensions..js (node:internal/modules/cjs/loader:1435:10)
    at Module.load (node:internal/modules/cjs/loader:1207:32)
    at Function.Module._load (node:internal/modules/cjs/loader:1023:12)
    at Function.executeUserEntryPoint [as runMain] (node:internal/modules/run_main:135:12)
    at node:internal/main/run_main_module:28:49 {"date":"Thu Dec 14 2023 13:15:13 GMT+0530 (India Standard Time)","error":{},"exception":true,"os":{"loadavg":[0,0,0],"uptime":4035719.765},"process":{"argv":["node","C:\\Users\\uday5\\backEnd\\Fundoo_Note\\src\\index.js"],"cwd":"C:\\Users\\uday5\\backEnd\\Fundoo_Note","execPath":"C:\\Program Files\\nodejs\\node.exe","gid":null,"memoryUsage":{"arrayBuffers":18274369,"external":21323330,"heapTotal":83558400,"heapUsed":44835480,"rss":120295424},"pid":17228,"uid":null,"version":"v20.10.0"},"stack":"TypeError: Router.use() requires a middleware function but got a Object\n    at Function.use (C:\\Users\\uday5\\backEnd\\Fundoo_Note\\node_modules\\express\\lib\\router\\index.js:469:13)\n    at routes (C:\\Users\\uday5\\backEnd\\Fundoo_Note\\src\\routes\\/index.js:14:10)\n    at Object.<anonymous> (C:\\Users\\uday5\\backEnd\\Fundoo_Note\\src\\/index.js:32:38)\n    at Module._compile (node:internal/modules/cjs/loader:1376:14)\n    at Module._compile (C:\\Users\\uday5\\backEnd\\Fundoo_Note\\node_modules\\pirates\\lib\\index.js:117:24)\n    at Module._extensions..js (node:internal/modules/cjs/loader:1435:10)\n    at Object.newLoader [as .js] (C:\\Users\\uday5\\backEnd\\Fundoo_Note\\node_modules\\pirates\\lib\\index.js:121:7)\n    at Module.load (node:internal/modules/cjs/loader:1207:32)\n    at Function.Module._load (node:internal/modules/cjs/loader:1023:12)\n    at Function.runMain (node:internal/modules/run_main:135:12)\n    at Object.<anonymous> (C:\\Users\\uday5\\backEnd\\Fundoo_Note\\node_modules\\@babel\\node\\src\\_babel-node.ts:222:12)\n    at Module._compile (node:internal/modules/cjs/loader:1376:14)\n    at Object.Module._extensions..js (node:internal/modules/cjs/loader:1435:10)\n    at Module.load (node:internal/modules/cjs/loader:1207:32)\n    at Function.Module._load (node:internal/modules/cjs/loader:1023:12)\n    at Function.executeUserEntryPoint [as runMain] (node:internal/modules/run_main:135:12)\n    at node:internal/main/run_main_module:28:49","trace":[{"column":13,"file":"C:\\Users\\uday5\\backEnd\\Fundoo_Note\\node_modules\\express\\lib\\router\\index.js","function":"Function.use","line":469,"method":"use","native":false},{"column":10,"file":"C:\\Users\\uday5\\backEnd\\Fundoo_Note\\src\\routes\\/index.js","function":"routes","line":14,"method":null,"native":false},{"column":38,"file":"C:\\Users\\uday5\\backEnd\\Fundoo_Note\\src\\/index.js","function":null,"line":32,"method":null,"native":false},{"column":14,"file":"node:internal/modules/cjs/loader","function":"Module._compile","line":1376,"method":"_compile","native":false},{"column":24,"file":"C:\\Users\\uday5\\backEnd\\Fundoo_Note\\node_modules\\pirates\\lib\\index.js","function":"Module._compile","line":117,"method":"_compile","native":false},{"column":10,"file":"node:internal/modules/cjs/loader","function":"Module._extensions..js","line":1435,"method":".js","native":false},{"column":7,"file":"C:\\Users\\uday5\\backEnd\\Fundoo_Note\\node_modules\\pirates\\lib\\index.js","function":"Object.newLoader [as .js]","line":121,"method":"js]","native":false},{"column":32,"file":"node:internal/modules/cjs/loader","function":"Module.load","line":1207,"method":"load","native":false},{"column":12,"file":"node:internal/modules/cjs/loader","function":"Module._load","line":1023,"method":"_load","native":false},{"column":12,"file":"node:internal/modules/run_main","function":"Function.runMain","line":135,"method":"runMain","native":false},{"column":12,"file":"C:\\Users\\uday5\\backEnd\\Fundoo_Note\\node_modules\\@babel\\node\\src\\_babel-node.ts","function":null,"line":222,"method":null,"native":false},{"column":14,"file":"node:internal/modules/cjs/loader","function":"Module._compile","line":1376,"method":"_compile","native":false},{"column":10,"file":"node:internal/modules/cjs/loader","function":"Module._extensions..js","line":1435,"method":".js","native":false},{"column":32,"file":"node:internal/modules/cjs/loader","function":"Module.load","line":1207,"method":"load","native":false},{"column":12,"file":"node:internal/modules/cjs/loader","function":"Module._load","line":1023,"method":"_load","native":false},{"column":12,"file":"node:internal/modules/run_main","function":"Function.executeUserEntryPoint [as runMain]","line":135,"method":"executeUserEntryPoint [as runMain]","native":false},{"column":49,"file":"node:internal/main/run_main_module","function":null,"line":28,"method":null,"native":false}]}
error: uncaughtException: Router.use() requires a middleware function but got a Object
TypeError: Router.use() requires a middleware function but got a Object
    at Function.use (C:\Users\uday5\backEnd\Fundoo_Note\node_modules\express\lib\router\index.js:469:13)
    at routes (C:\Users\uday5\backEnd\Fundoo_Note\src\routes\/index.js:14:10)
    at Object.<anonymous> (C:\Users\uday5\backEnd\Fundoo_Note\src\/index.js:32:38)
    at Module._compile (node:internal/modules/cjs/loader:1376:14)
    at Module._compile (C:\Users\uday5\backEnd\Fundoo_Note\node_modules\pirates\lib\index.js:117:24)
    at Module._extensions..js (node:internal/modules/cjs/loader:1435:10)
    at Object.newLoader [as .js] (C:\Users\uday5\backEnd\Fundoo_Note\node_modules\pirates\lib\index.js:121:7)
    at Module.load (node:internal/modules/cjs/loader:1207:32)
    at Function.Module._load (node:internal/modules/cjs/loader:1023:12)
    at Function.runMain (node:internal/modules/run_main:135:12)
    at Object.<anonymous> (C:\Users\uday5\backEnd\Fundoo_Note\node_modules\@babel\node\src\_babel-node.ts:222:12)
    at Module._compile (node:internal/modules/cjs/loader:1376:14)
    at Object.Module._extensions..js (node:internal/modules/cjs/loader:1435:10)
    at Module.load (node:internal/modules/cjs/loader:1207:32)
    at Function.Module._load (node:internal/modules/cjs/loader:1023:12)
    at Function.executeUserEntryPoint [as runMain] (node:internal/modules/run_main:135:12)
    at node:internal/main/run_main_module:28:49 {"date":"Thu Dec 14 2023 13:15:18 GMT+0530 (India Standard Time)","error":{},"exception":true,"os":{"loadavg":[0,0,0],"uptime":4035724.281},"process":{"argv":["node","C:\\Users\\uday5\\backEnd\\Fundoo_Note\\src\\index.js"],"cwd":"C:\\Users\\uday5\\backEnd\\Fundoo_Note","execPath":"C:\\Program Files\\nodejs\\node.exe","gid":null,"memoryUsage":{"arrayBuffers":18274365,"external":21323326,"heapTotal":86441984,"heapUsed":46042704,"rss":122822656},"pid":5752,"uid":null,"version":"v20.10.0"},"stack":"TypeError: Router.use() requires a middleware function but got a Object\n    at Function.use (C:\\Users\\uday5\\backEnd\\Fundoo_Note\\node_modules\\express\\lib\\router\\index.js:469:13)\n    at routes (C:\\Users\\uday5\\backEnd\\Fundoo_Note\\src\\routes\\/index.js:14:10)\n    at Object.<anonymous> (C:\\Users\\uday5\\backEnd\\Fundoo_Note\\src\\/index.js:32:38)\n    at Module._compile (node:internal/modules/cjs/loader:1376:14)\n    at Module._compile (C:\\Users\\uday5\\backEnd\\Fundoo_Note\\node_modules\\pirates\\lib\\index.js:117:24)\n    at Module._extensions..js (node:internal/modules/cjs/loader:1435:10)\n    at Object.newLoader [as .js] (C:\\Users\\uday5\\backEnd\\Fundoo_Note\\node_modules\\pirates\\lib\\index.js:121:7)\n    at Module.load (node:internal/modules/cjs/loader:1207:32)\n    at Function.Module._load (node:internal/modules/cjs/loader:1023:12)\n    at Function.runMain (node:internal/modules/run_main:135:12)\n    at Object.<anonymous> (C:\\Users\\uday5\\backEnd\\Fundoo_Note\\node_modules\\@babel\\node\\src\\_babel-node.ts:222:12)\n    at Module._compile (node:internal/modules/cjs/loader:1376:14)\n    at Object.Module._extensions..js (node:internal/modules/cjs/loader:1435:10)\n    at Module.load (node:internal/modules/cjs/loader:1207:32)\n    at Function.Module._load (node:internal/modules/cjs/loader:1023:12)\n    at Function.executeUserEntryPoint [as runMain] (node:internal/modules/run_main:135:12)\n    at node:internal/main/run_main_module:28:49","trace":[{"column":13,"file":"C:\\Users\\uday5\\backEnd\\Fundoo_Note\\node_modules\\express\\lib\\router\\index.js","function":"Function.use","line":469,"method":"use","native":false},{"column":10,"file":"C:\\Users\\uday5\\backEnd\\Fundoo_Note\\src\\routes\\/index.js","function":"routes","line":14,"method":null,"native":false},{"column":38,"file":"C:\\Users\\uday5\\backEnd\\Fundoo_Note\\src\\/index.js","function":null,"line":32,"method":null,"native":false},{"column":14,"file":"node:internal/modules/cjs/loader","function":"Module._compile","line":1376,"method":"_compile","native":false},{"column":24,"file":"C:\\Users\\uday5\\backEnd\\Fundoo_Note\\node_modules\\pirates\\lib\\index.js","function":"Module._compile","line":117,"method":"_compile","native":false},{"column":10,"file":"node:internal/modules/cjs/loader","function":"Module._extensions..js","line":1435,"method":".js","native":false},{"column":7,"file":"C:\\Users\\uday5\\backEnd\\Fundoo_Note\\node_modules\\pirates\\lib\\index.js","function":"Object.newLoader [as .js]","line":121,"method":"js]","native":false},{"column":32,"file":"node:internal/modules/cjs/loader","function":"Module.load","line":1207,"method":"load","native":false},{"column":12,"file":"node:internal/modules/cjs/loader","function":"Module._load","line":1023,"method":"_load","native":false},{"column":12,"file":"node:internal/modules/run_main","function":"Function.runMain","line":135,"method":"runMain","native":false},{"column":12,"file":"C:\\Users\\uday5\\backEnd\\Fundoo_Note\\node_modules\\@babel\\node\\src\\_babel-node.ts","function":null,"line":222,"method":null,"native":false},{"column":14,"file":"node:internal/modules/cjs/loader","function":"Module._compile","line":1376,"method":"_compile","native":false},{"column":10,"file":"node:internal/modules/cjs/loader","function":"Module._extensions..js","line":1435,"method":".js","native":false},{"column":32,"file":"node:internal/modules/cjs/loader","function":"Module.load","line":1207,"method":"load","native":false},{"column":12,"file":"node:internal/modules/cjs/loader","function":"Module._load","line":1023,"method":"_load","native":false},{"column":12,"file":"node:internal/modules/run_main","function":"Function.executeUserEntryPoint [as runMain]","line":135,"method":"executeUserEntryPoint [as runMain]","native":false},{"column":49,"file":"node:internal/main/run_main_module","function":null,"line":28,"method":null,"native":false}]}
error: uncaughtException: Router.use() requires a middleware function but got a Object
TypeError: Router.use() requires a middleware function but got a Object
    at Function.use (C:\Users\uday5\backEnd\Fundoo_Note\node_modules\express\lib\router\index.js:469:13)
    at routes (C:\Users\uday5\backEnd\Fundoo_Note\src\routes\/index.js:14:10)
    at Object.<anonymous> (C:\Users\uday5\backEnd\Fundoo_Note\src\/index.js:32:38)
    at Module._compile (node:internal/modules/cjs/loader:1376:14)
    at Module._compile (C:\Users\uday5\backEnd\Fundoo_Note\node_modules\pirates\lib\index.js:117:24)
    at Module._extensions..js (node:internal/modules/cjs/loader:1435:10)
    at Object.newLoader [as .js] (C:\Users\uday5\backEnd\Fundoo_Note\node_modules\pirates\lib\index.js:121:7)
    at Module.load (node:internal/modules/cjs/loader:1207:32)
    at Function.Module._load (node:internal/modules/cjs/loader:1023:12)
    at Function.runMain (node:internal/modules/run_main:135:12)
    at Object.<anonymous> (C:\Users\uday5\backEnd\Fundoo_Note\node_modules\@babel\node\src\_babel-node.ts:222:12)
    at Module._compile (node:internal/modules/cjs/loader:1376:14)
    at Object.Module._extensions..js (node:internal/modules/cjs/loader:1435:10)
    at Module.load (node:internal/modules/cjs/loader:1207:32)
    at Function.Module._load (node:internal/modules/cjs/loader:1023:12)
    at Function.executeUserEntryPoint [as runMain] (node:internal/modules/run_main:135:12)
    at node:internal/main/run_main_module:28:49 {"date":"Thu Dec 14 2023 13:15:22 GMT+0530 (India Standard Time)","error":{},"exception":true,"os":{"loadavg":[0,0,0],"uptime":4035728.109},"process":{"argv":["node","C:\\Users\\uday5\\backEnd\\Fundoo_Note\\src\\index.js"],"cwd":"C:\\Users\\uday5\\backEnd\\Fundoo_Note","execPath":"C:\\Program Files\\nodejs\\node.exe","gid":null,"memoryUsage":{"arrayBuffers":18274367,"external":21323328,"heapTotal":86704128,"heapUsed":54294856,"rss":123121664},"pid":4684,"uid":null,"version":"v20.10.0"},"stack":"TypeError: Router.use() requires a middleware function but got a Object\n    at Function.use (C:\\Users\\uday5\\backEnd\\Fundoo_Note\\node_modules\\express\\lib\\router\\index.js:469:13)\n    at routes (C:\\Users\\uday5\\backEnd\\Fundoo_Note\\src\\routes\\/index.js:14:10)\n    at Object.<anonymous> (C:\\Users\\uday5\\backEnd\\Fundoo_Note\\src\\/index.js:32:38)\n    at Module._compile (node:internal/modules/cjs/loader:1376:14)\n    at Module._compile (C:\\Users\\uday5\\backEnd\\Fundoo_Note\\node_modules\\pirates\\lib\\index.js:117:24)\n    at Module._extensions..js (node:internal/modules/cjs/loader:1435:10)\n    at Object.newLoader [as .js] (C:\\Users\\uday5\\backEnd\\Fundoo_Note\\node_modules\\pirates\\lib\\index.js:121:7)\n    at Module.load (node:internal/modules/cjs/loader:1207:32)\n    at Function.Module._load (node:internal/modules/cjs/loader:1023:12)\n    at Function.runMain (node:internal/modules/run_main:135:12)\n    at Object.<anonymous> (C:\\Users\\uday5\\backEnd\\Fundoo_Note\\node_modules\\@babel\\node\\src\\_babel-node.ts:222:12)\n    at Module._compile (node:internal/modules/cjs/loader:1376:14)\n    at Object.Module._extensions..js (node:internal/modules/cjs/loader:1435:10)\n    at Module.load (node:internal/modules/cjs/loader:1207:32)\n    at Function.Module._load (node:internal/modules/cjs/loader:1023:12)\n    at Function.executeUserEntryPoint [as runMain] (node:internal/modules/run_main:135:12)\n    at node:internal/main/run_main_module:28:49","trace":[{"column":13,"file":"C:\\Users\\uday5\\backEnd\\Fundoo_Note\\node_modules\\express\\lib\\router\\index.js","function":"Function.use","line":469,"method":"use","native":false},{"column":10,"file":"C:\\Users\\uday5\\backEnd\\Fundoo_Note\\src\\routes\\/index.js","function":"routes","line":14,"method":null,"native":false},{"column":38,"file":"C:\\Users\\uday5\\backEnd\\Fundoo_Note\\src\\/index.js","function":null,"line":32,"method":null,"native":false},{"column":14,"file":"node:internal/modules/cjs/loader","function":"Module._compile","line":1376,"method":"_compile","native":false},{"column":24,"file":"C:\\Users\\uday5\\backEnd\\Fundoo_Note\\node_modules\\pirates\\lib\\index.js","function":"Module._compile","line":117,"method":"_compile","native":false},{"column":10,"file":"node:internal/modules/cjs/loader","function":"Module._extensions..js","line":1435,"method":".js","native":false},{"column":7,"file":"C:\\Users\\uday5\\backEnd\\Fundoo_Note\\node_modules\\pirates\\lib\\index.js","function":"Object.newLoader [as .js]","line":121,"method":"js]","native":false},{"column":32,"file":"node:internal/modules/cjs/loader","function":"Module.load","line":1207,"method":"load","native":false},{"column":12,"file":"node:internal/modules/cjs/loader","function":"Module._load","line":1023,"method":"_load","native":false},{"column":12,"file":"node:internal/modules/run_main","function":"Function.runMain","line":135,"method":"runMain","native":false},{"column":12,"file":"C:\\Users\\uday5\\backEnd\\Fundoo_Note\\node_modules\\@babel\\node\\src\\_babel-node.ts","function":null,"line":222,"method":null,"native":false},{"column":14,"file":"node:internal/modules/cjs/loader","function":"Module._compile","line":1376,"method":"_compile","native":false},{"column":10,"file":"node:internal/modules/cjs/loader","function":"Module._extensions..js","line":1435,"method":".js","native":false},{"column":32,"file":"node:internal/modules/cjs/loader","function":"Module.load","line":1207,"method":"load","native":false},{"column":12,"file":"node:internal/modules/cjs/loader","function":"Module._load","line":1023,"method":"_load","native":false},{"column":12,"file":"node:internal/modules/run_main","function":"Function.executeUserEntryPoint [as runMain]","line":135,"method":"executeUserEntryPoint [as runMain]","native":false},{"column":49,"file":"node:internal/main/run_main_module","function":null,"line":28,"method":null,"native":false}]}
info: ::1 - - [14/Dec/2023:07:47:48 +0000] "POST /api/v1/users/ HTTP/1.1" 201 60 "-" "PostmanRuntime/7.36.0"

info: ::1 - - [14/Dec/2023:07:49:30 +0000] "POST /api/v1/users/ HTTP/1.1" 201 262 "-" "PostmanRuntime/7.36.0"

info: ::1 - - [14/Dec/2023:07:50:34 +0000] "GET /api/v1/users/ HTTP/1.1" 404 47 "-" "PostmanRuntime/7.36.0"

info: ::1 - - [14/Dec/2023:08:39:09 +0000] "POST /api/v1/users/ HTTP/1.1" 201 262 "-" "PostmanRuntime/7.36.0"

info: ::1 - - [14/Dec/2023:08:47:27 +0000] "POST /api/v1/users/ HTTP/1.1" 201 261 "-" "PostmanRuntime/7.36.0"

info: ::1 - - [14/Dec/2023:08:54:04 +0000] "POST /api/v1/users/ HTTP/1.1" 201 257 "-" "PostmanRuntime/7.36.0"

info: ::1 - - [14/Dec/2023:08:55:10 +0000] "POST /api/v1/users HTTP/1.1" 201 257 "-" "PostmanRuntime/7.36.0"

info: ::1 - - [14/Dec/2023:08:56:14 +0000] "POST /api/v1/users HTTP/1.1" 201 257 "-" "PostmanRuntime/7.36.0"

info: ::1 - - [14/Dec/2023:08:59:01 +0000] "POST /api/v1/users HTTP/1.1" 201 261 "-" "PostmanRuntime/7.36.0"

info: ::1 - - [14/Dec/2023:08:59:46 +0000] "POST /api/v1/users HTTP/1.1" 201 261 "-" "PostmanRuntime/7.36.0"

info: ::1 - - [14/Dec/2023:09:05:43 +0000] "POST /api/v1/users HTTP/1.1" 201 261 "-" "PostmanRuntime/7.36.0"

info: ::1 - - [14/Dec/2023:09:09:09 +0000] "POST /api/v1/users HTTP/1.1" 404 261 "-" "PostmanRuntime/7.36.0"

info: ::1 - - [14/Dec/2023:09:10:25 +0000] "POST /api/v1/users HTTP/1.1" 201 261 "-" "PostmanRuntime/7.36.0"

info: ::1 - - [14/Dec/2023:09:19:44 +0000] "POST /api/v1/users HTTP/1.1" 201 50 "-" "PostmanRuntime/7.36.0"

info: ::1 - - [14/Dec/2023:09:20:07 +0000] "POST /api/v1/users HTTP/1.1" 201 50 "-" "PostmanRuntime/7.36.0"

info: ::1 - - [14/Dec/2023:09:20:54 +0000] "POST /api/v1/users HTTP/1.1" 201 50 "-" "PostmanRuntime/7.36.0"

info: ::1 - - [14/Dec/2023:09:21:23 +0000] "POST /api/v1/users HTTP/1.1" 201 50 "-" "PostmanRuntime/7.36.0"

info: ::1 - - [14/Dec/2023:09:21:53 +0000] "POST /api/v1/users HTTP/1.1" 201 50 "-" "PostmanRuntime/7.36.0"

info: ::1 - - [14/Dec/2023:09:22:11 +0000] "POST /api/v1/users HTTP/1.1" 201 50 "-" "PostmanRuntime/7.36.0"

info: ::1 - - [14/Dec/2023:09:23:49 +0000] "POST /api/v1/users HTTP/1.1" 201 283 "-" "PostmanRuntime/7.36.0"

info: ::1 - - [14/Dec/2023:09:24:04 +0000] "POST /api/v1/users HTTP/1.1" 201 283 "-" "PostmanRuntime/7.36.0"

info: ::1 - - [14/Dec/2023:09:24:46 +0000] "POST /api/v1/users HTTP/1.1" 201 283 "-" "PostmanRuntime/7.36.0"

info: ::1 - - [14/Dec/2023:09:25:13 +0000] "POST /api/v1/users HTTP/1.1" 201 50 "-" "PostmanRuntime/7.36.0"

info: ::1 - - [14/Dec/2023:09:25:45 +0000] "POST /api/v1/users HTTP/1.1" 201 50 "-" "PostmanRuntime/7.36.0"

info: ::1 - - [14/Dec/2023:09:26:29 +0000] "POST /api/v1/users HTTP/1.1" 201 283 "-" "PostmanRuntime/7.36.0"

info: ::1 - - [14/Dec/2023:09:26:34 +0000] "POST /api/v1/users HTTP/1.1" 201 283 "-" "PostmanRuntime/7.36.0"

info: ::1 - - [14/Dec/2023:09:27:26 +0000] "POST /api/v1/users HTTP/1.1" 201 50 "-" "PostmanRuntime/7.36.0"

info: ::1 - - [14/Dec/2023:09:28:37 +0000] "POST /api/v1/users HTTP/1.1" 201 50 "-" "PostmanRuntime/7.36.0"

info: ::1 - - [14/Dec/2023:09:29:03 +0000] "POST /api/v1/users HTTP/1.1" 201 50 "-" "PostmanRuntime/7.36.0"

info: ::1 - - [14/Dec/2023:09:30:03 +0000] "POST /api/v1/users HTTP/1.1" 201 283 "-" "PostmanRuntime/7.36.0"

info: ::1 - - [14/Dec/2023:09:30:10 +0000] "POST /api/v1/users HTTP/1.1" 201 283 "-" "PostmanRuntime/7.36.0"

info: ::1 - - [14/Dec/2023:09:30:47 +0000] "POST /api/v1/users HTTP/1.1" 201 50 "-" "PostmanRuntime/7.36.0"

info: ::1 - - [14/Dec/2023:09:31:32 +0000] "POST /api/v1/users HTTP/1.1" 201 50 "-" "PostmanRuntime/7.36.0"

info: ::1 - - [14/Dec/2023:09:31:35 +0000] "POST /api/v1/users HTTP/1.1" 201 50 "-" "PostmanRuntime/7.36.0"

info: ::1 - - [14/Dec/2023:09:32:23 +0000] "POST /api/v1/users HTTP/1.1" 201 50 "-" "PostmanRuntime/7.36.0"

info: ::1 - - [14/Dec/2023:09:35:48 +0000] "POST /api/v1/users HTTP/1.1" 201 283 "-" "PostmanRuntime/7.36.0"

info: ::1 - - [14/Dec/2023:09:35:58 +0000] "POST /api/v1/users HTTP/1.1" 201 283 "-" "PostmanRuntime/7.36.0"

info: ::1 - - [14/Dec/2023:09:36:54 +0000] "POST /api/v1/users HTTP/1.1" 201 50 "-" "PostmanRuntime/7.36.0"

info: ::1 - - [14/Dec/2023:09:37:44 +0000] "POST /api/v1/users HTTP/1.1" 201 50 "-" "PostmanRuntime/7.36.0"

info: ::1 - - [14/Dec/2023:09:38:14 +0000] "POST /api/v1/users HTTP/1.1" 201 283 "-" "PostmanRuntime/7.36.0"

info: ::1 - - [14/Dec/2023:09:38:18 +0000] "POST /api/v1/users HTTP/1.1" 201 283 "-" "PostmanRuntime/7.36.0"

info: ::1 - - [14/Dec/2023:09:38:46 +0000] "POST /api/v1/users HTTP/1.1" 201 283 "-" "PostmanRuntime/7.36.0"

info: ::1 - - [14/Dec/2023:09:38:51 +0000] "POST /api/v1/users HTTP/1.1" 201 283 "-" "PostmanRuntime/7.36.0"

info: ::1 - - [14/Dec/2023:09:38:54 +0000] "POST /api/v1/users HTTP/1.1" 201 283 "-" "PostmanRuntime/7.36.0"

info: ::1 - - [14/Dec/2023:09:39:57 +0000] "POST /api/v1/users HTTP/1.1" 201 283 "-" "PostmanRuntime/7.36.0"

info: ::1 - - [14/Dec/2023:09:39:59 +0000] "POST /api/v1/users HTTP/1.1" 201 283 "-" "PostmanRuntime/7.36.0"

info: ::1 - - [14/Dec/2023:09:40:36 +0000] "POST /api/v1/users HTTP/1.1" 201 50 "-" "PostmanRuntime/7.36.0"

info: ::1 - - [14/Dec/2023:09:41:13 +0000] "POST /api/v1/users HTTP/1.1" 201 50 "-" "PostmanRuntime/7.36.0"

info: ::1 - - [14/Dec/2023:09:41:31 +0000] "POST /api/v1/users HTTP/1.1" 201 50 "-" "PostmanRuntime/7.36.0"

info: ::1 - - [14/Dec/2023:09:41:44 +0000] "POST /api/v1/users HTTP/1.1" 201 283 "-" "PostmanRuntime/7.36.0"

info: ::1 - - [14/Dec/2023:09:41:46 +0000] "POST /api/v1/users HTTP/1.1" 201 283 "-" "PostmanRuntime/7.36.0"

info: ::1 - - [14/Dec/2023:09:42:01 +0000] "POST /api/v1/users HTTP/1.1" 201 283 "-" "PostmanRuntime/7.36.0"

info: ::1 - - [14/Dec/2023:09:42:03 +0000] "POST /api/v1/users HTTP/1.1" 201 283 "-" "PostmanRuntime/7.36.0"

info: ::1 - - [14/Dec/2023:09:45:30 +0000] "POST /api/v1/users HTTP/1.1" 201 50 "-" "PostmanRuntime/7.36.0"

info: ::1 - - [14/Dec/2023:09:46:48 +0000] "POST /api/v1/users HTTP/1.1" 201 50 "-" "PostmanRuntime/7.36.0"

info: ::1 - - [14/Dec/2023:09:46:54 +0000] "POST /api/v1/users HTTP/1.1" 201 50 "-" "PostmanRuntime/7.36.0"

info: ::1 - - [14/Dec/2023:09:48:41 +0000] "POST /api/v1/users HTTP/1.1" 201 283 "-" "PostmanRuntime/7.36.0"

info: ::1 - - [14/Dec/2023:09:48:47 +0000] "POST /api/v1/users HTTP/1.1" 201 283 "-" "PostmanRuntime/7.36.0"

info: ::1 - - [14/Dec/2023:09:49:09 +0000] "POST /api/v1/users HTTP/1.1" 201 50 "-" "PostmanRuntime/7.36.0"

info: ::1 - - [14/Dec/2023:09:49:21 +0000] "POST /api/v1/users HTTP/1.1" 201 50 "-" "PostmanRuntime/7.36.0"

info: ::1 - - [14/Dec/2023:09:49:50 +0000] "POST /api/v1/users HTTP/1.1" 201 50 "-" "PostmanRuntime/7.36.0"

info: ::1 - - [14/Dec/2023:09:53:52 +0000] "POST /api/v1/users HTTP/1.1" 500 59 "-" "PostmanRuntime/7.36.0"

info: ::1 - - [14/Dec/2023:09:54:24 +0000] "POST /api/v1/users HTTP/1.1" 201 50 "-" "PostmanRuntime/7.36.0"

info: ::1 - - [14/Dec/2023:09:54:47 +0000] "POST /api/v1/users HTTP/1.1" 201 283 "-" "PostmanRuntime/7.36.0"

info: ::1 - - [14/Dec/2023:09:54:52 +0000] "POST /api/v1/users HTTP/1.1" 201 283 "-" "PostmanRuntime/7.36.0"

info: ::1 - - [14/Dec/2023:09:56:07 +0000] "POST /api/v1/users HTTP/1.1" 201 50 "-" "PostmanRuntime/7.36.0"

info: ::1 - - [14/Dec/2023:09:56:22 +0000] "POST /api/v1/users HTTP/1.1" 201 50 "-" "PostmanRuntime/7.36.0"

info: ::1 - - [14/Dec/2023:09:57:03 +0000] "POST /api/v1/users HTTP/1.1" 201 283 "-" "PostmanRuntime/7.36.0"

info: ::1 - - [14/Dec/2023:09:57:09 +0000] "POST /api/v1/users HTTP/1.1" 201 283 "-" "PostmanRuntime/7.36.0"

info: ::1 - - [14/Dec/2023:09:58:36 +0000] "POST /api/v1/users HTTP/1.1" 201 50 "-" "PostmanRuntime/7.36.0"

info: ::1 - - [14/Dec/2023:09:58:47 +0000] "POST /api/v1/users HTTP/1.1" 201 50 "-" "PostmanRuntime/7.36.0"

info: ::1 - - [14/Dec/2023:09:59:17 +0000] "POST /api/v1/users HTTP/1.1" 201 50 "-" "PostmanRuntime/7.36.0"

info: ::1 - - [14/Dec/2023:10:00:13 +0000] "POST /api/v1/users HTTP/1.1" 201 283 "-" "PostmanRuntime/7.36.0"

info: ::1 - - [14/Dec/2023:10:00:16 +0000] "POST /api/v1/users HTTP/1.1" 201 50 "-" "PostmanRuntime/7.36.0"

info: ::1 - - [14/Dec/2023:10:00:28 +0000] "POST /api/v1/users HTTP/1.1" 201 50 "-" "PostmanRuntime/7.36.0"

info: ::1 - - [14/Dec/2023:10:00:37 +0000] "POST /api/v1/users HTTP/1.1" 201 283 "-" "PostmanRuntime/7.36.0"

info: ::1 - - [14/Dec/2023:10:04:30 +0000] "POST /api/v1/users HTTP/1.1" 201 282 "-" "PostmanRuntime/7.36.0"

info: ::1 - - [14/Dec/2023:10:04:35 +0000] "POST /api/v1/users HTTP/1.1" 201 49 "-" "PostmanRuntime/7.36.0"

info: ::1 - - [14/Dec/2023:10:05:17 +0000] "POST /api/v1/users HTTP/1.1" 201 49 "-" "PostmanRuntime/7.36.0"

info: ::1 - - [14/Dec/2023:10:05:18 +0000] "POST /api/v1/users HTTP/1.1" 201 49 "-" "PostmanRuntime/7.36.0"

info: ::1 - - [14/Dec/2023:10:05:48 +0000] "POST /api/v1/users HTTP/1.1" 201 44 "-" "PostmanRuntime/7.36.0"

info: ::1 - - [14/Dec/2023:10:06:58 +0000] "POST /api/v1/users HTTP/1.1" 201 282 "-" "PostmanRuntime/7.36.0"

info: ::1 - - [14/Dec/2023:10:07:06 +0000] "POST /api/v1/users HTTP/1.1" 201 44 "-" "PostmanRuntime/7.36.0"

info: ::1 - - [14/Dec/2023:10:07:35 +0000] "POST /api/v1/users HTTP/1.1" 201 284 "-" "PostmanRuntime/7.36.0"

info: ::1 - - [14/Dec/2023:10:08:48 +0000] "POST /api/v1/users HTTP/1.1" 201 44 "-" "PostmanRuntime/7.36.0"

info: ::1 - - [14/Dec/2023:10:09:03 +0000] "POST /api/v1/users HTTP/1.1" 201 284 "-" "PostmanRuntime/7.36.0"

info: ::1 - - [14/Dec/2023:10:09:06 +0000] "POST /api/v1/users HTTP/1.1" 201 44 "-" "PostmanRuntime/7.36.0"

info: ::1 - - [14/Dec/2023:10:10:39 +0000] "POST /api/v1/users HTTP/1.1" 500 54 "-" "PostmanRuntime/7.36.0"

info: ::1 - - [14/Dec/2023:10:11:34 +0000] "POST /api/v1/users HTTP/1.1" 201 284 "-" "PostmanRuntime/7.36.0"

info: ::1 - - [14/Dec/2023:10:11:35 +0000] "POST /api/v1/users HTTP/1.1" 201 44 "-" "PostmanRuntime/7.36.0"

info: ::1 - - [14/Dec/2023:10:26:10 +0000] "POST /api/v1/users HTTP/1.1" 201 278 "-" "PostmanRuntime/7.36.0"

info: ::1 - - [14/Dec/2023:10:26:38 +0000] "POST /api/v1/users HTTP/1.1" 201 284 "-" "PostmanRuntime/7.36.0"

info: ::1 - - [14/Dec/2023:10:26:46 +0000] "POST /api/v1/users HTTP/1.1" 201 43 "-" "PostmanRuntime/7.36.0"

info: ::1 - - [14/Dec/2023:10:27:16 +0000] "POST /api/v1/users HTTP/1.1" 201 282 "-" "PostmanRuntime/7.36.0"

info: ::1 - - [14/Dec/2023:10:29:11 +0000] "POST /api/v1/users HTTP/1.1" 201 276 "-" "PostmanRuntime/7.36.0"

info: ::1 - - [14/Dec/2023:10:30:10 +0000] "POST /api/v1/users HTTP/1.1" 201 278 "-" "PostmanRuntime/7.36.0"

info: ::1 - - [14/Dec/2023:10:30:44 +0000] "POST /api/v1/users HTTP/1.1" 201 285 "-" "PostmanRuntime/7.36.0"

info: ::1 - - [14/Dec/2023:10:30:54 +0000] "POST /api/v1/users HTTP/1.1" 201 45 "-" "PostmanRuntime/7.36.0"

